#
# There is insufficient memory for the Java Runtime Environment to continue.
# Native memory allocation (malloc) failed to allocate 863696 bytes. Error detail: Chunk::new
# Possible reasons:
#   The system is out of physical RAM or swap space
#   This process is running with CompressedOops enabled, and the Java Heap may be blocking the growth of the native heap
# Possible solutions:
#   Reduce memory load on the system
#   Increase physical memory or swap space
#   Check if swap backing store is full
#   Decrease Java heap size (-Xmx/-Xms)
#   Decrease number of Java threads
#   Decrease Java thread stack sizes (-Xss)
#   Set larger code cache with -XX:ReservedCodeCacheSize=
#   JVM is running with Zero Based Compressed Oops mode in which the Java heap is
#     placed in the first 32GB address space. The Java Heap base address is the
#     maximum limit for the native heap growth. Please use -XX:HeapBaseMinAddress
#     to set the Java Heap base and to place the Java Heap above 32GB virtual address.
# This output file may be truncated or incomplete.
#
#  Out of Memory Error (arena.cpp:168), pid=190588, tid=190440
#
# JRE version: OpenJDK Runtime Environment Microsoft-11369940 (21.0.7+6) (build 21.0.7+6-LTS)
# Java VM: OpenJDK 64-Bit Server VM Microsoft-11369940 (21.0.7+6-LTS, mixed mode, tiered, compressed oops, compressed class ptrs, g1 gc, windows-amd64)
# No core dump will be written. Minidumps are not enabled by default on client versions of Windows
#

---------------  S U M M A R Y ------------

Command Line: -Dapplication.home=C:\Users\Power User\AppData\Roaming\PrismLauncher\java\java-runtime-delta --add-modules=ALL-DEFAULT -Xms8m -Djdk.module.main=jdk.compiler jdk.compiler/com.sun.tools.javac.Main @C:\baritone-minefix\build\javac_args.txt

Host: AMD Ryzen 9 7945HX with Radeon Graphics        , 32 cores, 31G,  Windows 11 , 64 bit Build 26100 (10.0.26100.8521)
Time: Thu Jun 11 18:03:12 2026 Eastern Daylight Time elapsed time: 11.926891 seconds (0d 0h 0m 11s)

---------------  T H R E A D  ---------------

Current thread (0x0000013311453fd0):  JavaThread "C2 CompilerThread2" daemon [_thread_in_native, id=190440, stack(0x0000001ba1e00000,0x0000001ba1f00000) (1024K)]


Current CompileTask:
C2:11927 5488       4       com.sun.tools.javac.code.Types::union (134 bytes)

Stack: [0x0000001ba1e00000,0x0000001ba1f00000]
Native frames: (J=compiled Java code, j=interpreted, Vv=VM code, C=native code)
V  [jvm.dll+0x6d4bb9]
V  [jvm.dll+0x8afa11]
V  [jvm.dll+0x8b1f3e]
V  [jvm.dll+0x8b2623]
V  [jvm.dll+0x280816]
V  [jvm.dll+0xc52bd]
V  [jvm.dll+0xc57f3]
V  [jvm.dll+0x3bbd22]
V  [jvm.dll+0x1e0645]
V  [jvm.dll+0x248573]
V  [jvm.dll+0x2479df]
V  [jvm.dll+0x1c7aaf]
V  [jvm.dll+0x257819]
V  [jvm.dll+0x255bca]
V  [jvm.dll+0x3f5af6]
V  [jvm.dll+0x85916b]
V  [jvm.dll+0x6d327d]
C  [ucrtbase.dll+0x2cd30]
C  [KERNEL32.DLL+0x2e957]
C  [ntdll.dll+0x87c1c]


---------------  P R O C E S S  ---------------

Threads class SMR info:
_java_thread_list=0x0000013311701ef0, length=22, elements={
0x00000133688f5dd0, 0x000001330c57a9f0, 0x000001330c5bff50, 0x000001330c59e120,
0x000001330c59e780, 0x000001330c59ef90, 0x000001330c59f7a0, 0x000001330c5dd0b0,
0x000001330c5e6920, 0x000001330c7157b0, 0x000001330c6e7060, 0x000001330c8cbfe0,
0x0000013311ab8a40, 0x0000013311453fd0, 0x00000133118d1e50, 0x0000013311163d70,
0x0000013311162900, 0x0000013311161490, 0x0000013311162230, 0x000001331776d770,
0x000001331776c9d0, 0x000001331776d0a0
}

Java Threads: ( => current thread )
  0x00000133688f5dd0 JavaThread "main"                              [_thread_in_Java, id=190600, stack(0x0000001b9f700000,0x0000001b9f800000) (1024K)]
  0x000001330c57a9f0 JavaThread "Reference Handler"          daemon [_thread_blocked, id=189764, stack(0x0000001b9ff00000,0x0000001ba0000000) (1024K)]
  0x000001330c5bff50 JavaThread "Finalizer"                  daemon [_thread_blocked, id=175680, stack(0x0000001ba0000000,0x0000001ba0100000) (1024K)]
  0x000001330c59e120 JavaThread "Signal Dispatcher"          daemon [_thread_blocked, id=192012, stack(0x0000001ba0100000,0x0000001ba0200000) (1024K)]
  0x000001330c59e780 JavaThread "Attach Listener"            daemon [_thread_blocked, id=191964, stack(0x0000001ba0200000,0x0000001ba0300000) (1024K)]
  0x000001330c59ef90 JavaThread "Service Thread"             daemon [_thread_blocked, id=192008, stack(0x0000001ba0300000,0x0000001ba0400000) (1024K)]
  0x000001330c59f7a0 JavaThread "Monitor Deflation Thread"   daemon [_thread_blocked, id=192004, stack(0x0000001ba0400000,0x0000001ba0500000) (1024K)]
  0x000001330c5dd0b0 JavaThread "C2 CompilerThread0"         daemon [_thread_blocked, id=192000, stack(0x0000001ba0500000,0x0000001ba0600000) (1024K)]
  0x000001330c5e6920 JavaThread "C1 CompilerThread0"         daemon [_thread_blocked, id=191996, stack(0x0000001ba0600000,0x0000001ba0700000) (1024K)]
  0x000001330c7157b0 JavaThread "Common-Cleaner"             daemon [_thread_blocked, id=192020, stack(0x0000001ba0700000,0x0000001ba0800000) (1024K)]
  0x000001330c6e7060 JavaThread "C1 CompilerThread1"         daemon [_thread_blocked, id=179320, stack(0x0000001ba0800000,0x0000001ba0900000) (1024K)]
  0x000001330c8cbfe0 JavaThread "Notification Thread"        daemon [_thread_blocked, id=191524, stack(0x0000001ba0b00000,0x0000001ba0c00000) (1024K)]
  0x0000013311ab8a40 JavaThread "C2 CompilerThread1"         daemon [_thread_blocked, id=191080, stack(0x0000001ba1d00000,0x0000001ba1e00000) (1024K)]
=>0x0000013311453fd0 JavaThread "C2 CompilerThread2"         daemon [_thread_in_native, id=190440, stack(0x0000001ba1e00000,0x0000001ba1f00000) (1024K)]
  0x00000133118d1e50 JavaThread "C1 CompilerThread2"         daemon [_thread_blocked, id=170160, stack(0x0000001ba1f00000,0x0000001ba2000000) (1024K)]
  0x0000013311163d70 JavaThread "C1 CompilerThread3"         daemon [_thread_blocked, id=190292, stack(0x0000001ba2200000,0x0000001ba2300000) (1024K)]
  0x0000013311162900 JavaThread "C1 CompilerThread4"         daemon [_thread_blocked, id=67148, stack(0x0000001ba2300000,0x0000001ba2400000) (1024K)]
  0x0000013311161490 JavaThread "C2 CompilerThread3"         daemon [_thread_blocked, id=64244, stack(0x0000001ba2400000,0x0000001ba2500000) (1024K)]
  0x0000013311162230 JavaThread "C2 CompilerThread4"         daemon [_thread_blocked, id=184928, stack(0x0000001ba2500000,0x0000001ba2600000) (1024K)]
  0x000001331776d770 JavaThread "C2 CompilerThread5"         daemon [_thread_blocked, id=187980, stack(0x0000001ba2600000,0x0000001ba2700000) (1024K)]
  0x000001331776c9d0 JavaThread "C2 CompilerThread6"         daemon [_thread_in_vm, id=190612, stack(0x0000001ba2700000,0x0000001ba2800000) (1024K)]
  0x000001331776d0a0 JavaThread "C2 CompilerThread7"         daemon [_thread_blocked, id=183864, stack(0x0000001ba2800000,0x0000001ba2900000) (1024K)]
Total: 22

Other Threads:
  0x000001337ffeaf40 VMThread "VM Thread"                           [id=184140, stack(0x0000001b9fe00000,0x0000001b9ff00000) (1024K)]
  0x000001337ff9f450 WatcherThread "VM Periodic Task Thread"        [id=187028, stack(0x0000001b9fd00000,0x0000001b9fe00000) (1024K)]
  0x000001336aeb6530 WorkerThread "GC Thread#0"                     [id=191088, stack(0x0000001b9f800000,0x0000001b9f900000) (1024K)]
  0x0000013311119510 WorkerThread "GC Thread#1"                     [id=192032, stack(0x0000001ba0c00000,0x0000001ba0d00000) (1024K)]
  0x00000133110e6fc0 WorkerThread "GC Thread#2"                     [id=190164, stack(0x0000001ba0d00000,0x0000001ba0e00000) (1024K)]
  0x00000133110e7360 WorkerThread "GC Thread#3"                     [id=189716, stack(0x0000001ba0e00000,0x0000001ba0f00000) (1024K)]
  0x000001331195e6a0 WorkerThread "GC Thread#4"                     [id=182260, stack(0x0000001ba1000000,0x0000001ba1100000) (1024K)]
  0x000001331195e300 WorkerThread "GC Thread#5"                     [id=189284, stack(0x0000001ba1100000,0x0000001ba1200000) (1024K)]
  0x000001331195d480 WorkerThread "GC Thread#6"                     [id=191144, stack(0x0000001ba2000000,0x0000001ba2100000) (1024K)]
  0x000001331195d820 WorkerThread "GC Thread#7"                     [id=190352, stack(0x0000001ba2100000,0x0000001ba2200000) (1024K)]
  0x000001331195dbc0 WorkerThread "GC Thread#8"                     [id=188972, stack(0x0000001ba1200000,0x0000001ba1300000) (1024K)]
  0x000001331195df60 WorkerThread "GC Thread#9"                     [id=187864, stack(0x0000001ba1300000,0x0000001ba1400000) (1024K)]
  0x0000013315d84910 WorkerThread "GC Thread#10"                    [id=185140, stack(0x0000001ba1400000,0x0000001ba1500000) (1024K)]
  0x0000013315d84570 WorkerThread "GC Thread#11"                    [id=190488, stack(0x0000001ba1a00000,0x0000001ba1b00000) (1024K)]
  0x0000013315d84cb0 WorkerThread "GC Thread#12"                    [id=189896, stack(0x0000001ba0900000,0x0000001ba0a00000) (1024K)]
  0x0000013315d83a90 WorkerThread "GC Thread#13"                    [id=166652, stack(0x0000001ba0a00000,0x0000001ba0b00000) (1024K)]
  0x0000013315d85050 WorkerThread "GC Thread#14"                    [id=182220, stack(0x0000001ba0f00000,0x0000001ba1000000) (1024K)]
  0x0000013315d836f0 WorkerThread "GC Thread#15"                    [id=191132, stack(0x0000001ba1b00000,0x0000001ba1c00000) (1024K)]
  0x0000013315d83e30 WorkerThread "GC Thread#16"                    [id=189464, stack(0x0000001ba1c00000,0x0000001ba1d00000) (1024K)]
  0x000001336aec72a0 ConcurrentGCThread "G1 Main Marker"            [id=189504, stack(0x0000001b9f900000,0x0000001b9fa00000) (1024K)]
  0x000001336aec8910 WorkerThread "G1 Conc#0"                       [id=189680, stack(0x0000001b9fa00000,0x0000001b9fb00000) (1024K)]
  0x00000133116e9e40 WorkerThread "G1 Conc#1"                       [id=189676, stack(0x0000001ba1500000,0x0000001ba1600000) (1024K)]
  0x00000133119dca60 WorkerThread "G1 Conc#2"                       [id=191568, stack(0x0000001ba1600000,0x0000001ba1700000) (1024K)]
  0x000001331148ebf0 WorkerThread "G1 Conc#3"                       [id=177472, stack(0x0000001ba1700000,0x0000001ba1800000) (1024K)]
  0x00000133114d1ec0 WorkerThread "G1 Conc#4"                       [id=189608, stack(0x0000001ba1800000,0x0000001ba1900000) (1024K)]
  0x00000133114d2260 WorkerThread "G1 Conc#5"                       [id=169024, stack(0x0000001ba1900000,0x0000001ba1a00000) (1024K)]
  0x000001337fe73dd0 ConcurrentGCThread "G1 Refine#0"               [id=189956, stack(0x0000001b9fb00000,0x0000001b9fc00000) (1024K)]
  0x000001337fe75400 ConcurrentGCThread "G1 Service"                [id=177160, stack(0x0000001b9fc00000,0x0000001b9fd00000) (1024K)]
Total: 28

Threads with active compile tasks:
C2 CompilerThread1  12036 5821   !   4       com.sun.tools.javac.code.Types$12::visitClassType (229 bytes)
C2 CompilerThread2  12036 5488       4       com.sun.tools.javac.code.Types::union (134 bytes)
C1 CompilerThread2  12036 5824       3       com.sun.tools.javac.comp.Attr::visitReturn (366 bytes)
C1 CompilerThread3  12036 5823       3       com.sun.tools.javac.code.Types::isSubtype (183 bytes)
C2 CompilerThread3  12036 5827       4       com.sun.tools.javac.code.Type::equalsIgnoreMetadata (12 bytes)
C2 CompilerThread4  12036 5826       4       com.sun.tools.javac.comp.Check::checkType (168 bytes)
C2 CompilerThread6  12036 5820       4       com.sun.tools.javac.code.Types$12::visitClassType (10 bytes)
Total: 7

VM state: not at safepoint (normal execution)

VM Mutex/Monitor currently owned by a thread:  ([mutex/lock_event])
[0x00007ffcb4964ff8] MethodCompileQueue_lock - owner thread: 0x0000013311163d70
[0x00007ffcb4966378] CodeCache_lock - owner thread: 0x0000013311163d70
[0x00007ffcb49664f8] Compile_lock - owner thread: 0x0000013311163d70

Heap address: 0x000000060c800000, size: 7992 MB, Compressed Oops mode: Zero based, Oop shift amount: 3

CDS archive(s) not mapped
Compressed class space mapped at: 0x0000000800000000-0x0000000840000000, reserved size: 1073741824
Narrow klass base: 0x0000000800000000, Narrow klass shift: 0, Narrow klass range: 0x40000000

GC Precious Log:
 CardTable entry size: 512
 Card Set container configuration: InlinePtr #cards 4 size 8 Array Of Cards #cards 32 size 80 Howl #buckets 8 coarsen threshold 7372 Howl Bitmap #cards 1024 size 144 coarsen threshold 921 Card regions per heap region 1 cards per card region 8192
 CPUs: 32 total, 32 available
 Memory: 31962M
 Large Page Support: Disabled
 NUMA Support: Disabled
 Compressed Oops: Enabled (Zero based)
 Heap Region Size: 4M
 Heap Min Capacity: 8M
 Heap Initial Capacity: 8M
 Heap Max Capacity: 7992M
 Pre-touch: Disabled
 Parallel Workers: 23
 Concurrent Workers: 6
 Concurrent Refinement Workers: 23
 Periodic GC: Disabled

Heap:
 garbage-first heap   total 757760K, used 594309K [0x000000060c800000, 0x0000000800000000)
  region size 4096K, 23 young (94208K), 5 survivors (20480K)
 Metaspace       used 22270K, committed 22592K, reserved 1114112K
  class space    used 2067K, committed 2240K, reserved 1048576K

Heap Regions: E=young(eden), S=young(survivor), O=old, HS=humongous(starts), HC=humongous(continues), CS=collection set, F=free, TAMS=top-at-mark-start, PB=parsable bottom
|   0|0x000000060c800000, 0x000000060cc00000, 0x000000060cc00000|100%| O|  |TAMS 0x000000060c800000| PB 0x000000060c800000| Untracked 
|   1|0x000000060cc00000, 0x000000060d000000, 0x000000060d000000|100%| O|  |TAMS 0x000000060cc00000| PB 0x000000060cc00000| Untracked 
|   2|0x000000060d000000, 0x000000060d400000, 0x000000060d400000|100%|HS|  |TAMS 0x000000060d000000| PB 0x000000060d000000| Complete 
|   3|0x000000060d400000, 0x000000060d800000, 0x000000060d800000|100%|HS|  |TAMS 0x000000060d400000| PB 0x000000060d400000| Complete 
|   4|0x000000060d800000, 0x000000060dc00000, 0x000000060dc00000|100%|HC|  |TAMS 0x000000060d800000| PB 0x000000060d800000| Complete 
|   5|0x000000060dc00000, 0x000000060e000000, 0x000000060e000000|100%|HS|  |TAMS 0x000000060dc00000| PB 0x000000060dc00000| Complete 
|   6|0x000000060e000000, 0x000000060e400000, 0x000000060e400000|100%|HS|  |TAMS 0x000000060e000000| PB 0x000000060e000000| Complete 
|   7|0x000000060e400000, 0x000000060e800000, 0x000000060e800000|100%| O|  |TAMS 0x000000060e400000| PB 0x000000060e400000| Untracked 
|   8|0x000000060e800000, 0x000000060ec00000, 0x000000060ec00000|100%| O|  |TAMS 0x000000060e800000| PB 0x000000060e800000| Untracked 
|   9|0x000000060ec00000, 0x000000060f000000, 0x000000060f000000|100%|HS|  |TAMS 0x000000060ec00000| PB 0x000000060ec00000| Complete 
|  10|0x000000060f000000, 0x000000060f400000, 0x000000060f400000|100%| O|  |TAMS 0x000000060f000000| PB 0x000000060f000000| Untracked 
|  11|0x000000060f400000, 0x000000060f800000, 0x000000060f800000|100%| O|  |TAMS 0x000000060f400000| PB 0x000000060f400000| Untracked 
|  12|0x000000060f800000, 0x000000060fc00000, 0x000000060fc00000|100%|HS|  |TAMS 0x000000060f800000| PB 0x000000060f800000| Complete 
|  13|0x000000060fc00000, 0x0000000610000000, 0x0000000610000000|100%|HS|  |TAMS 0x000000060fc00000| PB 0x000000060fc00000| Complete 
|  14|0x0000000610000000, 0x0000000610400000, 0x0000000610400000|100%| O|  |TAMS 0x0000000610000000| PB 0x0000000610000000| Untracked 
|  15|0x0000000610400000, 0x0000000610800000, 0x0000000610800000|100%|HS|  |TAMS 0x0000000610400000| PB 0x0000000610400000| Complete 
|  16|0x0000000610800000, 0x0000000610c00000, 0x0000000610c00000|100%|HC|  |TAMS 0x0000000610800000| PB 0x0000000610800000| Complete 
|  17|0x0000000610c00000, 0x0000000611000000, 0x0000000611000000|100%|HS|  |TAMS 0x0000000610c00000| PB 0x0000000610c00000| Complete 
|  18|0x0000000611000000, 0x0000000611400000, 0x0000000611400000|100%|HC|  |TAMS 0x0000000611000000| PB 0x0000000611000000| Complete 
|  19|0x0000000611400000, 0x0000000611800000, 0x0000000611800000|100%| O|  |TAMS 0x0000000611400000| PB 0x0000000611400000| Untracked 
|  20|0x0000000611800000, 0x0000000611c00000, 0x0000000611c00000|100%| O|  |TAMS 0x0000000611800000| PB 0x0000000611800000| Untracked 
|  21|0x0000000611c00000, 0x0000000612000000, 0x0000000612000000|100%| O|  |TAMS 0x0000000611c00000| PB 0x0000000611c00000| Untracked 
|  22|0x0000000612000000, 0x0000000612400000, 0x0000000612400000|100%| O|  |TAMS 0x0000000612000000| PB 0x0000000612000000| Untracked 
|  23|0x0000000612400000, 0x0000000612800000, 0x0000000612800000|100%| O|  |TAMS 0x0000000612400000| PB 0x0000000612400000| Untracked 
|  24|0x0000000612800000, 0x0000000612c00000, 0x0000000612c00000|100%|HS|  |TAMS 0x0000000612800000| PB 0x0000000612800000| Complete 
|  25|0x0000000612c00000, 0x0000000613000000, 0x0000000613000000|100%|HS|  |TAMS 0x0000000612c00000| PB 0x0000000612c00000| Complete 
|  26|0x0000000613000000, 0x0000000613400000, 0x0000000613400000|100%| O|  |TAMS 0x0000000613000000| PB 0x0000000613000000| Untracked 
|  27|0x0000000613400000, 0x0000000613800000, 0x0000000613800000|100%| O|  |TAMS 0x0000000613400000| PB 0x0000000613400000| Untracked 
|  28|0x0000000613800000, 0x0000000613c00000, 0x0000000613c00000|100%| O|  |TAMS 0x0000000613800000| PB 0x0000000613800000| Untracked 
|  29|0x0000000613c00000, 0x0000000614000000, 0x0000000614000000|100%| O|  |TAMS 0x0000000613c00000| PB 0x0000000613c00000| Untracked 
|  30|0x0000000614000000, 0x0000000614400000, 0x0000000614400000|100%| O|  |TAMS 0x0000000614000000| PB 0x0000000614000000| Untracked 
|  31|0x0000000614400000, 0x0000000614800000, 0x0000000614800000|100%| O|  |TAMS 0x0000000614400000| PB 0x0000000614400000| Untracked 
|  32|0x0000000614800000, 0x0000000614c00000, 0x0000000614c00000|100%| O|  |TAMS 0x0000000614800000| PB 0x0000000614800000| Untracked 
|  33|0x0000000614c00000, 0x0000000615000000, 0x0000000615000000|100%| O|  |TAMS 0x0000000614c00000| PB 0x0000000614c00000| Untracked 
|  34|0x0000000615000000, 0x0000000615400000, 0x0000000615400000|100%| O|  |TAMS 0x0000000615000000| PB 0x0000000615000000| Untracked 
|  35|0x0000000615400000, 0x0000000615800000, 0x0000000615800000|100%| O|  |TAMS 0x0000000615400000| PB 0x0000000615400000| Untracked 
|  36|0x0000000615800000, 0x0000000615c00000, 0x0000000615c00000|100%| O|  |TAMS 0x0000000615800000| PB 0x0000000615800000| Untracked 
|  37|0x0000000615c00000, 0x0000000616000000, 0x0000000616000000|100%| O|  |TAMS 0x0000000615c00000| PB 0x0000000615c00000| Untracked 
|  38|0x0000000616000000, 0x0000000616400000, 0x0000000616400000|100%|HS|  |TAMS 0x0000000616000000| PB 0x0000000616000000| Complete 
|  39|0x0000000616400000, 0x0000000616800000, 0x0000000616800000|100%| O|  |TAMS 0x0000000616400000| PB 0x0000000616400000| Untracked 
|  40|0x0000000616800000, 0x0000000616c00000, 0x0000000616c00000|100%| O|  |TAMS 0x0000000616800000| PB 0x0000000616800000| Untracked 
|  41|0x0000000616c00000, 0x0000000617000000, 0x0000000617000000|100%| O|  |TAMS 0x0000000616c00000| PB 0x0000000616c00000| Untracked 
|  42|0x0000000617000000, 0x0000000617400000, 0x0000000617400000|100%|HS|  |TAMS 0x0000000617000000| PB 0x0000000617000000| Complete 
|  43|0x0000000617400000, 0x0000000617400000, 0x0000000617800000|  0%| F|  |TAMS 0x0000000617400000| PB 0x0000000617400000| Untracked 
|  44|0x0000000617800000, 0x0000000617c00000, 0x0000000617c00000|100%| O|  |TAMS 0x0000000617800000| PB 0x0000000617800000| Untracked 
|  45|0x0000000617c00000, 0x0000000618000000, 0x0000000618000000|100%| O|  |TAMS 0x0000000617c00000| PB 0x0000000617c00000| Untracked 
|  46|0x0000000618000000, 0x0000000618400000, 0x0000000618400000|100%| O|  |TAMS 0x0000000618000000| PB 0x0000000618000000| Untracked 
|  47|0x0000000618400000, 0x0000000618800000, 0x0000000618800000|100%| O|  |TAMS 0x0000000618400000| PB 0x0000000618400000| Untracked 
|  48|0x0000000618800000, 0x0000000618c00000, 0x0000000618c00000|100%| O|  |TAMS 0x0000000618800000| PB 0x0000000618800000| Untracked 
|  49|0x0000000618c00000, 0x0000000619000000, 0x0000000619000000|100%| O|  |TAMS 0x0000000618c00000| PB 0x0000000618c00000| Untracked 
|  50|0x0000000619000000, 0x0000000619400000, 0x0000000619400000|100%|HS|  |TAMS 0x0000000619000000| PB 0x0000000619000000| Complete 
|  51|0x0000000619400000, 0x0000000619800000, 0x0000000619800000|100%|HC|  |TAMS 0x0000000619400000| PB 0x0000000619400000| Complete 
|  52|0x0000000619800000, 0x0000000619c00000, 0x0000000619c00000|100%| O|  |TAMS 0x0000000619800000| PB 0x0000000619800000| Untracked 
|  53|0x0000000619c00000, 0x000000061a000000, 0x000000061a000000|100%| O|  |TAMS 0x0000000619c00000| PB 0x0000000619c00000| Untracked 
|  54|0x000000061a000000, 0x000000061a400000, 0x000000061a400000|100%| O|  |TAMS 0x000000061a000000| PB 0x000000061a000000| Untracked 
|  55|0x000000061a400000, 0x000000061a800000, 0x000000061a800000|100%| O|  |TAMS 0x000000061a400000| PB 0x000000061a400000| Untracked 
|  56|0x000000061a800000, 0x000000061ac00000, 0x000000061ac00000|100%| O|  |TAMS 0x000000061a800000| PB 0x000000061a800000| Untracked 
|  57|0x000000061ac00000, 0x000000061b000000, 0x000000061b000000|100%| O|  |TAMS 0x000000061ac00000| PB 0x000000061ac00000| Untracked 
|  58|0x000000061b000000, 0x000000061b400000, 0x000000061b400000|100%| O|  |TAMS 0x000000061b000000| PB 0x000000061b000000| Untracked 
|  59|0x000000061b400000, 0x000000061b800000, 0x000000061b800000|100%|HS|  |TAMS 0x000000061b400000| PB 0x000000061b400000| Complete 
|  60|0x000000061b800000, 0x000000061bc00000, 0x000000061bc00000|100%|HC|  |TAMS 0x000000061b800000| PB 0x000000061b800000| Complete 
|  61|0x000000061bc00000, 0x000000061c000000, 0x000000061c000000|100%| O|  |TAMS 0x000000061bc00000| PB 0x000000061bc00000| Untracked 
|  62|0x000000061c000000, 0x000000061c400000, 0x000000061c400000|100%| O|  |TAMS 0x000000061c000000| PB 0x000000061c000000| Untracked 
|  63|0x000000061c400000, 0x000000061c800000, 0x000000061c800000|100%| O|  |TAMS 0x000000061c400000| PB 0x000000061c400000| Untracked 
|  64|0x000000061c800000, 0x000000061cc00000, 0x000000061cc00000|100%| O|  |TAMS 0x000000061c800000| PB 0x000000061c800000| Untracked 
|  65|0x000000061cc00000, 0x000000061d000000, 0x000000061d000000|100%| O|  |TAMS 0x000000061cc00000| PB 0x000000061cc00000| Untracked 
|  66|0x000000061d000000, 0x000000061d400000, 0x000000061d400000|100%| O|  |TAMS 0x000000061d000000| PB 0x000000061d000000| Untracked 
|  67|0x000000061d400000, 0x000000061d800000, 0x000000061d800000|100%| O|  |TAMS 0x000000061d400000| PB 0x000000061d400000| Untracked 
|  68|0x000000061d800000, 0x000000061dc00000, 0x000000061dc00000|100%|HS|  |TAMS 0x000000061d800000| PB 0x000000061d800000| Complete 
|  69|0x000000061dc00000, 0x000000061e000000, 0x000000061e000000|100%|HC|  |TAMS 0x000000061dc00000| PB 0x000000061dc00000| Complete 
|  70|0x000000061e000000, 0x000000061e400000, 0x000000061e400000|100%|HS|  |TAMS 0x000000061e000000| PB 0x000000061e000000| Complete 
|  71|0x000000061e400000, 0x000000061e800000, 0x000000061e800000|100%| O|  |TAMS 0x000000061e400000| PB 0x000000061e400000| Untracked 
|  72|0x000000061e800000, 0x000000061ec00000, 0x000000061ec00000|100%| O|  |TAMS 0x000000061e800000| PB 0x000000061e800000| Untracked 
|  73|0x000000061ec00000, 0x000000061f000000, 0x000000061f000000|100%| O|  |TAMS 0x000000061ec00000| PB 0x000000061ec00000| Untracked 
|  74|0x000000061f000000, 0x000000061f400000, 0x000000061f400000|100%| O|  |TAMS 0x000000061f000000| PB 0x000000061f000000| Untracked 
|  75|0x000000061f400000, 0x000000061f800000, 0x000000061f800000|100%| O|  |TAMS 0x000000061f400000| PB 0x000000061f400000| Untracked 
|  76|0x000000061f800000, 0x000000061fc00000, 0x000000061fc00000|100%| O|  |TAMS 0x000000061f800000| PB 0x000000061f800000| Untracked 
|  77|0x000000061fc00000, 0x0000000620000000, 0x0000000620000000|100%| O|  |TAMS 0x000000061fc00000| PB 0x000000061fc00000| Untracked 
|  78|0x0000000620000000, 0x0000000620400000, 0x0000000620400000|100%|HS|  |TAMS 0x0000000620000000| PB 0x0000000620000000| Complete 
|  79|0x0000000620400000, 0x0000000620800000, 0x0000000620800000|100%| O|  |TAMS 0x0000000620400000| PB 0x0000000620400000| Untracked 
|  80|0x0000000620800000, 0x0000000620c00000, 0x0000000620c00000|100%| O|  |TAMS 0x0000000620800000| PB 0x0000000620800000| Untracked 
|  81|0x0000000620c00000, 0x0000000621000000, 0x0000000621000000|100%| O|  |TAMS 0x0000000620c00000| PB 0x0000000620c00000| Untracked 
|  82|0x0000000621000000, 0x0000000621400000, 0x0000000621400000|100%| O|  |TAMS 0x0000000621000000| PB 0x0000000621000000| Untracked 
|  83|0x0000000621400000, 0x0000000621800000, 0x0000000621800000|100%| O|  |TAMS 0x0000000621400000| PB 0x0000000621400000| Untracked 
|  84|0x0000000621800000, 0x0000000621c00000, 0x0000000621c00000|100%| O|  |TAMS 0x0000000621800000| PB 0x0000000621800000| Untracked 
|  85|0x0000000621c00000, 0x0000000622000000, 0x0000000622000000|100%| O|  |TAMS 0x0000000621c00000| PB 0x0000000621c00000| Untracked 
|  86|0x0000000622000000, 0x0000000622400000, 0x0000000622400000|100%| O|  |TAMS 0x0000000622000000| PB 0x0000000622000000| Untracked 
|  87|0x0000000622400000, 0x0000000622800000, 0x0000000622800000|100%| O|  |TAMS 0x0000000622400000| PB 0x0000000622400000| Untracked 
|  88|0x0000000622800000, 0x0000000622c00000, 0x0000000622c00000|100%| O|  |TAMS 0x0000000622800000| PB 0x0000000622800000| Untracked 
|  89|0x0000000622c00000, 0x0000000623000000, 0x0000000623000000|100%|HS|  |TAMS 0x0000000622c00000| PB 0x0000000622c00000| Complete 
|  90|0x0000000623000000, 0x0000000623400000, 0x0000000623400000|100%| O|  |TAMS 0x0000000623000000| PB 0x0000000623000000| Untracked 
|  91|0x0000000623400000, 0x0000000623800000, 0x0000000623800000|100%| O|  |TAMS 0x0000000623400000| PB 0x0000000623400000| Untracked 
|  92|0x0000000623800000, 0x0000000623c00000, 0x0000000623c00000|100%| O|  |TAMS 0x0000000623800000| PB 0x0000000623800000| Untracked 
|  93|0x0000000623c00000, 0x0000000624000000, 0x0000000624000000|100%| O|  |TAMS 0x0000000623c00000| PB 0x0000000623c00000| Untracked 
|  94|0x0000000624000000, 0x0000000624400000, 0x0000000624400000|100%| O|  |TAMS 0x0000000624000000| PB 0x0000000624000000| Untracked 
|  95|0x0000000624400000, 0x0000000624800000, 0x0000000624800000|100%| O|  |TAMS 0x0000000624400000| PB 0x0000000624400000| Untracked 
|  96|0x0000000624800000, 0x0000000624c00000, 0x0000000624c00000|100%| O|  |TAMS 0x0000000624800000| PB 0x0000000624800000| Untracked 
|  97|0x0000000624c00000, 0x0000000624c00000, 0x0000000625000000|  0%| F|  |TAMS 0x0000000624c00000| PB 0x0000000624c00000| Untracked 
|  98|0x0000000625000000, 0x0000000625400000, 0x0000000625400000|100%|HS|  |TAMS 0x0000000625000000| PB 0x0000000625000000| Complete 
|  99|0x0000000625400000, 0x0000000625800000, 0x0000000625800000|100%| O|  |TAMS 0x0000000625400000| PB 0x0000000625400000| Untracked 
| 100|0x0000000625800000, 0x0000000625c00000, 0x0000000625c00000|100%| O|  |TAMS 0x0000000625800000| PB 0x0000000625800000| Untracked 
| 101|0x0000000625c00000, 0x0000000626000000, 0x0000000626000000|100%| O|  |TAMS 0x0000000625c00000| PB 0x0000000625c00000| Untracked 
| 102|0x0000000626000000, 0x0000000626400000, 0x0000000626400000|100%| O|  |TAMS 0x0000000626000000| PB 0x0000000626000000| Untracked 
| 103|0x0000000626400000, 0x0000000626800000, 0x0000000626800000|100%| O|  |TAMS 0x0000000626400000| PB 0x0000000626400000| Untracked 
| 104|0x0000000626800000, 0x0000000626c00000, 0x0000000626c00000|100%| O|  |TAMS 0x0000000626800000| PB 0x0000000626800000| Untracked 
| 105|0x0000000626c00000, 0x0000000627000000, 0x0000000627000000|100%|HS|  |TAMS 0x0000000626c00000| PB 0x0000000626c00000| Complete 
| 106|0x0000000627000000, 0x0000000627400000, 0x0000000627400000|100%| O|  |TAMS 0x0000000627000000| PB 0x0000000627000000| Untracked 
| 107|0x0000000627400000, 0x0000000627800000, 0x0000000627800000|100%| O|  |TAMS 0x0000000627400000| PB 0x0000000627400000| Untracked 
| 108|0x0000000627800000, 0x0000000627c00000, 0x0000000627c00000|100%| O|  |TAMS 0x0000000627800000| PB 0x0000000627800000| Untracked 
| 109|0x0000000627c00000, 0x0000000628000000, 0x0000000628000000|100%| O|  |TAMS 0x0000000627c00000| PB 0x0000000627c00000| Untracked 
| 110|0x0000000628000000, 0x0000000628400000, 0x0000000628400000|100%| O|  |TAMS 0x0000000628000000| PB 0x0000000628000000| Untracked 
| 111|0x0000000628400000, 0x0000000628800000, 0x0000000628800000|100%| O|  |TAMS 0x0000000628400000| PB 0x0000000628400000| Untracked 
| 112|0x0000000628800000, 0x0000000628c00000, 0x0000000628c00000|100%| O|  |TAMS 0x0000000628800000| PB 0x0000000628800000| Untracked 
| 113|0x0000000628c00000, 0x0000000629000000, 0x0000000629000000|100%| O|  |TAMS 0x0000000628c00000| PB 0x0000000628c00000| Untracked 
| 114|0x0000000629000000, 0x0000000629400000, 0x0000000629400000|100%| O|  |TAMS 0x0000000629000000| PB 0x0000000629000000| Untracked 
| 115|0x0000000629400000, 0x0000000629800000, 0x0000000629800000|100%| O|  |TAMS 0x0000000629400000| PB 0x0000000629400000| Untracked 
| 116|0x0000000629800000, 0x0000000629c00000, 0x0000000629c00000|100%| O|  |TAMS 0x0000000629800000| PB 0x0000000629800000| Untracked 
| 117|0x0000000629c00000, 0x000000062a000000, 0x000000062a000000|100%| O|  |TAMS 0x0000000629c00000| PB 0x0000000629c00000| Untracked 
| 118|0x000000062a000000, 0x000000062a400000, 0x000000062a400000|100%| O|  |TAMS 0x000000062a000000| PB 0x000000062a000000| Untracked 
| 119|0x000000062a400000, 0x000000062a800000, 0x000000062a800000|100%| O|  |TAMS 0x000000062a400000| PB 0x000000062a400000| Untracked 
| 120|0x000000062a800000, 0x000000062ac00000, 0x000000062ac00000|100%| O|  |TAMS 0x000000062a800000| PB 0x000000062a800000| Untracked 
| 121|0x000000062ac00000, 0x000000062b000000, 0x000000062b000000|100%| O|  |TAMS 0x000000062ac00000| PB 0x000000062ac00000| Untracked 
| 122|0x000000062b000000, 0x000000062b0616b0, 0x000000062b400000|  9%| O|  |TAMS 0x000000062b000000| PB 0x000000062b000000| Untracked 
| 123|0x000000062b400000, 0x000000062b400000, 0x000000062b800000|  0%| F|  |TAMS 0x000000062b400000| PB 0x000000062b400000| Untracked 
| 124|0x000000062b800000, 0x000000062b800000, 0x000000062bc00000|  0%| F|  |TAMS 0x000000062b800000| PB 0x000000062b800000| Untracked 
| 125|0x000000062bc00000, 0x000000062bc00000, 0x000000062c000000|  0%| F|  |TAMS 0x000000062bc00000| PB 0x000000062bc00000| Untracked 
| 126|0x000000062c000000, 0x000000062c000000, 0x000000062c400000|  0%| F|  |TAMS 0x000000062c000000| PB 0x000000062c000000| Untracked 
| 127|0x000000062c400000, 0x000000062c400000, 0x000000062c800000|  0%| F|  |TAMS 0x000000062c400000| PB 0x000000062c400000| Untracked 
| 128|0x000000062c800000, 0x000000062c800000, 0x000000062cc00000|  0%| F|  |TAMS 0x000000062c800000| PB 0x000000062c800000| Untracked 
| 129|0x000000062cc00000, 0x000000062cc00000, 0x000000062d000000|  0%| F|  |TAMS 0x000000062cc00000| PB 0x000000062cc00000| Untracked 
| 130|0x000000062d000000, 0x000000062d000000, 0x000000062d400000|  0%| F|  |TAMS 0x000000062d000000| PB 0x000000062d000000| Untracked 
| 131|0x000000062d400000, 0x000000062d400000, 0x000000062d800000|  0%| F|  |TAMS 0x000000062d400000| PB 0x000000062d400000| Untracked 
| 132|0x000000062d800000, 0x000000062d800000, 0x000000062dc00000|  0%| F|  |TAMS 0x000000062d800000| PB 0x000000062d800000| Untracked 
| 133|0x000000062dc00000, 0x000000062dc00000, 0x000000062e000000|  0%| F|  |TAMS 0x000000062dc00000| PB 0x000000062dc00000| Untracked 
| 134|0x000000062e000000, 0x000000062e000000, 0x000000062e400000|  0%| F|  |TAMS 0x000000062e000000| PB 0x000000062e000000| Untracked 
| 135|0x000000062e400000, 0x000000062e400000, 0x000000062e800000|  0%| F|  |TAMS 0x000000062e400000| PB 0x000000062e400000| Untracked 
| 136|0x000000062e800000, 0x000000062e800000, 0x000000062ec00000|  0%| F|  |TAMS 0x000000062e800000| PB 0x000000062e800000| Untracked 
| 137|0x000000062ec00000, 0x000000062ec00000, 0x000000062f000000|  0%| F|  |TAMS 0x000000062ec00000| PB 0x000000062ec00000| Untracked 
| 138|0x000000062f000000, 0x000000062f000000, 0x000000062f400000|  0%| F|  |TAMS 0x000000062f000000| PB 0x000000062f000000| Untracked 
| 139|0x000000062f400000, 0x000000062f400000, 0x000000062f800000|  0%| F|  |TAMS 0x000000062f400000| PB 0x000000062f400000| Untracked 
| 140|0x000000062f800000, 0x000000062f800000, 0x000000062fc00000|  0%| F|  |TAMS 0x000000062f800000| PB 0x000000062f800000| Untracked 
| 141|0x000000062fc00000, 0x0000000630000000, 0x0000000630000000|100%| S|CS|TAMS 0x000000062fc00000| PB 0x000000062fc00000| Complete 
| 142|0x0000000630000000, 0x0000000630400000, 0x0000000630400000|100%| S|CS|TAMS 0x0000000630000000| PB 0x0000000630000000| Complete 
| 143|0x0000000630400000, 0x0000000630800000, 0x0000000630800000|100%| S|CS|TAMS 0x0000000630400000| PB 0x0000000630400000| Complete 
| 144|0x0000000630800000, 0x0000000630c00000, 0x0000000630c00000|100%| S|CS|TAMS 0x0000000630800000| PB 0x0000000630800000| Complete 
| 145|0x0000000630c00000, 0x0000000631000000, 0x0000000631000000|100%| S|CS|TAMS 0x0000000630c00000| PB 0x0000000630c00000| Complete 
| 146|0x0000000631000000, 0x0000000631000000, 0x0000000631400000|  0%| F|  |TAMS 0x0000000631000000| PB 0x0000000631000000| Untracked 
| 147|0x0000000631400000, 0x0000000631400000, 0x0000000631800000|  0%| F|  |TAMS 0x0000000631400000| PB 0x0000000631400000| Untracked 
| 148|0x0000000631800000, 0x0000000631800000, 0x0000000631c00000|  0%| F|  |TAMS 0x0000000631800000| PB 0x0000000631800000| Untracked 
| 149|0x0000000631c00000, 0x0000000631c00000, 0x0000000632000000|  0%| F|  |TAMS 0x0000000631c00000| PB 0x0000000631c00000| Untracked 
| 150|0x0000000632000000, 0x0000000632000000, 0x0000000632400000|  0%| F|  |TAMS 0x0000000632000000| PB 0x0000000632000000| Untracked 
| 151|0x0000000632400000, 0x0000000632400000, 0x0000000632800000|  0%| F|  |TAMS 0x0000000632400000| PB 0x0000000632400000| Untracked 
| 152|0x0000000632800000, 0x0000000632800000, 0x0000000632c00000|  0%| F|  |TAMS 0x0000000632800000| PB 0x0000000632800000| Untracked 
| 153|0x0000000632c00000, 0x0000000632c00000, 0x0000000633000000|  0%| F|  |TAMS 0x0000000632c00000| PB 0x0000000632c00000| Untracked 
| 154|0x0000000633000000, 0x0000000633000000, 0x0000000633400000|  0%| F|  |TAMS 0x0000000633000000| PB 0x0000000633000000| Untracked 
| 155|0x0000000633400000, 0x0000000633400000, 0x0000000633800000|  0%| F|  |TAMS 0x0000000633400000| PB 0x0000000633400000| Untracked 
| 156|0x0000000633800000, 0x0000000633800000, 0x0000000633c00000|  0%| F|  |TAMS 0x0000000633800000| PB 0x0000000633800000| Untracked 
| 157|0x0000000633c00000, 0x0000000633c00000, 0x0000000634000000|  0%| F|  |TAMS 0x0000000633c00000| PB 0x0000000633c00000| Untracked 
| 158|0x0000000634000000, 0x0000000634000000, 0x0000000634400000|  0%| F|  |TAMS 0x0000000634000000| PB 0x0000000634000000| Untracked 
| 159|0x0000000634400000, 0x0000000634400000, 0x0000000634800000|  0%| F|  |TAMS 0x0000000634400000| PB 0x0000000634400000| Untracked 
| 160|0x0000000634800000, 0x0000000634800000, 0x0000000634c00000|  0%| F|  |TAMS 0x0000000634800000| PB 0x0000000634800000| Untracked 
| 161|0x0000000634c00000, 0x0000000634c00000, 0x0000000635000000|  0%| F|  |TAMS 0x0000000634c00000| PB 0x0000000634c00000| Untracked 
| 162|0x0000000635000000, 0x0000000635000000, 0x0000000635400000|  0%| F|  |TAMS 0x0000000635000000| PB 0x0000000635000000| Untracked 
| 163|0x0000000635400000, 0x00000006355f0018, 0x0000000635800000| 48%| E|  |TAMS 0x0000000635400000| PB 0x0000000635400000| Complete 
| 164|0x0000000635800000, 0x0000000635c00000, 0x0000000635c00000|100%| E|CS|TAMS 0x0000000635800000| PB 0x0000000635800000| Complete 
| 165|0x0000000635c00000, 0x0000000636000000, 0x0000000636000000|100%| E|CS|TAMS 0x0000000635c00000| PB 0x0000000635c00000| Complete 
| 166|0x0000000636000000, 0x0000000636400000, 0x0000000636400000|100%| E|CS|TAMS 0x0000000636000000| PB 0x0000000636000000| Complete 
| 167|0x0000000636400000, 0x0000000636800000, 0x0000000636800000|100%| E|CS|TAMS 0x0000000636400000| PB 0x0000000636400000| Complete 
| 168|0x0000000636800000, 0x0000000636c00000, 0x0000000636c00000|100%| E|CS|TAMS 0x0000000636800000| PB 0x0000000636800000| Complete 
| 169|0x0000000636c00000, 0x0000000637000000, 0x0000000637000000|100%| E|CS|TAMS 0x0000000636c00000| PB 0x0000000636c00000| Complete 
| 170|0x0000000637000000, 0x0000000637400000, 0x0000000637400000|100%| E|CS|TAMS 0x0000000637000000| PB 0x0000000637000000| Complete 
| 171|0x0000000637400000, 0x0000000637800000, 0x0000000637800000|100%| E|CS|TAMS 0x0000000637400000| PB 0x0000000637400000| Complete 
| 172|0x0000000637800000, 0x0000000637c00000, 0x0000000637c00000|100%| E|CS|TAMS 0x0000000637800000| PB 0x0000000637800000| Complete 
| 173|0x0000000637c00000, 0x0000000638000000, 0x0000000638000000|100%| E|CS|TAMS 0x0000000637c00000| PB 0x0000000637c00000| Complete 
| 174|0x0000000638000000, 0x0000000638400000, 0x0000000638400000|100%| E|CS|TAMS 0x0000000638000000| PB 0x0000000638000000| Complete 
| 175|0x0000000638400000, 0x0000000638800000, 0x0000000638800000|100%| E|CS|TAMS 0x0000000638400000| PB 0x0000000638400000| Complete 
| 176|0x0000000638800000, 0x0000000638c00000, 0x0000000638c00000|100%| E|CS|TAMS 0x0000000638800000| PB 0x0000000638800000| Complete 
| 177|0x0000000638c00000, 0x0000000639000000, 0x0000000639000000|100%| E|CS|TAMS 0x0000000638c00000| PB 0x0000000638c00000| Complete 
| 178|0x0000000639000000, 0x0000000639400000, 0x0000000639400000|100%| E|CS|TAMS 0x0000000639000000| PB 0x0000000639000000| Complete 
| 179|0x0000000639400000, 0x0000000639800000, 0x0000000639800000|100%| E|CS|TAMS 0x0000000639400000| PB 0x0000000639400000| Complete 
| 180|0x0000000639800000, 0x0000000639c00000, 0x0000000639c00000|100%| E|CS|TAMS 0x0000000639800000| PB 0x0000000639800000| Complete 
|1994|0x00000007ff000000, 0x00000007ff400000, 0x00000007ff400000|100%| O|  |TAMS 0x00000007ff000000| PB 0x00000007ff000000| Untracked 
|1995|0x00000007ff400000, 0x00000007ff800000, 0x00000007ff800000|100%| O|  |TAMS 0x00000007ff400000| PB 0x00000007ff400000| Untracked 
|1996|0x00000007ff800000, 0x00000007ffc00000, 0x00000007ffc00000|100%| O|  |TAMS 0x00000007ff800000| PB 0x00000007ff800000| Untracked 
|1997|0x00000007ffc00000, 0x0000000800000000, 0x0000000800000000|100%| E|CS|TAMS 0x00000007ffc00000| PB 0x00000007ffc00000| Complete 

Card table byte_map: [0x0000013300000000,0x0000013300fa0000] _byte_map_base: 0x00000132fcf9c000

Marking Bits: (CMBitMap*) 0x000001336aeb6c30
 Bits: [0x0000013300fa0000, 0x0000013308c80000)

Polling page: 0x00000133688b0000

Metaspace:

Usage:
  Non-class:     19.75 MB used.
      Class:      2.02 MB used.
       Both:     21.77 MB used.

Virtual space:
  Non-class space:       64.00 MB reserved,      19.88 MB ( 31%) committed,  1 nodes.
      Class space:        1.00 GB reserved,       2.19 MB ( <1%) committed,  1 nodes.
             Both:        1.06 GB reserved,      22.06 MB (  2%) committed. 

Chunk freelists:
   Non-Class:  11.81 MB
       Class:  13.81 MB
        Both:  25.62 MB

MaxMetaspaceSize: unlimited
CompressedClassSpaceSize: 1.00 GB
Initial GC threshold: 21.00 MB
Current GC threshold: 29.81 MB
CDS: off
 - commit_granule_bytes: 65536.
 - commit_granule_words: 8192.
 - virtual_space_node_default_size: 8388608.
 - enlarge_chunks_in_place: 1.
 - use_allocation_guard: 0.


Internal statistics:

num_allocs_failed_limit: 0.
num_arena_births: 176.
num_arena_deaths: 0.
num_vsnodes_births: 2.
num_vsnodes_deaths: 0.
num_space_committed: 353.
num_space_uncommitted: 0.
num_chunks_returned_to_freelist: 0.
num_chunks_taken_from_freelist: 668.
num_chunk_merges: 0.
num_chunk_splits: 447.
num_chunks_enlarged: 342.
num_inconsistent_stats: 0.

CodeHeap 'non-profiled nmethods': size=118848Kb used=4402Kb max_used=4402Kb free=114445Kb
 bounds [0x00000133765d0000, 0x0000013376a20000, 0x000001337d9e0000]
CodeHeap 'profiled nmethods': size=118848Kb used=13501Kb max_used=13501Kb free=105346Kb
 bounds [0x000001336e9e0000, 0x000001336f710000, 0x0000013375df0000]
CodeHeap 'non-nmethods': size=8064Kb used=3780Kb max_used=3837Kb free=4283Kb
 bounds [0x0000013375df0000, 0x00000133761c0000, 0x00000133765d0000]
 total_blobs=6077 nmethods=5591 adapters=385
 compilation: enabled
              stopped_count=0, restarted_count=0
 full_count=0

Compilation events (20 events):
Event: 11.913 Thread 0x000001330c6e7060 5723       3       com.sun.tools.javac.comp.DeferredAttr$PolyScanner::<init> (23 bytes)
Event: 11.913 Thread 0x0000013311163d70 nmethod 5721 0x000001336f6ae010 code [0x000001336f6ae240, 0x000001336f6ae8a0]
Event: 11.914 Thread 0x000001330c6e7060 nmethod 5723 0x000001336f6aeb10 code [0x000001336f6aed40, 0x000001336f6af5b0]
Event: 11.914 Thread 0x0000013311163d70 5724   !   3       com.sun.tools.javac.comp.Flow$AliveAnalyzer::visitMethodDef (158 bytes)
Event: 11.914 Thread 0x00000133118d1e50 nmethod 5722 0x000001336f6af890 code [0x000001336f6afb80, 0x000001336f6b0a18]
Event: 11.914 Thread 0x0000013311162230 5726       4       com.sun.tools.javac.util.Bits::dup (43 bytes)
Event: 11.915 Thread 0x000001330c6e7060 5725   !   3       com.sun.tools.javac.comp.Flow$AssignAnalyzer::visitMethodDef (670 bytes)
Event: 11.915 Thread 0x00000133118d1e50 5727   !   3       com.sun.tools.javac.comp.Flow$FlowAnalyzer::visitMethodDef (313 bytes)
Event: 11.915 Thread 0x0000013311162900 5728   !   3       com.sun.tools.javac.comp.TransTypes::visitMethodDef (147 bytes)
Event: 11.916 Thread 0x0000013311163d70 nmethod 5724 0x000001336f6b0e90 code [0x000001336f6b1140, 0x000001336f6b1dd8]
Event: 11.918 Thread 0x0000013311163d70 5731       3       com.sun.tools.javac.jvm.Items$CondItem::jumpFalse (101 bytes)
Event: 11.920 Thread 0x0000013311163d70 nmethod 5731 0x000001336f6b2310 code [0x000001336f6b25a0, 0x000001336f6b2ee8]
Event: 11.921 Thread 0x0000013311162900 nmethod 5728 0x000001336f6b3290 code [0x000001336f6b36c0, 0x000001336f6b5d28]
Event: 11.921 Thread 0x00000133118d1e50 nmethod 5727 0x000001336f6b6a10 code [0x000001336f6b6e20, 0x000001336f6b9080]
Event: 11.921 Thread 0x0000013311163d70 5729   !   3       com.sun.tools.javac.comp.TransLiterals::visitMethodDef (35 bytes)
Event: 11.922 Thread 0x0000013311163d70 nmethod 5729 0x000001336f6b9f10 code [0x000001336f6ba0c0, 0x000001336f6ba3a8]
Event: 11.922 Thread 0x0000013311163d70 5732       3       com.sun.tools.javac.code.Types$17::visitType (10 bytes)
Event: 11.923 Thread 0x0000013311162900 5733       3       com.sun.tools.javac.code.Types$17::visitType (64 bytes)
Event: 11.923 Thread 0x0000013311163d70 nmethod 5732 0x000001336f6ba510 code [0x000001336f6ba6c0, 0x000001336f6ba908]
Event: 11.923 Thread 0x0000013311163d70 5736       3       com.sun.tools.javac.comp.Flow$AssignAnalyzer::split (75 bytes)

GC Heap History (20 events):
Event: 6.278 GC heap before
{Heap before GC invocations=23 (full 2):
 garbage-first heap   total 380928K, used 278528K [0x000000060c800000, 0x0000000800000000)
  region size 4096K, 21 young (86016K), 3 survivors (12288K)
 Metaspace       used 18050K, committed 18304K, reserved 1114112K
  class space    used 1673K, committed 1792K, reserved 1048576K
}
Event: 6.288 GC heap after
{Heap after GC invocations=24 (full 2):
 garbage-first heap   total 380928K, used 225812K [0x000000060c800000, 0x0000000800000000)
  region size 4096K, 3 young (12288K), 3 survivors (12288K)
 Metaspace       used 18050K, committed 18304K, reserved 1114112K
  class space    used 1673K, committed 1792K, reserved 1048576K
}
Event: 6.917 GC heap before
{Heap before GC invocations=24 (full 2):
 garbage-first heap   total 380928K, used 303636K [0x000000060c800000, 0x0000000800000000)
  region size 4096K, 20 young (81920K), 3 survivors (12288K)
 Metaspace       used 18057K, committed 18304K, reserved 1114112K
  class space    used 1673K, committed 1792K, reserved 1048576K
}
Event: 6.927 GC heap after
{Heap after GC invocations=25 (full 2):
 garbage-first heap   total 380928K, used 264589K [0x000000060c800000, 0x0000000800000000)
  region size 4096K, 3 young (12288K), 3 survivors (12288K)
 Metaspace       used 18057K, committed 18304K, reserved 1114112K
  class space    used 1673K, committed 1792K, reserved 1048576K
}
Event: 6.997 GC heap before
{Heap before GC invocations=25 (full 2):
 garbage-first heap   total 380928K, used 321933K [0x000000060c800000, 0x0000000800000000)
  region size 4096K, 15 young (61440K), 3 survivors (12288K)
 Metaspace       used 18059K, committed 18304K, reserved 1114112K
  class space    used 1673K, committed 1792K, reserved 1048576K
}
Event: 7.004 GC heap after
{Heap after GC invocations=26 (full 2):
 garbage-first heap   total 380928K, used 289144K [0x000000060c800000, 0x0000000800000000)
  region size 4096K, 2 young (8192K), 2 survivors (8192K)
 Metaspace       used 18059K, committed 18304K, reserved 1114112K
  class space    used 1673K, committed 1792K, reserved 1048576K
}
Event: 7.100 GC heap before
{Heap before GC invocations=26 (full 2):
 garbage-first heap   total 380928K, used 326008K [0x000000060c800000, 0x0000000800000000)
  region size 4096K, 11 young (45056K), 2 survivors (8192K)
 Metaspace       used 18102K, committed 18304K, reserved 1114112K
  class space    used 1673K, committed 1792K, reserved 1048576K
}
Event: 7.104 GC heap after
{Heap after GC invocations=27 (full 2):
 garbage-first heap   total 552960K, used 296349K [0x000000060c800000, 0x0000000800000000)
  region size 4096K, 2 young (8192K), 2 survivors (8192K)
 Metaspace       used 18102K, committed 18304K, reserved 1114112K
  class space    used 1673K, committed 1792K, reserved 1048576K
}
Event: 7.730 GC heap before
{Heap before GC invocations=27 (full 2):
 garbage-first heap   total 552960K, used 435613K [0x000000060c800000, 0x0000000800000000)
  region size 4096K, 34 young (139264K), 2 survivors (8192K)
 Metaspace       used 18105K, committed 18304K, reserved 1114112K
  class space    used 1673K, committed 1792K, reserved 1048576K
}
Event: 7.742 GC heap after
{Heap after GC invocations=28 (full 2):
 garbage-first heap   total 552960K, used 352148K [0x000000060c800000, 0x0000000800000000)
  region size 4096K, 5 young (20480K), 5 survivors (20480K)
 Metaspace       used 18105K, committed 18304K, reserved 1114112K
  class space    used 1673K, committed 1792K, reserved 1048576K
}
Event: 8.324 GC heap before
{Heap before GC invocations=28 (full 2):
 garbage-first heap   total 552960K, used 462740K [0x000000060c800000, 0x0000000800000000)
  region size 4096K, 31 young (126976K), 5 survivors (20480K)
 Metaspace       used 18112K, committed 18304K, reserved 1114112K
  class space    used 1673K, committed 1792K, reserved 1048576K
}
Event: 8.333 GC heap after
{Heap after GC invocations=29 (full 2):
 garbage-first heap   total 552960K, used 393097K [0x000000060c800000, 0x0000000800000000)
  region size 4096K, 4 young (16384K), 4 survivors (16384K)
 Metaspace       used 18112K, committed 18304K, reserved 1114112K
  class space    used 1673K, committed 1792K, reserved 1048576K
}
Event: 8.699 GC heap before
{Heap before GC invocations=29 (full 2):
 garbage-first heap   total 552960K, used 479113K [0x000000060c800000, 0x0000000800000000)
  region size 4096K, 24 young (98304K), 4 survivors (16384K)
 Metaspace       used 18112K, committed 18304K, reserved 1114112K
  class space    used 1673K, committed 1792K, reserved 1048576K
}
Event: 8.707 GC heap after
{Heap after GC invocations=30 (full 2):
 garbage-first heap   total 552960K, used 425984K [0x000000060c800000, 0x0000000800000000)
  region size 4096K, 3 young (12288K), 3 survivors (12288K)
 Metaspace       used 18112K, committed 18304K, reserved 1114112K
  class space    used 1673K, committed 1792K, reserved 1048576K
}
Event: 8.882 GC heap before
{Heap before GC invocations=30 (full 2):
 garbage-first heap   total 552960K, used 487424K [0x000000060c800000, 0x0000000800000000)
  region size 4096K, 18 young (73728K), 3 survivors (12288K)
 Metaspace       used 18112K, committed 18304K, reserved 1114112K
  class space    used 1673K, committed 1792K, reserved 1048576K
}
Event: 8.887 GC heap after
{Heap after GC invocations=31 (full 2):
 garbage-first heap   total 663552K, used 452538K [0x000000060c800000, 0x0000000800000000)
  region size 4096K, 3 young (12288K), 3 survivors (12288K)
 Metaspace       used 18112K, committed 18304K, reserved 1114112K
  class space    used 1673K, committed 1792K, reserved 1048576K
}
Event: 9.322 GC heap before
{Heap before GC invocations=32 (full 2):
 garbage-first heap   total 757760K, used 550842K [0x000000060c800000, 0x0000000800000000)
  region size 4096K, 27 young (110592K), 3 survivors (12288K)
 Metaspace       used 18112K, committed 18304K, reserved 1114112K
  class space    used 1673K, committed 1792K, reserved 1048576K
}
Event: 9.330 GC heap after
{Heap after GC invocations=33 (full 2):
 garbage-first heap   total 757760K, used 483094K [0x000000060c800000, 0x0000000800000000)
  region size 4096K, 4 young (16384K), 4 survivors (16384K)
 Metaspace       used 18112K, committed 18304K, reserved 1114112K
  class space    used 1673K, committed 1792K, reserved 1048576K
}
Event: 10.206 GC heap before
{Heap before GC invocations=33 (full 2):
 garbage-first heap   total 757760K, used 610070K [0x000000060c800000, 0x0000000800000000)
  region size 4096K, 36 young (147456K), 4 survivors (16384K)
 Metaspace       used 19097K, committed 19328K, reserved 1114112K
  class space    used 1749K, committed 1856K, reserved 1048576K
}
Event: 10.221 GC heap after
{Heap after GC invocations=34 (full 2):
 garbage-first heap   total 757760K, used 520581K [0x000000060c800000, 0x0000000800000000)
  region size 4096K, 5 young (20480K), 5 survivors (20480K)
 Metaspace       used 19097K, committed 19328K, reserved 1114112K
  class space    used 1749K, committed 1856K, reserved 1048576K
}

Dll operation events (7 events):
Event: 0.014 Loaded shared library C:\Users\Power User\AppData\Roaming\PrismLauncher\java\java-runtime-delta\bin\java.dll
Event: 0.019 Loaded shared library C:\Users\Power User\AppData\Roaming\PrismLauncher\java\java-runtime-delta\bin\zip.dll
Event: 0.068 Loaded shared library C:\Users\Power User\AppData\Roaming\PrismLauncher\java\java-runtime-delta\bin\jsvml.dll
Event: 0.142 Loaded shared library C:\Users\Power User\AppData\Roaming\PrismLauncher\java\java-runtime-delta\bin\jimage.dll
Event: 0.150 Loaded shared library C:\Users\Power User\AppData\Roaming\PrismLauncher\java\java-runtime-delta\bin\zip.dll
Event: 0.250 Loaded shared library C:\Users\Power User\AppData\Roaming\PrismLauncher\java\java-runtime-delta\bin\net.dll
Event: 0.254 Loaded shared library C:\Users\Power User\AppData\Roaming\PrismLauncher\java\java-runtime-delta\bin\nio.dll

Deoptimization events (20 events):
Event: 11.803 Thread 0x00000133688f5dd0 Uncommon trap: trap_request=0xffffffc6 fr.pc=0x0000013376955b0c relative=0x000000000000098c
Event: 11.803 Thread 0x00000133688f5dd0 Uncommon trap: reason=bimorphic_or_optimized_type_check action=maybe_recompile pc=0x0000013376955b0c method=java.util.Spliterators$IteratorSpliterator.tryAdvance(Ljava/util/function/Consumer;)Z @ 63 c2
Event: 11.803 Thread 0x00000133688f5dd0 DEOPT PACKING pc=0x0000013376955b0c sp=0x0000001b9f7fe090
Event: 11.803 Thread 0x00000133688f5dd0 DEOPT UNPACKING pc=0x0000013375e47da2 sp=0x0000001b9f7fdef0 mode 2
Event: 11.803 Thread 0x00000133688f5dd0 Uncommon trap: trap_request=0xffffffc6 fr.pc=0x0000013376955b0c relative=0x000000000000098c
Event: 11.803 Thread 0x00000133688f5dd0 Uncommon trap: reason=bimorphic_or_optimized_type_check action=maybe_recompile pc=0x0000013376955b0c method=java.util.Spliterators$IteratorSpliterator.tryAdvance(Ljava/util/function/Consumer;)Z @ 63 c2
Event: 11.803 Thread 0x00000133688f5dd0 DEOPT PACKING pc=0x0000013376955b0c sp=0x0000001b9f7fe560
Event: 11.803 Thread 0x00000133688f5dd0 DEOPT UNPACKING pc=0x0000013375e47da2 sp=0x0000001b9f7fe3c0 mode 2
Event: 11.804 Thread 0x00000133688f5dd0 Uncommon trap: trap_request=0xffffffc6 fr.pc=0x0000013376955b0c relative=0x000000000000098c
Event: 11.804 Thread 0x00000133688f5dd0 Uncommon trap: reason=bimorphic_or_optimized_type_check action=maybe_recompile pc=0x0000013376955b0c method=java.util.Spliterators$IteratorSpliterator.tryAdvance(Ljava/util/function/Consumer;)Z @ 63 c2
Event: 11.804 Thread 0x00000133688f5dd0 DEOPT PACKING pc=0x0000013376955b0c sp=0x0000001b9f7fe370
Event: 11.804 Thread 0x00000133688f5dd0 DEOPT UNPACKING pc=0x0000013375e47da2 sp=0x0000001b9f7fe1d0 mode 2
Event: 11.804 Thread 0x00000133688f5dd0 Uncommon trap: trap_request=0xffffffc6 fr.pc=0x0000013376955b0c relative=0x000000000000098c
Event: 11.804 Thread 0x00000133688f5dd0 Uncommon trap: reason=bimorphic_or_optimized_type_check action=maybe_recompile pc=0x0000013376955b0c method=java.util.Spliterators$IteratorSpliterator.tryAdvance(Ljava/util/function/Consumer;)Z @ 63 c2
Event: 11.804 Thread 0x00000133688f5dd0 DEOPT PACKING pc=0x0000013376955b0c sp=0x0000001b9f7fe560
Event: 11.804 Thread 0x00000133688f5dd0 DEOPT UNPACKING pc=0x0000013375e47da2 sp=0x0000001b9f7fe3c0 mode 2
Event: 11.822 Thread 0x00000133688f5dd0 Uncommon trap: trap_request=0xffffffc6 fr.pc=0x0000013376701968 relative=0x00000000000007c8
Event: 11.823 Thread 0x00000133688f5dd0 Uncommon trap: reason=bimorphic_or_optimized_type_check action=maybe_recompile pc=0x0000013376701968 method=com.sun.tools.javac.util.ListBuffer.addAll(Ljava/util/Collection;)Z @ 1 c2
Event: 11.823 Thread 0x00000133688f5dd0 DEOPT PACKING pc=0x0000013376701968 sp=0x0000001b9f7ff460
Event: 11.823 Thread 0x00000133688f5dd0 DEOPT UNPACKING pc=0x0000013375e47da2 sp=0x0000001b9f7ff420 mode 2

Classes loaded (20 events):
Event: 10.904 Loading class sun/nio/ch/ChannelOutputStream
Event: 10.904 Loading class sun/nio/ch/ChannelOutputStream done
Event: 10.937 Loading class java/io/DataOutputStream
Event: 10.938 Loading class java/io/DataOutputStream done
Event: 10.977 Loading class java/util/EnumMap$EntrySet
Event: 10.977 Loading class java/util/EnumMap$EntrySet done
Event: 10.977 Loading class java/util/EnumMap$EntryIterator
Event: 10.977 Loading class java/util/EnumMap$EnumMapIterator
Event: 10.977 Loading class java/util/EnumMap$EnumMapIterator done
Event: 10.977 Loading class java/util/EnumMap$EntryIterator done
Event: 10.977 Loading class java/util/EnumMap$EntryIterator$Entry
Event: 10.977 Loading class java/util/EnumMap$EntryIterator$Entry done
Event: 11.387 Loading class java/util/stream/ReferencePipeline$7
Event: 11.387 Loading class java/util/stream/ReferencePipeline$7 done
Event: 11.389 Loading class java/util/stream/ReferencePipeline$7$1
Event: 11.389 Loading class java/util/stream/ReferencePipeline$7$1 done
Event: 11.532 Loading class java/util/HashMap$KeySpliterator
Event: 11.532 Loading class java/util/HashMap$HashMapSpliterator
Event: 11.532 Loading class java/util/HashMap$HashMapSpliterator done
Event: 11.532 Loading class java/util/HashMap$KeySpliterator done

Classes unloaded (0 events):
No events

Classes redefined (0 events):
No events

Internal exceptions (20 events):
Event: 11.417 Thread 0x00000133688f5dd0 Exception <a 'java/lang/NoSuchMethodError'{0x0000000636519f28}: 'void java.lang.invoke.DirectMethodHandle$Holder.invokeVirtual(java.lang.Object, java.lang.Object)'> (0x0000000636519f28) 
thrown [s\src\hotspot\share\interpreter\linkResolver.cpp, line 773]
Event: 11.438 Thread 0x00000133688f5dd0 Exception <a 'sun/nio/fs/WindowsException'{0x00000006365bfcb8}> (0x00000006365bfcb8) 
thrown [s\src\hotspot\share\prims\jni.cpp, line 520]
Event: 11.438 Thread 0x00000133688f5dd0 Exception <a 'sun/nio/fs/WindowsException'{0x00000006365c0108}> (0x00000006365c0108) 
thrown [s\src\hotspot\share\prims\jni.cpp, line 520]
Event: 11.450 Thread 0x00000133688f5dd0 Exception <a 'sun/nio/fs/WindowsException'{0x0000000636607168}> (0x0000000636607168) 
thrown [s\src\hotspot\share\prims\jni.cpp, line 520]
Event: 11.516 Thread 0x00000133688f5dd0 Exception <a 'sun/nio/fs/WindowsException'{0x000000063661e2e8}> (0x000000063661e2e8) 
thrown [s\src\hotspot\share\prims\jni.cpp, line 520]
Event: 11.516 Thread 0x00000133688f5dd0 Exception <a 'sun/nio/fs/WindowsException'{0x000000063661e750}> (0x000000063661e750) 
thrown [s\src\hotspot\share\prims\jni.cpp, line 520]
Event: 11.517 Thread 0x00000133688f5dd0 Exception <a 'sun/nio/fs/WindowsException'{0x000000063661ea70}> (0x000000063661ea70) 
thrown [s\src\hotspot\share\prims\jni.cpp, line 520]
Event: 11.517 Thread 0x00000133688f5dd0 Exception <a 'sun/nio/fs/WindowsException'{0x000000063661ee98}> (0x000000063661ee98) 
thrown [s\src\hotspot\share\prims\jni.cpp, line 520]
Event: 11.536 Thread 0x00000133688f5dd0 Exception <a 'java/lang/NoSuchMethodError'{0x000000063669dda0}: 'void java.lang.invoke.DirectMethodHandle$Holder.invokeStatic(java.lang.Object, java.lang.Object, java.lang.Object, java.lang.Object, java.lang.Object, java.lang.Object)'> (0x000000063669dda0) 
thrown [s\src\hotspot\share\interpreter\linkResolver.cpp, line 773]
Event: 11.545 Thread 0x00000133688f5dd0 Exception <a 'sun/nio/fs/WindowsException'{0x00000006366d99a0}> (0x00000006366d99a0) 
thrown [s\src\hotspot\share\prims\jni.cpp, line 520]
Event: 11.591 Thread 0x00000133688f5dd0 Exception <a 'sun/nio/fs/WindowsException'{0x00000006366ebbc8}> (0x00000006366ebbc8) 
thrown [s\src\hotspot\share\prims\jni.cpp, line 520]
Event: 11.601 Thread 0x00000133688f5dd0 Exception <a 'sun/nio/fs/WindowsException'{0x000000063673fc48}> (0x000000063673fc48) 
thrown [s\src\hotspot\share\prims\jni.cpp, line 520]
Event: 11.634 Thread 0x00000133688f5dd0 Exception <a 'sun/nio/fs/WindowsException'{0x0000000636076918}> (0x0000000636076918) 
thrown [s\src\hotspot\share\prims\jni.cpp, line 520]
Event: 11.720 Thread 0x00000133688f5dd0 Exception <a 'sun/nio/fs/WindowsException'{0x000000063609d218}> (0x000000063609d218) 
thrown [s\src\hotspot\share\prims\jni.cpp, line 520]
Event: 11.720 Thread 0x00000133688f5dd0 Exception <a 'sun/nio/fs/WindowsException'{0x000000063609d668}> (0x000000063609d668) 
thrown [s\src\hotspot\share\prims\jni.cpp, line 520]
Event: 11.725 Thread 0x00000133688f5dd0 Implicit null exception at 0x00000133769d34d8 to 0x00000133769d4005
Event: 11.817 Thread 0x00000133688f5dd0 Exception <a 'sun/nio/fs/WindowsException'{0x0000000635daf338}> (0x0000000635daf338) 
thrown [s\src\hotspot\share\prims\jni.cpp, line 520]
Event: 11.824 Thread 0x00000133688f5dd0 Exception <a 'sun/nio/fs/WindowsException'{0x0000000635dcee20}> (0x0000000635dcee20) 
thrown [s\src\hotspot\share\prims\jni.cpp, line 520]
Event: 11.860 Thread 0x00000133688f5dd0 Exception <a 'sun/nio/fs/WindowsException'{0x0000000635822990}> (0x0000000635822990) 
thrown [s\src\hotspot\share\prims\jni.cpp, line 520]
Event: 11.917 Thread 0x00000133688f5dd0 Exception <a 'sun/nio/fs/WindowsException'{0x000000063589d9c8}> (0x000000063589d9c8) 
thrown [s\src\hotspot\share\prims\jni.cpp, line 520]

ZGC Phase Switch (0 events):
No events

VM Operations (20 events):
Event: 11.112 Executing VM operation: ICBufferFull
Event: 11.112 Executing VM operation: ICBufferFull done
Event: 11.331 Executing VM operation: ICBufferFull
Event: 11.331 Executing VM operation: ICBufferFull done
Event: 11.379 Executing VM operation: HandshakeAllThreads (Deoptimize)
Event: 11.379 Executing VM operation: HandshakeAllThreads (Deoptimize) done
Event: 11.380 Executing VM operation: HandshakeAllThreads (Deoptimize)
Event: 11.380 Executing VM operation: HandshakeAllThreads (Deoptimize) done
Event: 11.390 Executing VM operation: HandshakeAllThreads (Deoptimize)
Event: 11.390 Executing VM operation: HandshakeAllThreads (Deoptimize) done
Event: 11.426 Executing VM operation: ICBufferFull
Event: 11.426 Executing VM operation: ICBufferFull done
Event: 11.598 Executing VM operation: ICBufferFull
Event: 11.598 Executing VM operation: ICBufferFull done
Event: 11.759 Executing VM operation: ICBufferFull
Event: 11.759 Executing VM operation: ICBufferFull done
Event: 11.764 Executing VM operation: HandshakeAllThreads (Deoptimize)
Event: 11.764 Executing VM operation: HandshakeAllThreads (Deoptimize) done
Event: 11.906 Executing VM operation: ICBufferFull
Event: 11.907 Executing VM operation: ICBufferFull done

Memory protections (0 events):
No events

Nmethod flushes (20 events):
Event: 8.921 Thread 0x000001337ffeaf40 flushing  nmethod 0x000001336ea63b90
Event: 8.921 Thread 0x000001337ffeaf40 flushing  nmethod 0x000001336eacb790
Event: 8.921 Thread 0x000001337ffeaf40 flushing  nmethod 0x000001336eb07f10
Event: 8.921 Thread 0x000001337ffeaf40 flushing  nmethod 0x000001336eb09310
Event: 8.921 Thread 0x000001337ffeaf40 flushing  nmethod 0x000001336eb13f90
Event: 8.921 Thread 0x000001337ffeaf40 flushing  nmethod 0x000001336eb1a490
Event: 8.921 Thread 0x000001337ffeaf40 flushing  nmethod 0x000001336eb22110
Event: 8.921 Thread 0x000001337ffeaf40 flushing  nmethod 0x000001336ec6dd10
Event: 8.921 Thread 0x000001337ffeaf40 flushing  nmethod 0x000001336ec6e110
Event: 8.921 Thread 0x000001337ffeaf40 flushing  nmethod 0x0000013376627910
Event: 8.921 Thread 0x000001337ffeaf40 flushing  nmethod 0x0000013376634a90
Event: 8.921 Thread 0x000001337ffeaf40 flushing  nmethod 0x000001336ea13390
Event: 8.922 Thread 0x000001337ffeaf40 flushing  nmethod 0x000001336ea15d10
Event: 8.922 Thread 0x000001337ffeaf40 flushing  nmethod 0x000001336ea16490
Event: 8.922 Thread 0x000001337ffeaf40 flushing  nmethod 0x000001336ea18310
Event: 8.922 Thread 0x000001337ffeaf40 flushing  nmethod 0x000001336ea19890
Event: 8.922 Thread 0x000001337ffeaf40 flushing  nmethod 0x000001336ea46290
Event: 8.922 Thread 0x000001337ffeaf40 flushing  nmethod 0x000001336ea99210
Event: 8.922 Thread 0x000001337ffeaf40 flushing  nmethod 0x000001336ea9e490
Event: 8.922 Thread 0x000001337ffeaf40 flushing  nmethod 0x000001336eaa1290

Events (20 events):
Event: 5.757 Thread 0x000001331384d800 Thread exited: 0x000001331384d800
Event: 5.757 Thread 0x00000133110c0480 Thread exited: 0x00000133110c0480
Event: 6.309 Thread 0x000001331307a3d0 Thread exited: 0x000001331307a3d0
Event: 8.663 Thread 0x0000013311a48c00 Thread exited: 0x0000013311a48c00
Event: 8.663 Thread 0x0000013311a48560 Thread exited: 0x0000013311a48560
Event: 8.831 Thread 0x000001337ff9fae0 Thread exited: 0x000001337ff9fae0
Event: 9.622 Thread 0x000001330c5dd0b0 Thread added: 0x0000013311ab8a40
Event: 9.670 Thread 0x000001330c5dd0b0 Thread added: 0x0000013311453fd0
Event: 9.707 Thread 0x000001330c5e6920 Thread added: 0x00000133118d1e50
Event: 9.707 Thread 0x000001330c6e7060 Thread added: 0x0000013311163d70
Event: 9.708 Thread 0x000001330c6e7060 Thread added: 0x0000013311162900
Event: 9.731 Thread 0x00000133118d1e50 Thread added: 0x0000013311161490
Event: 9.736 Thread 0x000001330c5e6920 Thread added: 0x0000013311162230
Event: 10.057 Thread 0x000001330c5e6920 Thread added: 0x000001331776d770
Event: 10.092 Thread 0x0000013311161490 Thread added: 0x000001331776c9d0
Event: 10.105 Thread 0x0000013311162900 Thread added: 0x000001331776d0a0
Event: 10.260 Thread 0x000001330c6e7060 Thread added: 0x000001331776ae90
Event: 10.260 Thread 0x000001330c6e7060 Thread added: 0x000001331776a0f0
Event: 11.241 Thread 0x000001331776a0f0 Thread exited: 0x000001331776a0f0
Event: 11.241 Thread 0x000001331776ae90 Thread exited: 0x000001331776ae90


Dynamic libraries:
0x00007ff75a3a0000 - 0x00007ff75a3a8000 	C:\Users\Power User\AppData\Roaming\PrismLauncher\java\java-runtime-delta\bin\javac.exe
0x00007ffd89320000 - 0x00007ffd89586000 	C:\WINDOWS\SYSTEM32\ntdll.dll
0x00007ffd87760000 - 0x00007ffd87829000 	C:\WINDOWS\System32\KERNEL32.DLL
0x00007ffd86b40000 - 0x00007ffd86f3a000 	C:\WINDOWS\System32\KERNELBASE.dll
0x00007ffd86f40000 - 0x00007ffd8708c000 	C:\WINDOWS\System32\ucrtbase.dll
0x00007ffd7f020000 - 0x00007ffd7f03d000 	C:\Users\Power User\AppData\Roaming\PrismLauncher\java\java-runtime-delta\bin\VCRUNTIME140.dll
0x00007ffd80ee0000 - 0x00007ffd80ef8000 	C:\Users\Power User\AppData\Roaming\PrismLauncher\java\java-runtime-delta\bin\jli.dll
0x00007ffd890b0000 - 0x00007ffd89277000 	C:\WINDOWS\System32\USER32.dll
0x00007ffd869d0000 - 0x00007ffd869f7000 	C:\WINDOWS\System32\win32u.dll
0x00007ffd6bfa0000 - 0x00007ffd6c232000 	C:\WINDOWS\WinSxS\amd64_microsoft.windows.common-controls_6595b64144ccf1df_6.0.26100.8521_none_3e08b75ce33403b3\COMCTL32.dll
0x00007ffd87100000 - 0x00007ffd8712b000 	C:\WINDOWS\System32\GDI32.dll
0x00007ffd879a0000 - 0x00007ffd87a49000 	C:\WINDOWS\System32\msvcrt.dll
0x00007ffd86670000 - 0x00007ffd8679b000 	C:\WINDOWS\System32\gdi32full.dll
0x00007ffd867a0000 - 0x00007ffd86843000 	C:\WINDOWS\System32\msvcp_win.dll
0x00007ffd89070000 - 0x00007ffd890a2000 	C:\WINDOWS\System32\IMM32.DLL
0x00007ffd80ed0000 - 0x00007ffd80edc000 	C:\Users\Power User\AppData\Roaming\PrismLauncher\java\java-runtime-delta\bin\vcruntime140_1.dll
0x00007ffd6a190000 - 0x00007ffd6a21d000 	C:\Users\Power User\AppData\Roaming\PrismLauncher\java\java-runtime-delta\bin\msvcp140.dll
0x00007ffcb3cb0000 - 0x00007ffcb4a48000 	C:\Users\Power User\AppData\Roaming\PrismLauncher\java\java-runtime-delta\bin\server\jvm.dll
0x00007ffd88710000 - 0x00007ffd887c6000 	C:\WINDOWS\System32\ADVAPI32.dll
0x00007ffd88890000 - 0x00007ffd8893a000 	C:\WINDOWS\System32\sechost.dll
0x00007ffd87350000 - 0x00007ffd87468000 	C:\WINDOWS\System32\RPCRT4.dll
0x00007ffd87130000 - 0x00007ffd871b0000 	C:\WINDOWS\System32\WS2_32.dll
0x00007ffd86410000 - 0x00007ffd8646e000 	C:\WINDOWS\SYSTEM32\POWRPROF.dll
0x00007ffd7f2e0000 - 0x00007ffd7f2eb000 	C:\WINDOWS\SYSTEM32\VERSION.dll
0x00007ffd78400000 - 0x00007ffd78436000 	C:\WINDOWS\SYSTEM32\WINMM.dll
0x00007ffd863f0000 - 0x00007ffd86404000 	C:\WINDOWS\SYSTEM32\UMPDC.dll
0x00007ffd85300000 - 0x00007ffd8531b000 	C:\WINDOWS\SYSTEM32\kernel.appcore.dll
0x00007ffd782f0000 - 0x00007ffd782fa000 	C:\Users\Power User\AppData\Roaming\PrismLauncher\java\java-runtime-delta\bin\jimage.dll
0x00007ffd83ca0000 - 0x00007ffd83ee2000 	C:\WINDOWS\SYSTEM32\DBGHELP.DLL
0x00007ffd87a50000 - 0x00007ffd87dd3000 	C:\WINDOWS\System32\combase.dll
0x00007ffd88f90000 - 0x00007ffd89069000 	C:\WINDOWS\System32\OLEAUT32.dll
0x00007ffd5aa70000 - 0x00007ffd5aaab000 	C:\WINDOWS\SYSTEM32\dbgcore.DLL
0x00007ffd86a00000 - 0x00007ffd86aa8000 	C:\WINDOWS\System32\bcryptPrimitives.dll
0x00007ffd782d0000 - 0x00007ffd782f0000 	C:\Users\Power User\AppData\Roaming\PrismLauncher\java\java-runtime-delta\bin\java.dll
0x00007ffd72d80000 - 0x00007ffd72d98000 	C:\Users\Power User\AppData\Roaming\PrismLauncher\java\java-runtime-delta\bin\zip.dll
0x00007ffd87de0000 - 0x00007ffd88564000 	C:\WINDOWS\System32\SHELL32.dll
0x00007ffd84130000 - 0x00007ffd849b0000 	C:\WINDOWS\SYSTEM32\windows.storage.dll
0x00007ffd88a00000 - 0x00007ffd88af6000 	C:\WINDOWS\System32\SHCORE.dll
0x00007ffd87470000 - 0x00007ffd874d7000 	C:\WINDOWS\System32\shlwapi.dll
0x00007ffd864d0000 - 0x00007ffd864f9000 	C:\WINDOWS\SYSTEM32\profapi.dll
0x00007ffd53e10000 - 0x00007ffd53ee6000 	C:\Users\Power User\AppData\Roaming\PrismLauncher\java\java-runtime-delta\bin\jsvml.dll
0x00007ffd782c0000 - 0x00007ffd782d0000 	C:\Users\Power User\AppData\Roaming\PrismLauncher\java\java-runtime-delta\bin\net.dll
0x00007ffd7f940000 - 0x00007ffd7fa69000 	C:\WINDOWS\SYSTEM32\WINHTTP.dll
0x00007ffd85850000 - 0x00007ffd858bc000 	C:\WINDOWS\system32\mswsock.dll
0x00007ffd726a0000 - 0x00007ffd726b6000 	C:\Users\Power User\AppData\Roaming\PrismLauncher\java\java-runtime-delta\bin\nio.dll

dbghelp: loaded successfully - version: 4.0.5 - missing functions: none
symbol engine: initialized successfully - sym options: 0x614 - pdb path: .;C:\Users\Power User\AppData\Roaming\PrismLauncher\java\java-runtime-delta\bin;C:\WINDOWS\SYSTEM32;C:\WINDOWS\WinSxS\amd64_microsoft.windows.common-controls_6595b64144ccf1df_6.0.26100.8521_none_3e08b75ce33403b3;C:\Users\Power User\AppData\Roaming\PrismLauncher\java\java-runtime-delta\bin\server

VM Arguments:
jvm_args: -Dapplication.home=C:\Users\Power User\AppData\Roaming\PrismLauncher\java\java-runtime-delta --add-modules=ALL-DEFAULT -Xms8m -Djdk.module.main=jdk.compiler 
java_command: jdk.compiler/com.sun.tools.javac.Main @C:\baritone-minefix\build\javac_args.txt
java_class_path (initial): <not set>
Launcher Type: SUN_STANDARD

[Global flags]
     intx CICompilerCount                          = 15                                        {product} {ergonomic}
     uint ConcGCThreads                            = 6                                         {product} {ergonomic}
     uint G1ConcRefinementThreads                  = 23                                        {product} {ergonomic}
   size_t G1HeapRegionSize                         = 4194304                                   {product} {ergonomic}
    uintx GCDrainStackTargetSize                   = 64                                        {product} {ergonomic}
   size_t InitialHeapSize                          = 8388608                                   {product} {command line}
   size_t MarkStackSize                            = 4194304                                   {product} {ergonomic}
   size_t MaxHeapSize                              = 8380219392                                {product} {ergonomic}
   size_t MaxNewSize                               = 5024776192                                {product} {ergonomic}
   size_t MinHeapDeltaBytes                        = 4194304                                   {product} {ergonomic}
   size_t MinHeapSize                              = 8388608                                   {product} {command line}
    uintx NonNMethodCodeHeapSize                   = 8192380                                {pd product} {ergonomic}
    uintx NonProfiledCodeHeapSize                  = 121732930                              {pd product} {ergonomic}
    uintx ProfiledCodeHeapSize                     = 121732930                              {pd product} {ergonomic}
    uintx ReservedCodeCacheSize                    = 251658240                              {pd product} {ergonomic}
     bool SegmentedCodeCache                       = true                                      {product} {ergonomic}
   size_t SoftMaxHeapSize                          = 8380219392                             {manageable} {ergonomic}
     bool UseCompressedOops                        = true                           {product lp64_product} {ergonomic}
     bool UseG1GC                                  = true                                      {product} {ergonomic}
     bool UseLargePagesIndividualAllocation        = false                                  {pd product} {ergonomic}

Logging:
Log output configuration:
 #0: stdout all=warning uptime,level,tags foldmultilines=false
 #1: stderr all=off uptime,level,tags foldmultilines=false

Environment Variables:
PATH=C:\Users\Power User\AppData\Local\Programs\Microsoft VS Code;C:\Program Files\Tesseract-OCR;C:\Program Files\Common Files\Oracle\Java\javapath;C:\Program Files\Java\jdk-18.0.2.1;C:\Program Files\Java\jdk-18.0.2.1\bin;C:\Program Files\OpenSSL-Win64\bin;C:\tools\PSTools\PsExec;C:\msys64\ucrt64\bin;C:\tools\neovim\nvim-win64\bin;C:\Program Files (x86)\Common Files\Oracle\Java\javapath;C:\Windows\system32;C:\Windows;C:\Windows\System32\Wbem;C:\Windows\System32\WindowsPowerShell\v1.0\;C:\Windows\System32\OpenSSH\;C:\Program Files (x86)\NVIDIA Corporation\PhysX\Common;C:\Program Files\Git\cmd;C:\Program Files\Go\bin;C:\Program Files\dotnet\;C:\Program Files\GitHub CLI\;C:\Program Files\PuTTY\;C:\ProgramData\chocolatey\bin;C:\Program Files (x86)\dotnet\;c:\Users\Power User\AppData\Local\Programs\cursor\resources\app\bin;C:\WINDOWS\system32;C:\WINDOWS;C:\WINDOWS\System32\Wbem;C:\WINDOWS\System32\WindowsPowerShell\v1.0\;C:\WINDOWS\System32\OpenSSH\;C:\Program Files\NVIDIA Corporation\NVIDIA App\NvDLISR;C:\ProgramData\chocolatey\lib\maven\apache-maven-3.9.10\bin;C:\Pro;C:\Users\Power User\AppData\Local\Programs\Python\Python312\Scripts\;C:\Users\Power User\AppData\Local\Programs\Python\Python312\;C:\Users\Power User\AppData\Local\Programs\Python\Python39\Scripts\;C:\Users\Power User\AppData\Local\Programs\Python\Python39\;C:\Users\Power User\AppData\Local\Microsoft\WindowsApps;C:\Program Files\JetBrains\PyCharm Community Edition 2023.1\bin;;C:\Program Files\JetBrains\IntelliJ IDEA Community Edition 2023.1.4\bin;;C:\Users\Power User\AppData\Local\GitHubDesktop\bin;C:\ProgramData\Power User\GitHubDesktop\bin;C:\Users\Power User\go\bin;C:\Users\Power User\.pyenv\pyenv-win\bin;C:\Users\Power User\.pyenv\pyenv-win\shims;C:\Users\Power User\AppData\Local\Google\Cloud SDK\google-cloud-sdk\bin;C:\Users\Power User\.dotnet\tools;C:\tools\neovim\nvim-win64\bin;C:\Users\Power User\AppData\Local\Programs\Microsoft VS Code\bin;C:\Users\Power User\.bun\bin;C:\Users\Power User\AppData\Local\nvm;C:\nvm4w\nodejs;C:\Users\Power User\AppData\Roaming\npm;C:\Users\Power User\AppData\Local\Programs\Windsurf\bin;C:\Users\Power User\AppData\Local\PowerToys\DSCModules\;C:\Users\Power User\AppData\Local\Programs\cursor\resources\app\bin;C:\Gradle\gradle-8.8\bin
USERNAME=Power User
OS=Windows_NT
PROCESSOR_IDENTIFIER=AMD64 Family 25 Model 97 Stepping 2, AuthenticAMD
TMP=C:\Users\POWERU~1\AppData\Local\Temp
TEMP=C:\Users\POWERU~1\AppData\Local\Temp




Periodic native trim disabled

---------------  S Y S T E M  ---------------

OS:
 Windows 11 , 64 bit Build 26100 (10.0.26100.8521)
OS uptime: 0 days 11:29 hours
Hyper-V role detected

CPU: total 32 (initial active 32) (32 cores per cpu, 2 threads per core) family 25 model 97 stepping 2 microcode 0xa601206, cx8, cmov, fxsr, ht, mmx, 3dnowpref, sse, sse2, sse3, ssse3, sse4a, sse4.1, sse4.2, popcnt, lzcnt, tsc, tscinvbit, avx, avx2, aes, erms, clmul, bmi1, bmi2, adx, avx512f, avx512dq, avx512cd, avx512bw, avx512vl, sha, fma, vzeroupper, avx512_vpopcntdq, avx512_vpclmulqdq, avx512_vaes, avx512_vnni, clflush, clflushopt, avx512_vbmi2, avx512_vbmi, hv, rdtscp, rdpid, fsrm, gfni, avx512_bitalg, f16c, cet_ss, avx512_ifma
Processor Information for the first 32 processors :
  Max Mhz: 2501, Current Mhz: 2501, Mhz Limit: 2501

Memory: 4k page, system-wide physical 31962M (2694M free)
TotalPageFile size 54521M (AvailPageFile size 8M)
current process WorkingSet (physical memory assigned to process): 903M, peak: 905M
current process commit charge ("private bytes"): 1032M, peak: 1035M

vm_info: OpenJDK 64-Bit Server VM (21.0.7+6-LTS) for windows-amd64 JRE (21.0.7+6-LTS), built on 2025-04-09T22:17:25Z by "MicrosoftCorporation" with unknown MS VC++:1939

END.
