#
# There is insufficient memory for the Java Runtime Environment to continue.
# Native memory allocation (mmap) failed to map 138412032 bytes. Error detail: G1 virtual space
# Possible reasons:
#   The system is out of physical RAM or swap space
#   This process is running with CompressedOops enabled, and the Java Heap may be blocking the growth of the native heap
# Possible solutions:
#   Reduce memory load on the system
#   Increase physical memory or swap space
#   Check if swap backing store is full
#   Decrease Java heap size (-Xmx/-Xms)
#   Decrease number of Java threads
#   Decrease Java thread stack sizes (-Xss)
#   Set larger code cache with -XX:ReservedCodeCacheSize=
#   JVM is running with Zero Based Compressed Oops mode in which the Java heap is
#     placed in the first 32GB address space. The Java Heap base address is the
#     maximum limit for the native heap growth. Please use -XX:HeapBaseMinAddress
#     to set the Java Heap base and to place the Java Heap above 32GB virtual address.
# This output file may be truncated or incomplete.
#
#  Out of Memory Error (os_windows.cpp:3736), pid=4240, tid=484608
#
# JRE version: OpenJDK Runtime Environment Microsoft-11369940 (21.0.7+6) (build 21.0.7+6-LTS)
# Java VM: OpenJDK 64-Bit Server VM Microsoft-11369940 (21.0.7+6-LTS, mixed mode, tiered, compressed oops, compressed class ptrs, g1 gc, windows-amd64)
# No core dump will be written. Minidumps are not enabled by default on client versions of Windows
#

---------------  S U M M A R Y ------------

Command Line: -Dapplication.home=C:\Users\Power User\AppData\Roaming\PrismLauncher\java\java-runtime-delta --add-modules=ALL-DEFAULT -Xms8m -Djdk.module.main=jdk.compiler jdk.compiler/com.sun.tools.javac.Main @C:\baritone-minefix\build\javac_args.txt

Host: AMD Ryzen 9 7945HX with Radeon Graphics        , 32 cores, 31G,  Windows 11 , 64 bit Build 26100 (10.0.26100.8521)
Time: Fri Jun 12 20:42:09 2026 Eastern Daylight Time elapsed time: 13.002761 seconds (0d 0h 0m 13s)

---------------  T H R E A D  ---------------

Current thread (0x000002368a7e9b30):  VMThread "VM Thread"          [id=484608, stack(0x00000074e4b00000,0x00000074e4c00000) (1024K)]

Stack: [0x00000074e4b00000,0x00000074e4c00000]
Native frames: (J=compiled Java code, j=interpreted, Vv=VM code, C=native code)
V  [jvm.dll+0x6d4bb9]
V  [jvm.dll+0x8afa11]
V  [jvm.dll+0x8b1f3e]
V  [jvm.dll+0x8b2623]
V  [jvm.dll+0x280816]
V  [jvm.dll+0x6d1385]
V  [jvm.dll+0x6c552a]
V  [jvm.dll+0x35b978]
V  [jvm.dll+0x3635f6]
V  [jvm.dll+0x3b4b9e]
V  [jvm.dll+0x3b4e48]
V  [jvm.dll+0x32f9bc]
V  [jvm.dll+0x332216]
V  [jvm.dll+0x33c418]
V  [jvm.dll+0x371bbf]
V  [jvm.dll+0x8b834f]
V  [jvm.dll+0x8b9704]
V  [jvm.dll+0x8b9c40]
V  [jvm.dll+0x8b9ee3]
V  [jvm.dll+0x85916b]
V  [jvm.dll+0x6d327d]
C  [ucrtbase.dll+0x2cd30]
C  [KERNEL32.DLL+0x2e957]
C  [ntdll.dll+0x87c1c]

VM_Operation (0x00000074e46ff6a0): G1PauseRemark, mode: safepoint, requested by thread 0x00000236eca0c200


---------------  P R O C E S S  ---------------

Threads class SMR info:
_java_thread_list=0x0000023695c39350, length=24, elements={
0x00000236ec9558b0, 0x000002368e1551b0, 0x000002368e156770, 0x000002368e163090,
0x000002368e1352f0, 0x000002368e135d40, 0x000002368e15aa60, 0x000002368e16bef0,
0x000002368e15d700, 0x000002368e1f3850, 0x000002368e342200, 0x000002368e371240,
0x000002368e341b70, 0x00000236933ddd90, 0x000002368e659910, 0x0000023693de8390,
0x000002368ec56010, 0x00000236967aa3b0, 0x00000236931790a0, 0x00000236965a4780,
0x0000023699e73a00, 0x0000023699b2bd30, 0x0000023696bfed40, 0x0000023696bff410
}

Java Threads: ( => current thread )
  0x00000236ec9558b0 JavaThread "main"                              [_thread_blocked, id=485364, stack(0x00000074e4400000,0x00000074e4500000) (1024K)]
  0x000002368e1551b0 JavaThread "Reference Handler"          daemon [_thread_blocked, id=488216, stack(0x00000074e4c00000,0x00000074e4d00000) (1024K)]
  0x000002368e156770 JavaThread "Finalizer"                  daemon [_thread_blocked, id=501044, stack(0x00000074e4d00000,0x00000074e4e00000) (1024K)]
  0x000002368e163090 JavaThread "Signal Dispatcher"          daemon [_thread_blocked, id=504672, stack(0x00000074e4e00000,0x00000074e4f00000) (1024K)]
  0x000002368e1352f0 JavaThread "Attach Listener"            daemon [_thread_blocked, id=504812, stack(0x00000074e4f00000,0x00000074e5000000) (1024K)]
  0x000002368e135d40 JavaThread "Service Thread"             daemon [_thread_blocked, id=493432, stack(0x00000074e5000000,0x00000074e5100000) (1024K)]
  0x000002368e15aa60 JavaThread "Monitor Deflation Thread"   daemon [_thread_blocked, id=493436, stack(0x00000074e5100000,0x00000074e5200000) (1024K)]
  0x000002368e16bef0 JavaThread "C2 CompilerThread0"         daemon [_thread_blocked, id=503636, stack(0x00000074e5200000,0x00000074e5300000) (1024K)]
  0x000002368e15d700 JavaThread "C1 CompilerThread0"         daemon [_thread_blocked, id=501072, stack(0x00000074e5300000,0x00000074e5400000) (1024K)]
  0x000002368e1f3850 JavaThread "C1 CompilerThread1"         daemon [_thread_blocked, id=495444, stack(0x00000074e5400000,0x00000074e5500000) (1024K)]
  0x000002368e342200 JavaThread "Common-Cleaner"             daemon [_thread_blocked, id=454584, stack(0x00000074e5500000,0x00000074e5600000) (1024K)]
  0x000002368e371240 JavaThread "C1 CompilerThread2"         daemon [_thread_blocked, id=503952, stack(0x00000074e5600000,0x00000074e5700000) (1024K)]
  0x000002368e341b70 JavaThread "Notification Thread"        daemon [_thread_blocked, id=31036, stack(0x00000074e5800000,0x00000074e5900000) (1024K)]
  0x00000236933ddd90 JavaThread "C2 CompilerThread1"         daemon [_thread_blocked, id=503712, stack(0x00000074e5700000,0x00000074e5800000) (1024K)]
  0x000002368e659910 JavaThread "C2 CompilerThread2"         daemon [_thread_blocked, id=503844, stack(0x00000074e5c00000,0x00000074e5d00000) (1024K)]
  0x0000023693de8390 JavaThread "C1 CompilerThread3"         daemon [_thread_blocked, id=501780, stack(0x00000074e7000000,0x00000074e7100000) (1024K)]
  0x000002368ec56010 JavaThread "C1 CompilerThread4"         daemon [_thread_blocked, id=504164, stack(0x00000074e7100000,0x00000074e7200000) (1024K)]
  0x00000236967aa3b0 JavaThread "C2 CompilerThread3"         daemon [_thread_blocked, id=502752, stack(0x00000074e7200000,0x00000074e7300000) (1024K)]
  0x00000236931790a0 JavaThread "C2 CompilerThread4"         daemon [_thread_blocked, id=504160, stack(0x00000074e7300000,0x00000074e7400000) (1024K)]
  0x00000236965a4780 JavaThread "C2 CompilerThread5"         daemon [_thread_blocked, id=493572, stack(0x00000074e7400000,0x00000074e7500000) (1024K)]
  0x0000023699e73a00 JavaThread "C2 CompilerThread6"         daemon [_thread_blocked, id=501216, stack(0x00000074e7500000,0x00000074e7600000) (1024K)]
  0x0000023699b2bd30 JavaThread "C2 CompilerThread7"         daemon [_thread_blocked, id=503548, stack(0x00000074e7600000,0x00000074e7700000) (1024K)]
  0x0000023696bfed40 JavaThread "C2 CompilerThread8"         daemon [_thread_blocked, id=504652, stack(0x00000074e7700000,0x00000074e7800000) (1024K)]
  0x0000023696bff410 JavaThread "C2 CompilerThread9"         daemon [_thread_blocked, id=494444, stack(0x00000074e7800000,0x00000074e7900000) (1024K)]
Total: 24

Other Threads:
=>0x000002368a7e9b30 VMThread "VM Thread"                           [id=484608, stack(0x00000074e4b00000,0x00000074e4c00000) (1024K)]
  0x000002368a7b6d20 WatcherThread "VM Periodic Task Thread"        [id=484480, stack(0x00000074e4a00000,0x00000074e4b00000) (1024K)]
  0x00000236ec9fb7a0 WorkerThread "GC Thread#0"                     [id=494956, stack(0x00000074e4500000,0x00000074e4600000) (1024K)]
  0x000002368e4fd8a0 WorkerThread "GC Thread#1"                     [id=485956, stack(0x00000074e5900000,0x00000074e5a00000) (1024K)]
  0x000002368e643320 WorkerThread "GC Thread#2"                     [id=502908, stack(0x00000074e5a00000,0x00000074e5b00000) (1024K)]
  0x000002368e643ad0 WorkerThread "GC Thread#3"                     [id=35668, stack(0x00000074e5b00000,0x00000074e5c00000) (1024K)]
  0x0000023693094110 WorkerThread "GC Thread#4"                     [id=486056, stack(0x00000074e5d00000,0x00000074e5e00000) (1024K)]
  0x00000236930944b0 WorkerThread "GC Thread#5"                     [id=502236, stack(0x00000074e5e00000,0x00000074e5f00000) (1024K)]
  0x0000023693094f90 WorkerThread "GC Thread#6"                     [id=493756, stack(0x00000074e6800000,0x00000074e6900000) (1024K)]
  0x0000023693094bf0 WorkerThread "GC Thread#7"                     [id=216560, stack(0x00000074e5f00000,0x00000074e6000000) (1024K)]
  0x0000023693095330 WorkerThread "GC Thread#8"                     [id=473976, stack(0x00000074e6500000,0x00000074e6600000) (1024K)]
  0x00000236930956d0 WorkerThread "GC Thread#9"                     [id=493860, stack(0x00000074e6700000,0x00000074e6800000) (1024K)]
  0x0000023693093d70 WorkerThread "GC Thread#10"                    [id=494424, stack(0x00000074e6900000,0x00000074e6a00000) (1024K)]
  0x00000236961c3d80 WorkerThread "GC Thread#11"                    [id=495252, stack(0x00000074e6a00000,0x00000074e6b00000) (1024K)]
  0x00000236961c4120 WorkerThread "GC Thread#12"                    [id=501148, stack(0x00000074e6b00000,0x00000074e6c00000) (1024K)]
  0x00000236961c39e0 WorkerThread "GC Thread#13"                    [id=504200, stack(0x00000074e6600000,0x00000074e6700000) (1024K)]
  0x00000236961c44c0 WorkerThread "GC Thread#14"                    [id=504096, stack(0x00000074e6c00000,0x00000074e6d00000) (1024K)]
  0x00000236961c4860 WorkerThread "GC Thread#15"                    [id=488780, stack(0x00000074e6d00000,0x00000074e6e00000) (1024K)]
  0x00000236961c4c00 WorkerThread "GC Thread#16"                    [id=220656, stack(0x00000074e6e00000,0x00000074e6f00000) (1024K)]
  0x00000236961c32a0 WorkerThread "GC Thread#17"                    [id=216048, stack(0x00000074e6f00000,0x00000074e7000000) (1024K)]
  0x00000236eca0c200 ConcurrentGCThread "G1 Main Marker"            [id=488088, stack(0x00000074e4600000,0x00000074e4700000) (1024K)]
  0x00000236eca0eb90 WorkerThread "G1 Conc#0"                       [id=497264, stack(0x00000074e4700000,0x00000074e4800000) (1024K)]
  0x000002368e844560 WorkerThread "G1 Conc#1"                       [id=494896, stack(0x00000074e6000000,0x00000074e6100000) (1024K)]
  0x00000236930bb440 WorkerThread "G1 Conc#2"                       [id=501012, stack(0x00000074e6100000,0x00000074e6200000) (1024K)]
  0x000002369319a300 WorkerThread "G1 Conc#3"                       [id=501828, stack(0x00000074e6200000,0x00000074e6300000) (1024K)]
  0x0000023693390bd0 WorkerThread "G1 Conc#4"                       [id=497516, stack(0x00000074e6300000,0x00000074e6400000) (1024K)]
  0x000002369319a6a0 WorkerThread "G1 Conc#5"                       [id=487972, stack(0x00000074e6400000,0x00000074e6500000) (1024K)]
  0x000002368a6867b0 ConcurrentGCThread "G1 Refine#0"               [id=503720, stack(0x00000074e4800000,0x00000074e4900000) (1024K)]
  0x000002368a6881d0 ConcurrentGCThread "G1 Service"                [id=49728, stack(0x00000074e4900000,0x00000074e4a00000) (1024K)]
Total: 29

Threads with active compile tasks:
C2 CompilerThread0  13056 7721       4       com.sun.tools.javac.code.Type$UndetVar::notifyBoundChange (21 bytes)
C1 CompilerThread2  13056 7803       3       com.sun.tools.javac.comp.Attr::visitSelect (1338 bytes)
C2 CompilerThread1  13056 7771       4       com.sun.tools.javac.comp.TransTypes::translateArgs (152 bytes)
C2 CompilerThread2  13056 7804       4       java.util.HashMap::put (13 bytes)
C2 CompilerThread3  13056 7802       4       com.sun.tools.javac.jvm.PoolWriter$WriteablePoolHelper::writeIfNeeded (121 bytes)
C2 CompilerThread4  13056 7762       4       com.sun.tools.javac.comp.Check::checkType (168 bytes)
C2 CompilerThread5  13056 7761       4       com.sun.tools.javac.comp.Attr$ResultInfo::check (21 bytes)
C2 CompilerThread6  13056 7798       4       com.sun.tools.javac.jvm.Code::emitop0 (2595 bytes)
C2 CompilerThread7  13056 7714       4       com.sun.tools.javac.code.Type$UndetVar::addBound (160 bytes)
C2 CompilerThread8  13056 7565       4       com.sun.tools.javac.comp.Attr::visitApply (911 bytes)
C2 CompilerThread9  13056 7665       4       com.sun.tools.javac.jvm.PoolWriter$WriteablePoolHelper::writeConstant (843 bytes)
Total: 11

VM state: at safepoint (normal execution)

VM Mutex/Monitor currently owned by a thread:  ([mutex/lock_event])
[0x00007ffa9e5f6478] Threads_lock - owner thread: 0x000002368a7e9b30
[0x00007ffa9e5f6578] Heap_lock - owner thread: 0x00000236eca0c200

Heap address: 0x000000060c800000, size: 7992 MB, Compressed Oops mode: Zero based, Oop shift amount: 3

CDS archive(s) not mapped
Compressed class space mapped at: 0x0000000800000000-0x0000000840000000, reserved size: 1073741824
Narrow klass base: 0x0000000800000000, Narrow klass shift: 0, Narrow klass range: 0x40000000

GC Precious Log:
 CardTable entry size: 512
 Card Set container configuration: InlinePtr #cards 4 size 8 Array Of Cards #cards 32 size 80 Howl #buckets 8 coarsen threshold 7372 Howl Bitmap #cards 1024 size 144 coarsen threshold 921 Card regions per heap region 1 cards per card region 8192
 CPUs: 32 total, 32 available
 Memory: 31962M
 Large Page Support: Disabled
 NUMA Support: Disabled
 Compressed Oops: Enabled (Zero based)
 Heap Region Size: 4M
 Heap Min Capacity: 8M
 Heap Initial Capacity: 8M
 Heap Max Capacity: 7992M
 Pre-touch: Disabled
 Parallel Workers: 23
 Concurrent Workers: 6
 Concurrent Refinement Workers: 23
 Periodic GC: Disabled

Heap:
 garbage-first heap   total 774144K, used 548420K [0x000000060c800000, 0x0000000800000000)
  region size 4096K, 5 young (20480K), 3 survivors (12288K)
 Metaspace       used 23741K, committed 24064K, reserved 1114112K
  class space    used 2134K, committed 2304K, reserved 1048576K

Heap Regions: E=young(eden), S=young(survivor), O=old, HS=humongous(starts), HC=humongous(continues), CS=collection set, F=free, TAMS=top-at-mark-start, PB=parsable bottom
|   0|0x000000060c800000, 0x000000060cc00000, 0x000000060cc00000|100%|HS|  |TAMS 0x000000060cc00000| PB 0x000000060c800000| Complete 
|   1|0x000000060cc00000, 0x000000060d000000, 0x000000060d000000|100%|HS|  |TAMS 0x000000060d000000| PB 0x000000060cc00000| Complete 
|   2|0x000000060d000000, 0x000000060d400000, 0x000000060d400000|100%| O|  |TAMS 0x000000060d400000| PB 0x000000060d400000| Updating 
|   3|0x000000060d400000, 0x000000060d800000, 0x000000060d800000|100%|HS|  |TAMS 0x000000060d800000| PB 0x000000060d400000| Complete 
|   4|0x000000060d800000, 0x000000060dc00000, 0x000000060dc00000|100%|HS|  |TAMS 0x000000060dc00000| PB 0x000000060d800000| Complete 
|   5|0x000000060dc00000, 0x000000060e000000, 0x000000060e000000|100%|HC|  |TAMS 0x000000060e000000| PB 0x000000060dc00000| Complete 
|   6|0x000000060e000000, 0x000000060e400000, 0x000000060e400000|100%|HS|  |TAMS 0x000000060e400000| PB 0x000000060e000000| Complete 
|   7|0x000000060e400000, 0x000000060e800000, 0x000000060e800000|100%|HS|  |TAMS 0x000000060e800000| PB 0x000000060e400000| Complete 
|   8|0x000000060e800000, 0x000000060ec00000, 0x000000060ec00000|100%|HS|  |TAMS 0x000000060ec00000| PB 0x000000060e800000| Complete 
|   9|0x000000060ec00000, 0x000000060f000000, 0x000000060f000000|100%|HS|  |TAMS 0x000000060f000000| PB 0x000000060ec00000| Complete 
|  10|0x000000060f000000, 0x000000060f400000, 0x000000060f400000|100%|HS|  |TAMS 0x000000060f400000| PB 0x000000060f000000| Complete 
|  11|0x000000060f400000, 0x000000060f800000, 0x000000060f800000|100%|HS|  |TAMS 0x000000060f800000| PB 0x000000060f400000| Complete 
|  12|0x000000060f800000, 0x000000060fc00000, 0x000000060fc00000|100%| O|  |TAMS 0x000000060fc00000| PB 0x000000060fc00000| Untracked 
|  13|0x000000060fc00000, 0x0000000610000000, 0x0000000610000000|100%| O|  |TAMS 0x0000000610000000| PB 0x0000000610000000| Untracked 
|  14|0x0000000610000000, 0x0000000610400000, 0x0000000610400000|100%|HS|  |TAMS 0x0000000610400000| PB 0x0000000610000000| Complete 
|  15|0x0000000610400000, 0x0000000610800000, 0x0000000610800000|100%|HC|  |TAMS 0x0000000610800000| PB 0x0000000610400000| Complete 
|  16|0x0000000610800000, 0x0000000610c00000, 0x0000000610c00000|100%|HS|  |TAMS 0x0000000610c00000| PB 0x0000000610800000| Complete 
|  17|0x0000000610c00000, 0x0000000611000000, 0x0000000611000000|100%|HC|  |TAMS 0x0000000611000000| PB 0x0000000610c00000| Complete 
|  18|0x0000000611000000, 0x0000000611400000, 0x0000000611400000|100%| O|  |TAMS 0x0000000611400000| PB 0x0000000611400000| Untracked 
|  19|0x0000000611400000, 0x0000000611800000, 0x0000000611800000|100%| O|  |TAMS 0x0000000611800000| PB 0x0000000611800000| Untracked 
|  20|0x0000000611800000, 0x0000000611c00000, 0x0000000611c00000|100%| O|  |TAMS 0x0000000611c00000| PB 0x0000000611c00000| Untracked 
|  21|0x0000000611c00000, 0x0000000612000000, 0x0000000612000000|100%| O|  |TAMS 0x0000000612000000| PB 0x0000000612000000| Untracked 
|  22|0x0000000612000000, 0x0000000612400000, 0x0000000612400000|100%| O|  |TAMS 0x0000000612400000| PB 0x0000000612400000| Untracked 
|  23|0x0000000612400000, 0x0000000612800000, 0x0000000612800000|100%| O|  |TAMS 0x0000000612800000| PB 0x0000000612800000| Untracked 
|  24|0x0000000612800000, 0x0000000612c00000, 0x0000000612c00000|100%| O|  |TAMS 0x0000000612c00000| PB 0x0000000612c00000| Updating 
|  25|0x0000000612c00000, 0x0000000613000000, 0x0000000613000000|100%| O|  |TAMS 0x0000000613000000| PB 0x0000000613000000| Updating 
|  26|0x0000000613000000, 0x0000000613400000, 0x0000000613400000|100%| O|  |TAMS 0x0000000613400000| PB 0x0000000613400000| Untracked 
|  27|0x0000000613400000, 0x0000000613800000, 0x0000000613800000|100%| O|  |TAMS 0x0000000613800000| PB 0x0000000613800000| Updating 
|  28|0x0000000613800000, 0x0000000613c00000, 0x0000000613c00000|100%|HS|  |TAMS 0x0000000613c00000| PB 0x0000000613800000| Complete 
|  29|0x0000000613c00000, 0x0000000614000000, 0x0000000614000000|100%| O|  |TAMS 0x0000000614000000| PB 0x0000000614000000| Untracked 
|  30|0x0000000614000000, 0x0000000614400000, 0x0000000614400000|100%| O|  |TAMS 0x0000000614400000| PB 0x0000000614400000| Untracked 
|  31|0x0000000614400000, 0x0000000614800000, 0x0000000614800000|100%| O|  |TAMS 0x0000000614800000| PB 0x0000000614800000| Untracked 
|  32|0x0000000614800000, 0x0000000614c00000, 0x0000000614c00000|100%| O|  |TAMS 0x0000000614c00000| PB 0x0000000614c00000| Untracked 
|  33|0x0000000614c00000, 0x0000000615000000, 0x0000000615000000|100%| O|  |TAMS 0x0000000615000000| PB 0x0000000615000000| Untracked 
|  34|0x0000000615000000, 0x0000000615400000, 0x0000000615400000|100%| O|  |TAMS 0x0000000615400000| PB 0x0000000615400000| Untracked 
|  35|0x0000000615400000, 0x0000000615800000, 0x0000000615800000|100%| O|  |TAMS 0x0000000615800000| PB 0x0000000615800000| Untracked 
|  36|0x0000000615800000, 0x0000000615c00000, 0x0000000615c00000|100%| O|  |TAMS 0x0000000615c00000| PB 0x0000000615c00000| Untracked 
|  37|0x0000000615c00000, 0x0000000616000000, 0x0000000616000000|100%| O|  |TAMS 0x0000000616000000| PB 0x0000000616000000| Untracked 
|  38|0x0000000616000000, 0x0000000616400000, 0x0000000616400000|100%| O|  |TAMS 0x0000000616400000| PB 0x0000000616400000| Untracked 
|  39|0x0000000616400000, 0x0000000616800000, 0x0000000616800000|100%| O|  |TAMS 0x0000000616800000| PB 0x0000000616800000| Untracked 
|  40|0x0000000616800000, 0x0000000616c00000, 0x0000000616c00000|100%| O|  |TAMS 0x0000000616c00000| PB 0x0000000616c00000| Updating 
|  41|0x0000000616c00000, 0x0000000617000000, 0x0000000617000000|100%| O|  |TAMS 0x0000000617000000| PB 0x0000000617000000| Untracked 
|  42|0x0000000617000000, 0x0000000617400000, 0x0000000617400000|100%| O|  |TAMS 0x0000000617400000| PB 0x0000000617400000| Updating 
|  43|0x0000000617400000, 0x0000000617800000, 0x0000000617800000|100%|HS|  |TAMS 0x0000000617800000| PB 0x0000000617400000| Complete 
|  44|0x0000000617800000, 0x0000000617c00000, 0x0000000617c00000|100%|HC|  |TAMS 0x0000000617c00000| PB 0x0000000617800000| Complete 
|  45|0x0000000617c00000, 0x0000000618000000, 0x0000000618000000|100%| O|  |TAMS 0x0000000618000000| PB 0x0000000618000000| Untracked 
|  46|0x0000000618000000, 0x0000000618400000, 0x0000000618400000|100%| O|  |TAMS 0x0000000618400000| PB 0x0000000618400000| Untracked 
|  47|0x0000000618400000, 0x0000000618800000, 0x0000000618800000|100%| O|  |TAMS 0x0000000618800000| PB 0x0000000618800000| Updating 
|  48|0x0000000618800000, 0x0000000618c00000, 0x0000000618c00000|100%|HS|  |TAMS 0x0000000618c00000| PB 0x0000000618800000| Complete 
|  49|0x0000000618c00000, 0x0000000619000000, 0x0000000619000000|100%|HC|  |TAMS 0x0000000619000000| PB 0x0000000618c00000| Complete 
|  50|0x0000000619000000, 0x0000000619400000, 0x0000000619400000|100%| O|  |TAMS 0x0000000619400000| PB 0x0000000619400000| Untracked 
|  51|0x0000000619400000, 0x0000000619800000, 0x0000000619800000|100%| O|  |TAMS 0x0000000619800000| PB 0x0000000619800000| Untracked 
|  52|0x0000000619800000, 0x0000000619c00000, 0x0000000619c00000|100%| O|  |TAMS 0x0000000619c00000| PB 0x0000000619c00000| Untracked 
|  53|0x0000000619c00000, 0x000000061a000000, 0x000000061a000000|100%| O|  |TAMS 0x000000061a000000| PB 0x000000061a000000| Updating 
|  54|0x000000061a000000, 0x000000061a400000, 0x000000061a400000|100%| O|  |TAMS 0x000000061a400000| PB 0x000000061a400000| Untracked 
|  55|0x000000061a400000, 0x000000061a800000, 0x000000061a800000|100%|HS|  |TAMS 0x000000061a800000| PB 0x000000061a400000| Complete 
|  56|0x000000061a800000, 0x000000061ac00000, 0x000000061ac00000|100%|HC|  |TAMS 0x000000061ac00000| PB 0x000000061a800000| Complete 
|  57|0x000000061ac00000, 0x000000061b000000, 0x000000061b000000|100%| O|  |TAMS 0x000000061b000000| PB 0x000000061b000000| Untracked 
|  58|0x000000061b000000, 0x000000061b400000, 0x000000061b400000|100%| O|  |TAMS 0x000000061b400000| PB 0x000000061b400000| Untracked 
|  59|0x000000061b400000, 0x000000061b800000, 0x000000061b800000|100%| O|  |TAMS 0x000000061b800000| PB 0x000000061b800000| Untracked 
|  60|0x000000061b800000, 0x000000061bc00000, 0x000000061bc00000|100%| O|  |TAMS 0x000000061bc00000| PB 0x000000061bc00000| Untracked 
|  61|0x000000061bc00000, 0x000000061c000000, 0x000000061c000000|100%| O|  |TAMS 0x000000061c000000| PB 0x000000061c000000| Untracked 
|  62|0x000000061c000000, 0x000000061c400000, 0x000000061c400000|100%| O|  |TAMS 0x000000061c400000| PB 0x000000061c400000| Untracked 
|  63|0x000000061c400000, 0x000000061c800000, 0x000000061c800000|100%| O|  |TAMS 0x000000061c800000| PB 0x000000061c800000| Updating 
|  64|0x000000061c800000, 0x000000061cc00000, 0x000000061cc00000|100%|HS|  |TAMS 0x000000061cc00000| PB 0x000000061c800000| Complete 
|  65|0x000000061cc00000, 0x000000061d000000, 0x000000061d000000|100%| O|  |TAMS 0x000000061d000000| PB 0x000000061d000000| Untracked 
|  66|0x000000061d000000, 0x000000061d400000, 0x000000061d400000|100%| O|  |TAMS 0x000000061d400000| PB 0x000000061d400000| Untracked 
|  67|0x000000061d400000, 0x000000061d800000, 0x000000061d800000|100%| O|  |TAMS 0x000000061d800000| PB 0x000000061d800000| Untracked 
|  68|0x000000061d800000, 0x000000061dc00000, 0x000000061dc00000|100%| O|  |TAMS 0x000000061dc00000| PB 0x000000061dc00000| Untracked 
|  69|0x000000061dc00000, 0x000000061e000000, 0x000000061e000000|100%| O|  |TAMS 0x000000061e000000| PB 0x000000061e000000| Untracked 
|  70|0x000000061e000000, 0x000000061e400000, 0x000000061e400000|100%| O|  |TAMS 0x000000061e400000| PB 0x000000061e400000| Untracked 
|  71|0x000000061e400000, 0x000000061e800000, 0x000000061e800000|100%| O|  |TAMS 0x000000061e800000| PB 0x000000061e800000| Untracked 
|  72|0x000000061e800000, 0x000000061ec00000, 0x000000061ec00000|100%| O|  |TAMS 0x000000061ec00000| PB 0x000000061ec00000| Untracked 
|  73|0x000000061ec00000, 0x000000061f000000, 0x000000061f000000|100%| O|  |TAMS 0x000000061f000000| PB 0x000000061f000000| Untracked 
|  74|0x000000061f000000, 0x000000061f400000, 0x000000061f400000|100%| O|  |TAMS 0x000000061f400000| PB 0x000000061f400000| Untracked 
|  75|0x000000061f400000, 0x000000061f800000, 0x000000061f800000|100%| O|  |TAMS 0x000000061f800000| PB 0x000000061f800000| Untracked 
|  76|0x000000061f800000, 0x000000061fc00000, 0x000000061fc00000|100%|HS|  |TAMS 0x000000061fc00000| PB 0x000000061f800000| Complete 
|  77|0x000000061fc00000, 0x0000000620000000, 0x0000000620000000|100%| O|  |TAMS 0x0000000620000000| PB 0x0000000620000000| Untracked 
|  78|0x0000000620000000, 0x0000000620400000, 0x0000000620400000|100%| O|  |TAMS 0x0000000620400000| PB 0x0000000620400000| Untracked 
|  79|0x0000000620400000, 0x0000000620800000, 0x0000000620800000|100%| O|  |TAMS 0x0000000620800000| PB 0x0000000620800000| Untracked 
|  80|0x0000000620800000, 0x0000000620c00000, 0x0000000620c00000|100%| O|  |TAMS 0x0000000620c00000| PB 0x0000000620c00000| Untracked 
|  81|0x0000000620c00000, 0x0000000621000000, 0x0000000621000000|100%| O|  |TAMS 0x0000000621000000| PB 0x0000000621000000| Untracked 
|  82|0x0000000621000000, 0x0000000621400000, 0x0000000621400000|100%| O|  |TAMS 0x0000000621400000| PB 0x0000000621400000| Updating 
|  83|0x0000000621400000, 0x0000000621800000, 0x0000000621800000|100%| O|  |TAMS 0x0000000621800000| PB 0x0000000621800000| Untracked 
|  84|0x0000000621800000, 0x0000000621c00000, 0x0000000621c00000|100%| O|  |TAMS 0x0000000621c00000| PB 0x0000000621c00000| Untracked 
|  85|0x0000000621c00000, 0x0000000622000000, 0x0000000622000000|100%| O|  |TAMS 0x0000000622000000| PB 0x0000000622000000| Updating 
|  86|0x0000000622000000, 0x0000000622400000, 0x0000000622400000|100%| O|  |TAMS 0x0000000622400000| PB 0x0000000622400000| Updating 
|  87|0x0000000622400000, 0x0000000622800000, 0x0000000622800000|100%|HS|  |TAMS 0x0000000622800000| PB 0x0000000622400000| Complete 
|  88|0x0000000622800000, 0x0000000622c00000, 0x0000000622c00000|100%|HS|  |TAMS 0x0000000622c00000| PB 0x0000000622800000| Complete 
|  89|0x0000000622c00000, 0x0000000623000000, 0x0000000623000000|100%| O|  |TAMS 0x0000000623000000| PB 0x0000000623000000| Untracked 
|  90|0x0000000623000000, 0x0000000623400000, 0x0000000623400000|100%| O|  |TAMS 0x0000000623400000| PB 0x0000000623400000| Untracked 
|  91|0x0000000623400000, 0x0000000623800000, 0x0000000623800000|100%| O|  |TAMS 0x0000000623800000| PB 0x0000000623800000| Untracked 
|  92|0x0000000623800000, 0x0000000623c00000, 0x0000000623c00000|100%| O|  |TAMS 0x0000000623c00000| PB 0x0000000623c00000| Untracked 
|  93|0x0000000623c00000, 0x0000000624000000, 0x0000000624000000|100%| O|  |TAMS 0x0000000624000000| PB 0x0000000624000000| Untracked 
|  94|0x0000000624000000, 0x0000000624400000, 0x0000000624400000|100%| O|  |TAMS 0x0000000624400000| PB 0x0000000624400000| Updating 
|  95|0x0000000624400000, 0x0000000624800000, 0x0000000624800000|100%| O|  |TAMS 0x0000000624800000| PB 0x0000000624800000| Untracked 
|  96|0x0000000624800000, 0x0000000624c00000, 0x0000000624c00000|100%| O|  |TAMS 0x0000000624c00000| PB 0x0000000624c00000| Untracked 
|  97|0x0000000624c00000, 0x0000000625000000, 0x0000000625000000|100%| O|  |TAMS 0x0000000625000000| PB 0x0000000625000000| Untracked 
|  98|0x0000000625000000, 0x0000000625400000, 0x0000000625400000|100%| O|  |TAMS 0x0000000625400000| PB 0x0000000625400000| Untracked 
|  99|0x0000000625400000, 0x0000000625800000, 0x0000000625800000|100%| O|  |TAMS 0x0000000625800000| PB 0x0000000625800000| Untracked 
| 100|0x0000000625800000, 0x0000000625c00000, 0x0000000625c00000|100%| O|  |TAMS 0x0000000625c00000| PB 0x0000000625c00000| Untracked 
| 101|0x0000000625c00000, 0x0000000626000000, 0x0000000626000000|100%| O|  |TAMS 0x0000000626000000| PB 0x0000000626000000| Untracked 
| 102|0x0000000626000000, 0x0000000626400000, 0x0000000626400000|100%| O|  |TAMS 0x0000000626400000| PB 0x0000000626400000| Untracked 
| 103|0x0000000626400000, 0x0000000626800000, 0x0000000626800000|100%| O|  |TAMS 0x0000000626800000| PB 0x0000000626800000| Updating 
| 104|0x0000000626800000, 0x0000000626c00000, 0x0000000626c00000|100%| O|  |TAMS 0x0000000626c00000| PB 0x0000000626c00000| Updating 
| 105|0x0000000626c00000, 0x0000000627000000, 0x0000000627000000|100%|HS|  |TAMS 0x0000000627000000| PB 0x0000000626c00000| Complete 
| 106|0x0000000627000000, 0x0000000627400000, 0x0000000627400000|100%| O|  |TAMS 0x0000000627400000| PB 0x0000000627400000| Untracked 
| 107|0x0000000627400000, 0x0000000627800000, 0x0000000627800000|100%| O|  |TAMS 0x0000000627800000| PB 0x0000000627800000| Untracked 
| 108|0x0000000627800000, 0x0000000627c00000, 0x0000000627c00000|100%| O|  |TAMS 0x0000000627c00000| PB 0x0000000627c00000| Untracked 
| 109|0x0000000627c00000, 0x0000000628000000, 0x0000000628000000|100%| O|  |TAMS 0x0000000628000000| PB 0x0000000628000000| Untracked 
| 110|0x0000000628000000, 0x0000000628400000, 0x0000000628400000|100%| O|  |TAMS 0x0000000628400000| PB 0x0000000628400000| Untracked 
| 111|0x0000000628400000, 0x0000000628800000, 0x0000000628800000|100%| O|  |TAMS 0x0000000628800000| PB 0x0000000628800000| Updating 
| 112|0x0000000628800000, 0x0000000628c00000, 0x0000000628c00000|100%| O|  |TAMS 0x0000000628c00000| PB 0x0000000628c00000| Updating 
| 113|0x0000000628c00000, 0x0000000629000000, 0x0000000629000000|100%| O|  |TAMS 0x0000000629000000| PB 0x0000000629000000| Untracked 
| 114|0x0000000629000000, 0x00000006293c5838, 0x0000000629400000| 94%| O|  |TAMS 0x00000006293c5838| PB 0x00000006293c5838| Updating 
| 115|0x0000000629400000, 0x0000000629400000, 0x0000000629800000|  0%| F|  |TAMS 0x0000000629400000| PB 0x0000000629400000| Untracked 
| 116|0x0000000629800000, 0x0000000629800000, 0x0000000629c00000|  0%| F|  |TAMS 0x0000000629800000| PB 0x0000000629800000| Untracked 
| 117|0x0000000629c00000, 0x0000000629c00000, 0x000000062a000000|  0%| F|  |TAMS 0x0000000629c00000| PB 0x0000000629c00000| Untracked 
| 118|0x000000062a000000, 0x000000062a000000, 0x000000062a400000|  0%| F|  |TAMS 0x000000062a000000| PB 0x000000062a000000| Untracked 
| 119|0x000000062a400000, 0x000000062a400000, 0x000000062a800000|  0%| F|  |TAMS 0x000000062a400000| PB 0x000000062a400000| Untracked 
| 120|0x000000062a800000, 0x000000062a800000, 0x000000062ac00000|  0%| F|  |TAMS 0x000000062a800000| PB 0x000000062a800000| Untracked 
| 121|0x000000062ac00000, 0x000000062ac00000, 0x000000062b000000|  0%| F|  |TAMS 0x000000062ac00000| PB 0x000000062ac00000| Untracked 
| 122|0x000000062b000000, 0x000000062b000000, 0x000000062b400000|  0%| F|  |TAMS 0x000000062b000000| PB 0x000000062b000000| Untracked 
| 123|0x000000062b400000, 0x000000062b400000, 0x000000062b800000|  0%| F|  |TAMS 0x000000062b400000| PB 0x000000062b400000| Untracked 
| 124|0x000000062b800000, 0x000000062b800000, 0x000000062bc00000|  0%| F|  |TAMS 0x000000062b800000| PB 0x000000062b800000| Untracked 
| 125|0x000000062bc00000, 0x000000062bc00000, 0x000000062c000000|  0%| F|  |TAMS 0x000000062bc00000| PB 0x000000062bc00000| Untracked 
| 126|0x000000062c000000, 0x000000062c000000, 0x000000062c400000|  0%| F|  |TAMS 0x000000062c000000| PB 0x000000062c000000| Untracked 
| 127|0x000000062c400000, 0x000000062c400000, 0x000000062c800000|  0%| F|  |TAMS 0x000000062c400000| PB 0x000000062c400000| Untracked 
| 128|0x000000062c800000, 0x000000062c800000, 0x000000062cc00000|  0%| F|  |TAMS 0x000000062c800000| PB 0x000000062c800000| Untracked 
| 129|0x000000062cc00000, 0x000000062cc00000, 0x000000062d000000|  0%| F|  |TAMS 0x000000062cc00000| PB 0x000000062cc00000| Untracked 
| 130|0x000000062d000000, 0x000000062d000000, 0x000000062d400000|  0%| F|  |TAMS 0x000000062d000000| PB 0x000000062d000000| Untracked 
| 131|0x000000062d400000, 0x000000062d400000, 0x000000062d800000|  0%| F|  |TAMS 0x000000062d400000| PB 0x000000062d400000| Untracked 
| 132|0x000000062d800000, 0x000000062d800000, 0x000000062dc00000|  0%| F|  |TAMS 0x000000062d800000| PB 0x000000062d800000| Untracked 
| 133|0x000000062dc00000, 0x000000062dc00000, 0x000000062e000000|  0%| F|  |TAMS 0x000000062dc00000| PB 0x000000062dc00000| Untracked 
| 134|0x000000062e000000, 0x000000062e000000, 0x000000062e400000|  0%| F|  |TAMS 0x000000062e000000| PB 0x000000062e000000| Untracked 
| 135|0x000000062e400000, 0x000000062e400000, 0x000000062e800000|  0%| F|  |TAMS 0x000000062e400000| PB 0x000000062e400000| Untracked 
| 136|0x000000062e800000, 0x000000062ebcb990, 0x000000062ec00000| 94%| S|CS|TAMS 0x000000062e800000| PB 0x000000062e800000| Complete 
| 137|0x000000062ec00000, 0x000000062f000000, 0x000000062f000000|100%| S|CS|TAMS 0x000000062ec00000| PB 0x000000062ec00000| Complete 
| 138|0x000000062f000000, 0x000000062f400000, 0x000000062f400000|100%| S|CS|TAMS 0x000000062f000000| PB 0x000000062f000000| Complete 
| 139|0x000000062f400000, 0x000000062f400000, 0x000000062f800000|  0%| F|  |TAMS 0x000000062f400000| PB 0x000000062f400000| Untracked 
| 140|0x000000062f800000, 0x000000062f800000, 0x000000062fc00000|  0%| F|  |TAMS 0x000000062f800000| PB 0x000000062f800000| Untracked 
| 141|0x000000062fc00000, 0x000000062fc00000, 0x0000000630000000|  0%| F|  |TAMS 0x000000062fc00000| PB 0x000000062fc00000| Untracked 
| 142|0x0000000630000000, 0x0000000630000000, 0x0000000630400000|  0%| F|  |TAMS 0x0000000630000000| PB 0x0000000630000000| Untracked 
| 143|0x0000000630400000, 0x0000000630400000, 0x0000000630800000|  0%| F|  |TAMS 0x0000000630400000| PB 0x0000000630400000| Untracked 
| 144|0x0000000630800000, 0x0000000630800000, 0x0000000630c00000|  0%| F|  |TAMS 0x0000000630800000| PB 0x0000000630800000| Untracked 
| 145|0x0000000630c00000, 0x0000000630c00000, 0x0000000631000000|  0%| F|  |TAMS 0x0000000630c00000| PB 0x0000000630c00000| Untracked 
| 146|0x0000000631000000, 0x0000000631000000, 0x0000000631400000|  0%| F|  |TAMS 0x0000000631000000| PB 0x0000000631000000| Untracked 
| 147|0x0000000631400000, 0x0000000631400000, 0x0000000631800000|  0%| F|  |TAMS 0x0000000631400000| PB 0x0000000631400000| Untracked 
| 148|0x0000000631800000, 0x0000000631800000, 0x0000000631c00000|  0%| F|  |TAMS 0x0000000631800000| PB 0x0000000631800000| Untracked 
| 149|0x0000000631c00000, 0x0000000631c00000, 0x0000000632000000|  0%| F|  |TAMS 0x0000000631c00000| PB 0x0000000631c00000| Untracked 
| 150|0x0000000632000000, 0x0000000632000000, 0x0000000632400000|  0%| F|  |TAMS 0x0000000632000000| PB 0x0000000632000000| Untracked 
| 151|0x0000000632400000, 0x0000000632400000, 0x0000000632800000|  0%| F|  |TAMS 0x0000000632400000| PB 0x0000000632400000| Untracked 
| 152|0x0000000632800000, 0x0000000632800000, 0x0000000632c00000|  0%| F|  |TAMS 0x0000000632800000| PB 0x0000000632800000| Untracked 
| 153|0x0000000632c00000, 0x0000000632c00000, 0x0000000633000000|  0%| F|  |TAMS 0x0000000632c00000| PB 0x0000000632c00000| Untracked 
| 154|0x0000000633000000, 0x0000000633000000, 0x0000000633400000|  0%| F|  |TAMS 0x0000000633000000| PB 0x0000000633000000| Untracked 
| 155|0x0000000633400000, 0x0000000633400000, 0x0000000633800000|  0%| F|  |TAMS 0x0000000633400000| PB 0x0000000633400000| Untracked 
| 156|0x0000000633800000, 0x0000000633800000, 0x0000000633c00000|  0%| F|  |TAMS 0x0000000633800000| PB 0x0000000633800000| Untracked 
| 157|0x0000000633c00000, 0x0000000633c00000, 0x0000000634000000|  0%| F|  |TAMS 0x0000000633c00000| PB 0x0000000633c00000| Untracked 
| 158|0x0000000634000000, 0x0000000634000000, 0x0000000634400000|  0%| F|  |TAMS 0x0000000634000000| PB 0x0000000634000000| Untracked 
| 159|0x0000000634400000, 0x0000000634400000, 0x0000000634800000|  0%| F|  |TAMS 0x0000000634400000| PB 0x0000000634400000| Untracked 
| 160|0x0000000634800000, 0x0000000634800000, 0x0000000634c00000|  0%| F|  |TAMS 0x0000000634800000| PB 0x0000000634800000| Untracked 
| 161|0x0000000634c00000, 0x0000000634c00000, 0x0000000635000000|  0%| F|  |TAMS 0x0000000634c00000| PB 0x0000000634c00000| Untracked 
| 162|0x0000000635000000, 0x0000000635000000, 0x0000000635400000|  0%| F|  |TAMS 0x0000000635000000| PB 0x0000000635000000| Untracked 
| 163|0x0000000635400000, 0x0000000635400000, 0x0000000635800000|  0%| F|  |TAMS 0x0000000635400000| PB 0x0000000635400000| Untracked 
| 164|0x0000000635800000, 0x0000000635800000, 0x0000000635c00000|  0%| F|  |TAMS 0x0000000635800000| PB 0x0000000635800000| Untracked 
| 165|0x0000000635c00000, 0x0000000635c00000, 0x0000000636000000|  0%| F|  |TAMS 0x0000000635c00000| PB 0x0000000635c00000| Untracked 
| 166|0x0000000636000000, 0x0000000636000000, 0x0000000636400000|  0%| F|  |TAMS 0x0000000636000000| PB 0x0000000636000000| Untracked 
| 167|0x0000000636400000, 0x0000000636400000, 0x0000000636800000|  0%| F|  |TAMS 0x0000000636400000| PB 0x0000000636400000| Untracked 
| 168|0x0000000636800000, 0x0000000636800000, 0x0000000636c00000|  0%| F|  |TAMS 0x0000000636800000| PB 0x0000000636800000| Untracked 
| 169|0x0000000636c00000, 0x0000000636c00000, 0x0000000637000000|  0%| F|  |TAMS 0x0000000636c00000| PB 0x0000000636c00000| Untracked 
| 170|0x0000000637000000, 0x0000000637000000, 0x0000000637400000|  0%| F|  |TAMS 0x0000000637000000| PB 0x0000000637000000| Untracked 
| 171|0x0000000637400000, 0x0000000637400000, 0x0000000637800000|  0%| F|  |TAMS 0x0000000637400000| PB 0x0000000637400000| Untracked 
|1981|0x00000007fbc00000, 0x00000007fc000000, 0x00000007fc000000|100%| O|  |TAMS 0x00000007fc000000| PB 0x00000007fc000000| Untracked 
|1982|0x00000007fc000000, 0x00000007fc400000, 0x00000007fc400000|100%| E|  |TAMS 0x00000007fc000000| PB 0x00000007fc000000| Complete 
|1983|0x00000007fc400000, 0x00000007fc800000, 0x00000007fc800000|100%| O|  |TAMS 0x00000007fc800000| PB 0x00000007fc800000| Updating 
|1984|0x00000007fc800000, 0x00000007fcc00000, 0x00000007fcc00000|100%| O|  |TAMS 0x00000007fcc00000| PB 0x00000007fcc00000| Updating 
|1985|0x00000007fcc00000, 0x00000007fd000000, 0x00000007fd000000|100%| O|  |TAMS 0x00000007fd000000| PB 0x00000007fd000000| Updating 
|1986|0x00000007fd000000, 0x00000007fd400000, 0x00000007fd400000|100%| O|  |TAMS 0x00000007fd400000| PB 0x00000007fd400000| Untracked 
|1987|0x00000007fd400000, 0x00000007fd800000, 0x00000007fd800000|100%| O|  |TAMS 0x00000007fd800000| PB 0x00000007fd800000| Untracked 
|1988|0x00000007fd800000, 0x00000007fdc00000, 0x00000007fdc00000|100%| O|  |TAMS 0x00000007fdc00000| PB 0x00000007fdc00000| Untracked 
|1989|0x00000007fdc00000, 0x00000007fe000000, 0x00000007fe000000|100%| O|  |TAMS 0x00000007fe000000| PB 0x00000007fe000000| Untracked 
|1990|0x00000007fe000000, 0x00000007fe400000, 0x00000007fe400000|100%| O|  |TAMS 0x00000007fe400000| PB 0x00000007fe400000| Untracked 
|1991|0x00000007fe400000, 0x00000007fe800000, 0x00000007fe800000|100%| O|  |TAMS 0x00000007fe800000| PB 0x00000007fe800000| Untracked 
|1992|0x00000007fe800000, 0x00000007fec00000, 0x00000007fec00000|100%| O|  |TAMS 0x00000007fec00000| PB 0x00000007fec00000| Untracked 
|1993|0x00000007fec00000, 0x00000007ff000000, 0x00000007ff000000|100%| O|  |TAMS 0x00000007ff000000| PB 0x00000007ff000000| Untracked 
|1994|0x00000007ff000000, 0x00000007ff400000, 0x00000007ff400000|100%| O|  |TAMS 0x00000007ff400000| PB 0x00000007ff400000| Untracked 
|1995|0x00000007ff400000, 0x00000007ff800000, 0x00000007ff800000|100%| O|  |TAMS 0x00000007ff800000| PB 0x00000007ff800000| Updating 
|1996|0x00000007ff800000, 0x00000007ffc00000, 0x00000007ffc00000|100%| O|  |TAMS 0x00000007ffc00000| PB 0x00000007ffc00000| Untracked 
|1997|0x00000007ffc00000, 0x0000000800000000, 0x0000000800000000|100%| E|CS|TAMS 0x00000007ffc00000| PB 0x00000007ffc00000| Complete 

Card table byte_map: [0x0000023681830000,0x00000236827d0000] _byte_map_base: 0x000002367e7cc000

Marking Bits: (CMBitMap*) 0x00000236ec9fbea0
 Bits: [0x00000236827d0000, 0x000002368a4b0000)

Polling page: 0x00000236eab50000

Metaspace:

Usage:
  Non-class:     21.10 MB used.
      Class:      2.08 MB used.
       Both:     23.19 MB used.

Virtual space:
  Non-class space:       64.00 MB reserved,      21.25 MB ( 33%) committed,  1 nodes.
      Class space:        1.00 GB reserved,       2.25 MB ( <1%) committed,  1 nodes.
             Both:        1.06 GB reserved,      23.50 MB (  2%) committed. 

Chunk freelists:
   Non-Class:  10.70 MB
       Class:  13.73 MB
        Both:  24.44 MB

MaxMetaspaceSize: unlimited
CompressedClassSpaceSize: 1.00 GB
Initial GC threshold: 21.00 MB
Current GC threshold: 29.81 MB
CDS: off
 - commit_granule_bytes: 65536.
 - commit_granule_words: 8192.
 - virtual_space_node_default_size: 8388608.
 - enlarge_chunks_in_place: 1.
 - use_allocation_guard: 0.


Internal statistics:

num_allocs_failed_limit: 0.
num_arena_births: 214.
num_arena_deaths: 0.
num_vsnodes_births: 2.
num_vsnodes_deaths: 0.
num_space_committed: 376.
num_space_uncommitted: 0.
num_chunks_returned_to_freelist: 0.
num_chunks_taken_from_freelist: 769.
num_chunk_merges: 0.
num_chunk_splits: 514.
num_chunks_enlarged: 383.
num_inconsistent_stats: 0.

CodeHeap 'non-profiled nmethods': size=118848Kb used=6306Kb max_used=6355Kb free=112541Kb
 bounds [0x00000236f8110000, 0x00000236f8750000, 0x00000236ff520000]
CodeHeap 'profiled nmethods': size=118848Kb used=17648Kb max_used=17746Kb free=101199Kb
 bounds [0x00000236f0520000, 0x00000236f1680000, 0x00000236f7930000]
CodeHeap 'non-nmethods': size=8064Kb used=3791Kb max_used=3888Kb free=4272Kb
 bounds [0x00000236f7930000, 0x00000236f7d10000, 0x00000236f8110000]
 total_blobs=7499 nmethods=7004 adapters=392
 compilation: enabled
              stopped_count=0, restarted_count=0
 full_count=0

Compilation events (20 events):
Event: 11.774 Thread 0x000002368ec56010 7797       3       java.lang.Long::valueOf (40 bytes)
Event: 11.774 Thread 0x000002368e659910 7774       4       java.util.WeakHashMap::maskNull (12 bytes)
Event: 11.774 Thread 0x000002368ec56010 nmethod 7797 0x00000236f1672910 code [0x00000236f1672ae0, 0x00000236f1672e20]
Event: 11.774 Thread 0x000002368e1f3850 7799       3       com.sun.tools.javac.jvm.PoolConstant$LoadableConstant::Long (13 bytes)
Event: 11.775 Thread 0x0000023699e73a00 nmethod 7795 0x00000236f8743990 code [0x00000236f8743b20, 0x00000236f8743bb0]
Event: 11.775 Thread 0x000002368e1f3850 nmethod 7799 0x00000236f1672f90 code [0x00000236f1673160, 0x00000236f1673410]
Event: 11.776 Thread 0x0000023699e73a00 7798       4       com.sun.tools.javac.jvm.Code::emitop0 (2595 bytes)
Event: 11.777 Thread 0x000002368e659910 nmethod 7774 0x00000236f8743c90 code [0x00000236f8743e20, 0x00000236f8743ea8]
Event: 11.777 Thread 0x0000023693de8390 7800       3       com.sun.tools.javac.jvm.Items$StaticItem::store (23 bytes)
Event: 11.777 Thread 0x000002368e659910 7779       4       com.sun.tools.javac.code.Scope$CompoundScope$$Lambda/0x000000080019ca40::<init> (26 bytes)
Event: 11.777 Thread 0x000002368e15d700 7801       3       com.sun.tools.javac.jvm.Items$StaticItem$$Lambda/0x000000080020d420::applyAsInt (12 bytes)
Event: 11.778 Thread 0x0000023693de8390 nmethod 7800 0x00000236f1673510 code [0x00000236f16736e0, 0x00000236f1673a00]
Event: 11.778 Thread 0x000002368e15d700 nmethod 7801 0x00000236f1673b90 code [0x00000236f1673d60, 0x00000236f1674110]
Event: 11.781 Thread 0x00000236967aa3b0 nmethod 7766 0x00000236f8743f90 code [0x00000236f8744140, 0x00000236f8744618]
Event: 11.783 Thread 0x00000236967aa3b0 7802       4       com.sun.tools.javac.jvm.PoolWriter$WriteablePoolHelper::writeIfNeeded (121 bytes)
Event: 11.786 Thread 0x000002368e371240 7803       3       com.sun.tools.javac.comp.Attr::visitSelect (1338 bytes)
Event: 11.787 Thread 0x000002368e15d700 7805       3       com.sun.tools.javac.comp.Check$$Lambda/0x0000000800212a58::<init> (32 bytes)
Event: 11.788 Thread 0x000002368e15d700 nmethod 7805 0x00000236f1674290 code [0x00000236f1674440, 0x00000236f1674798]
Event: 11.791 Thread 0x000002368e659910 nmethod 7779 0x00000236f8744810 code [0x00000236f87449a0, 0x00000236f8744df8]
Event: 11.793 Thread 0x000002368e659910 7804       4       java.util.HashMap::put (13 bytes)

GC Heap History (20 events):
Event: 5.256 GC heap before
{Heap before GC invocations=28 (full 2):
 garbage-first heap   total 409600K, used 293608K [0x000000060c800000, 0x0000000800000000)
  region size 4096K, 12 young (49152K), 2 survivors (8192K)
 Metaspace       used 18118K, committed 18304K, reserved 1114112K
  class space    used 1675K, committed 1792K, reserved 1048576K
}
Event: 5.261 GC heap after
{Heap after GC invocations=29 (full 2):
 garbage-first heap   total 409600K, used 266240K [0x000000060c800000, 0x0000000800000000)
  region size 4096K, 2 young (8192K), 2 survivors (8192K)
 Metaspace       used 18118K, committed 18304K, reserved 1114112K
  class space    used 1675K, committed 1792K, reserved 1048576K
}
Event: 5.371 GC heap before
{Heap before GC invocations=29 (full 2):
 garbage-first heap   total 409600K, used 335872K [0x000000060c800000, 0x0000000800000000)
  region size 4096K, 18 young (73728K), 2 survivors (8192K)
 Metaspace       used 18157K, committed 18304K, reserved 1114112K
  class space    used 1675K, committed 1792K, reserved 1048576K
}
Event: 5.378 GC heap after
{Heap after GC invocations=30 (full 2):
 garbage-first heap   total 573440K, used 291058K [0x000000060c800000, 0x0000000800000000)
  region size 4096K, 3 young (12288K), 3 survivors (12288K)
 Metaspace       used 18157K, committed 18304K, reserved 1114112K
  class space    used 1675K, committed 1792K, reserved 1048576K
}
Event: 5.718 GC heap before
{Heap before GC invocations=30 (full 2):
 garbage-first heap   total 573440K, used 430322K [0x000000060c800000, 0x0000000800000000)
  region size 4096K, 35 young (143360K), 3 survivors (12288K)
 Metaspace       used 18159K, committed 18368K, reserved 1114112K
  class space    used 1675K, committed 1792K, reserved 1048576K
}
Event: 5.728 GC heap after
{Heap after GC invocations=31 (full 2):
 garbage-first heap   total 573440K, used 348004K [0x000000060c800000, 0x0000000800000000)
  region size 4096K, 5 young (20480K), 5 survivors (20480K)
 Metaspace       used 18159K, committed 18368K, reserved 1114112K
  class space    used 1675K, committed 1792K, reserved 1048576K
}
Event: 6.181 GC heap before
{Heap before GC invocations=31 (full 2):
 garbage-first heap   total 573440K, used 466788K [0x000000060c800000, 0x0000000800000000)
  region size 4096K, 33 young (135168K), 5 survivors (20480K)
 Metaspace       used 18169K, committed 18432K, reserved 1114112K
  class space    used 1675K, committed 1792K, reserved 1048576K
}
Event: 6.189 GC heap after
{Heap after GC invocations=32 (full 2):
 garbage-first heap   total 573440K, used 393216K [0x000000060c800000, 0x0000000800000000)
  region size 4096K, 5 young (20480K), 5 survivors (20480K)
 Metaspace       used 18169K, committed 18432K, reserved 1114112K
  class space    used 1675K, committed 1792K, reserved 1048576K
}
Event: 6.499 GC heap before
{Heap before GC invocations=32 (full 2):
 garbage-first heap   total 573440K, used 487424K [0x000000060c800000, 0x0000000800000000)
  region size 4096K, 27 young (110592K), 5 survivors (20480K)
 Metaspace       used 18169K, committed 18432K, reserved 1114112K
  class space    used 1675K, committed 1792K, reserved 1048576K
}
Event: 6.505 GC heap after
{Heap after GC invocations=33 (full 2):
 garbage-first heap   total 573440K, used 430918K [0x000000060c800000, 0x0000000800000000)
  region size 4096K, 4 young (16384K), 4 survivors (16384K)
 Metaspace       used 18169K, committed 18432K, reserved 1114112K
  class space    used 1675K, committed 1792K, reserved 1048576K
}
Event: 6.623 GC heap before
{Heap before GC invocations=33 (full 2):
 garbage-first heap   total 573440K, used 508742K [0x000000060c800000, 0x0000000800000000)
  region size 4096K, 21 young (86016K), 4 survivors (16384K)
 Metaspace       used 18169K, committed 18432K, reserved 1114112K
  class space    used 1675K, committed 1792K, reserved 1048576K
}
Event: 6.629 GC heap after
{Heap after GC invocations=34 (full 2):
 garbage-first heap   total 716800K, used 461009K [0x000000060c800000, 0x0000000800000000)
  region size 4096K, 3 young (12288K), 3 survivors (12288K)
 Metaspace       used 18169K, committed 18432K, reserved 1114112K
  class space    used 1675K, committed 1792K, reserved 1048576K
}
Event: 7.216 GC heap before
{Heap before GC invocations=35 (full 2):
 garbage-first heap   total 774144K, used 592081K [0x000000060c800000, 0x0000000800000000)
  region size 4096K, 35 young (143360K), 3 survivors (12288K)
 Metaspace       used 18174K, committed 18432K, reserved 1114112K
  class space    used 1676K, committed 1792K, reserved 1048576K
}
Event: 7.225 GC heap after
{Heap after GC invocations=36 (full 2):
 garbage-first heap   total 774144K, used 508583K [0x000000060c800000, 0x0000000800000000)
  region size 4096K, 5 young (20480K), 5 survivors (20480K)
 Metaspace       used 18174K, committed 18432K, reserved 1114112K
  class space    used 1676K, committed 1792K, reserved 1048576K
}
Event: 8.581 GC heap before
{Heap before GC invocations=36 (full 2):
 garbage-first heap   total 774144K, used 647847K [0x000000060c800000, 0x0000000800000000)
  region size 4096K, 38 young (155648K), 5 survivors (20480K)
 Metaspace       used 20253K, committed 20416K, reserved 1114112K
  class space    used 1849K, committed 1920K, reserved 1048576K
}
Event: 8.608 GC heap after
{Heap after GC invocations=37 (full 2):
 garbage-first heap   total 774144K, used 529864K [0x000000060c800000, 0x0000000800000000)
  region size 4096K, 5 young (20480K), 5 survivors (20480K)
 Metaspace       used 20253K, committed 20416K, reserved 1114112K
  class space    used 1849K, committed 1920K, reserved 1048576K
}
Event: 10.481 GC heap before
{Heap before GC invocations=37 (full 2):
 garbage-first heap   total 774144K, used 656840K [0x000000060c800000, 0x0000000800000000)
  region size 4096K, 36 young (147456K), 5 survivors (20480K)
 Metaspace       used 23285K, committed 23616K, reserved 1114112K
  class space    used 2113K, committed 2240K, reserved 1048576K
}
Event: 10.490 GC heap after
{Heap after GC invocations=38 (full 2):
 garbage-first heap   total 774144K, used 540625K [0x000000060c800000, 0x0000000800000000)
  region size 4096K, 3 young (12288K), 3 survivors (12288K)
 Metaspace       used 23285K, committed 23616K, reserved 1114112K
  class space    used 2113K, committed 2240K, reserved 1048576K
}
Event: 11.724 GC heap before
{Heap before GC invocations=38 (full 2):
 garbage-first heap   total 774144K, used 671697K [0x000000060c800000, 0x0000000800000000)
  region size 4096K, 35 young (143360K), 3 survivors (12288K)
 Metaspace       used 23735K, committed 24064K, reserved 1114112K
  class space    used 2134K, committed 2304K, reserved 1048576K
}
Event: 11.729 GC heap after
{Heap after GC invocations=39 (full 2):
 garbage-first heap   total 774144K, used 544324K [0x000000060c800000, 0x0000000800000000)
  region size 4096K, 3 young (12288K), 3 survivors (12288K)
 Metaspace       used 23735K, committed 24064K, reserved 1114112K
  class space    used 2134K, committed 2304K, reserved 1048576K
}

Dll operation events (7 events):
Event: 0.009 Loaded shared library C:\Users\Power User\AppData\Roaming\PrismLauncher\java\java-runtime-delta\bin\java.dll
Event: 0.013 Loaded shared library C:\Users\Power User\AppData\Roaming\PrismLauncher\java\java-runtime-delta\bin\zip.dll
Event: 0.048 Loaded shared library C:\Users\Power User\AppData\Roaming\PrismLauncher\java\java-runtime-delta\bin\jsvml.dll
Event: 0.097 Loaded shared library C:\Users\Power User\AppData\Roaming\PrismLauncher\java\java-runtime-delta\bin\jimage.dll
Event: 0.102 Loaded shared library C:\Users\Power User\AppData\Roaming\PrismLauncher\java\java-runtime-delta\bin\zip.dll
Event: 0.159 Loaded shared library C:\Users\Power User\AppData\Roaming\PrismLauncher\java\java-runtime-delta\bin\net.dll
Event: 0.161 Loaded shared library C:\Users\Power User\AppData\Roaming\PrismLauncher\java\java-runtime-delta\bin\nio.dll

Deoptimization events (20 events):
Event: 11.668 Thread 0x00000236ec9558b0 Uncommon trap: trap_request=0xffffffde fr.pc=0x00000236f84d4000 relative=0x0000000000000b80
Event: 11.668 Thread 0x00000236ec9558b0 Uncommon trap: reason=class_check action=maybe_recompile pc=0x00000236f84d4000 method=com.sun.tools.javac.code.Types.isSubtypeUncheckedInternal(Lcom/sun/tools/javac/code/Type;Lcom/sun/tools/javac/code/Type;ZLcom/sun/tools/javac/util/Warner;)Z @ 126 c2
Event: 11.668 Thread 0x00000236ec9558b0 DEOPT PACKING pc=0x00000236f84d4000 sp=0x00000074e44fd1a0
Event: 11.668 Thread 0x00000236ec9558b0 DEOPT UNPACKING pc=0x00000236f7987da2 sp=0x00000074e44fd170 mode 2
Event: 11.705 Thread 0x00000236ec9558b0 Uncommon trap: trap_request=0xffffff45 fr.pc=0x00000236f867e6e4 relative=0x0000000000001804
Event: 11.705 Thread 0x00000236ec9558b0 Uncommon trap: reason=unstable_if action=reinterpret pc=0x00000236f867e6e4 method=com.sun.tools.javac.comp.Attr.visitSelect(Lcom/sun/tools/javac/tree/JCTree$JCFieldAccess;)V @ 1106 c2
Event: 11.705 Thread 0x00000236ec9558b0 DEOPT PACKING pc=0x00000236f867e6e4 sp=0x00000074e44fd790
Event: 11.705 Thread 0x00000236ec9558b0 DEOPT UNPACKING pc=0x00000236f7987da2 sp=0x00000074e44fd748 mode 2
Event: 11.708 Thread 0x00000236ec9558b0 Uncommon trap: trap_request=0xffffffde fr.pc=0x00000236f8416d14 relative=0x0000000000000914
Event: 11.708 Thread 0x00000236ec9558b0 Uncommon trap: reason=class_check action=maybe_recompile pc=0x00000236f8416d14 method=com.sun.tools.javac.comp.Attr$TypeAnnotationsValidator.validateAnnotatedType(Lcom/sun/tools/javac/tree/JCTree;Lcom/sun/tools/javac/code/Type;)V @ 155 c2
Event: 11.708 Thread 0x00000236ec9558b0 DEOPT PACKING pc=0x00000236f8416d14 sp=0x00000074e44fe610
Event: 11.708 Thread 0x00000236ec9558b0 DEOPT UNPACKING pc=0x00000236f7987da2 sp=0x00000074e44fe5d0 mode 2
Event: 11.710 Thread 0x00000236ec9558b0 DEOPT PACKING pc=0x00000236f0f3aaea sp=0x00000074e44fe8c0
Event: 11.710 Thread 0x00000236ec9558b0 DEOPT UNPACKING pc=0x00000236f79888e2 sp=0x00000074e44fdd40 mode 0
Event: 11.713 Thread 0x00000236ec9558b0 DEOPT PACKING pc=0x00000236f0f4bfd7 sp=0x00000074e44fe630
Event: 11.713 Thread 0x00000236ec9558b0 DEOPT UNPACKING pc=0x00000236f79888e2 sp=0x00000074e44fdb08 mode 0
Event: 11.763 Thread 0x00000236ec9558b0 Uncommon trap: trap_request=0xffffff45 fr.pc=0x00000236f856ffac relative=0x000000000000010c
Event: 11.763 Thread 0x00000236ec9558b0 Uncommon trap: reason=unstable_if action=reinterpret pc=0x00000236f856ffac method=com.sun.tools.javac.util.Bits.isMember(I)Z @ 31 c2
Event: 11.763 Thread 0x00000236ec9558b0 DEOPT PACKING pc=0x00000236f856ffac sp=0x00000074e44fe370
Event: 11.764 Thread 0x00000236ec9558b0 DEOPT UNPACKING pc=0x00000236f7987da2 sp=0x00000074e44fe2f8 mode 2

Classes loaded (20 events):
Event: 11.559 Loading class java/util/regex/Pattern$Branch
Event: 11.560 Loading class java/util/regex/Pattern$Branch done
Event: 11.562 Loading class java/util/Locale$Category
Event: 11.562 Loading class java/util/Locale$Category done
Event: 11.563 Loading class java/util/Formatter$FixedString
Event: 11.563 Loading class java/util/Formatter$FormatString
Event: 11.563 Loading class java/util/Formatter$FormatString done
Event: 11.563 Loading class java/util/Formatter$FixedString done
Event: 11.563 Loading class java/util/Formatter$Conversion
Event: 11.563 Loading class java/util/Formatter$Conversion done
Event: 11.563 Loading class java/util/Formatter$FormatSpecifier
Event: 11.564 Loading class java/util/Formatter$FormatSpecifier done
Event: 11.564 Loading class java/util/Formattable
Event: 11.565 Loading class java/util/Formattable done
Event: 11.565 Loading class java/util/Formatter$Flags
Event: 11.565 Loading class java/util/Formatter$Flags done
Event: 11.565 Loading class java/util/regex/Pattern$Loop
Event: 11.565 Loading class java/util/regex/Pattern$Loop done
Event: 11.565 Loading class java/util/regex/Pattern$Prolog
Event: 11.566 Loading class java/util/regex/Pattern$Prolog done

Classes unloaded (0 events):
No events

Classes redefined (0 events):
No events

Internal exceptions (20 events):
Event: 11.575 Thread 0x00000236ec9558b0 Exception <a 'sun/nio/fs/WindowsException'{0x000000063248e9b0}> (0x000000063248e9b0) 
thrown [s\src\hotspot\share\prims\jni.cpp, line 520]
Event: 11.576 Thread 0x00000236ec9558b0 Exception <a 'sun/nio/fs/WindowsException'{0x000000063248edf0}> (0x000000063248edf0) 
thrown [s\src\hotspot\share\prims\jni.cpp, line 520]
Event: 11.576 Thread 0x00000236ec9558b0 Exception <a 'sun/nio/fs/WindowsException'{0x000000063248f110}> (0x000000063248f110) 
thrown [s\src\hotspot\share\prims\jni.cpp, line 520]
Event: 11.576 Thread 0x00000236ec9558b0 Exception <a 'sun/nio/fs/WindowsException'{0x000000063248f520}> (0x000000063248f520) 
thrown [s\src\hotspot\share\prims\jni.cpp, line 520]
Event: 11.576 Thread 0x00000236ec9558b0 Exception <a 'sun/nio/fs/WindowsException'{0x000000063248f918}> (0x000000063248f918) 
thrown [s\src\hotspot\share\prims\jni.cpp, line 520]
Event: 11.581 Thread 0x00000236ec9558b0 Exception <a 'sun/nio/fs/WindowsException'{0x000000063249b4c0}> (0x000000063249b4c0) 
thrown [s\src\hotspot\share\prims\jni.cpp, line 520]
Event: 11.584 Thread 0x00000236ec9558b0 Exception <a 'sun/nio/fs/WindowsException'{0x00000006324a4a88}> (0x00000006324a4a88) 
thrown [s\src\hotspot\share\prims\jni.cpp, line 520]
Event: 11.586 Thread 0x00000236ec9558b0 Exception <a 'sun/nio/fs/WindowsException'{0x00000006324ad630}> (0x00000006324ad630) 
thrown [s\src\hotspot\share\prims\jni.cpp, line 520]
Event: 11.589 Thread 0x00000236ec9558b0 Exception <a 'sun/nio/fs/WindowsException'{0x00000006324e6bb0}> (0x00000006324e6bb0) 
thrown [s\src\hotspot\share\prims\jni.cpp, line 520]
Event: 11.649 Thread 0x00000236ec9558b0 Exception <a 'java/lang/NoSuchMethodError'{0x000000063166f018}: 'void java.lang.invoke.DirectMethodHandle$Holder.invokeStatic(java.lang.Object, java.lang.Object, java.lang.Object, java.lang.Object)'> (0x000000063166f018) 
thrown [s\src\hotspot\share\interpreter\linkResolver.cpp, line 773]
Event: 11.737 Thread 0x00000236ec9558b0 Exception <a 'sun/nio/fs/WindowsException'{0x00000007ffcd52a0}> (0x00000007ffcd52a0) 
thrown [s\src\hotspot\share\prims\jni.cpp, line 520]
Event: 11.741 Thread 0x00000236ec9558b0 Exception <a 'sun/nio/fs/WindowsException'{0x00000007ffcdf108}> (0x00000007ffcdf108) 
thrown [s\src\hotspot\share\prims\jni.cpp, line 520]
Event: 11.744 Thread 0x00000236ec9558b0 Exception <a 'sun/nio/fs/WindowsException'{0x00000007ffceaa58}> (0x00000007ffceaa58) 
thrown [s\src\hotspot\share\prims\jni.cpp, line 520]
Event: 11.746 Thread 0x00000236ec9558b0 Exception <a 'sun/nio/fs/WindowsException'{0x00000007ffcf4390}> (0x00000007ffcf4390) 
thrown [s\src\hotspot\share\prims\jni.cpp, line 520]
Event: 11.748 Thread 0x00000236ec9558b0 Exception <a 'sun/nio/fs/WindowsException'{0x00000007ffcff648}> (0x00000007ffcff648) 
thrown [s\src\hotspot\share\prims\jni.cpp, line 520]
Event: 11.751 Thread 0x00000236ec9558b0 Exception <a 'sun/nio/fs/WindowsException'{0x00000007ffd0b550}> (0x00000007ffd0b550) 
thrown [s\src\hotspot\share\prims\jni.cpp, line 520]
Event: 11.754 Thread 0x00000236ec9558b0 Exception <a 'sun/nio/fs/WindowsException'{0x00000007ffd18f68}> (0x00000007ffd18f68) 
thrown [s\src\hotspot\share\prims\jni.cpp, line 520]
Event: 11.756 Thread 0x00000236ec9558b0 Exception <a 'sun/nio/fs/WindowsException'{0x00000007ffd23dc8}> (0x00000007ffd23dc8) 
thrown [s\src\hotspot\share\prims\jni.cpp, line 520]
Event: 11.759 Thread 0x00000236ec9558b0 Exception <a 'sun/nio/fs/WindowsException'{0x00000007ffd2df48}> (0x00000007ffd2df48) 
thrown [s\src\hotspot\share\prims\jni.cpp, line 520]
Event: 11.777 Thread 0x00000236ec9558b0 Exception <a 'sun/nio/fs/WindowsException'{0x00000007fc000648}> (0x00000007fc000648) 
thrown [s\src\hotspot\share\prims\jni.cpp, line 520]

ZGC Phase Switch (0 events):
No events

VM Operations (20 events):
Event: 10.490 Executing VM operation: G1CollectForAllocation (G1 Evacuation Pause) done
Event: 10.770 Executing VM operation: ICBufferFull
Event: 10.771 Executing VM operation: ICBufferFull done
Event: 10.876 Executing VM operation: ICBufferFull
Event: 10.876 Executing VM operation: ICBufferFull done
Event: 11.100 Executing VM operation: ICBufferFull
Event: 11.100 Executing VM operation: ICBufferFull done
Event: 11.209 Executing VM operation: ICBufferFull
Event: 11.209 Executing VM operation: ICBufferFull done
Event: 11.324 Executing VM operation: ICBufferFull
Event: 11.324 Executing VM operation: ICBufferFull done
Event: 11.441 Executing VM operation: ICBufferFull
Event: 11.441 Executing VM operation: ICBufferFull done
Event: 11.598 Executing VM operation: ICBufferFull
Event: 11.598 Executing VM operation: ICBufferFull done
Event: 11.664 Executing VM operation: ICBufferFull
Event: 11.664 Executing VM operation: ICBufferFull done
Event: 11.724 Executing VM operation: G1CollectForAllocation (G1 Evacuation Pause)
Event: 11.729 Executing VM operation: G1CollectForAllocation (G1 Evacuation Pause) done
Event: 11.794 Executing VM operation: G1PauseRemark

Memory protections (0 events):
No events

Nmethod flushes (20 events):
Event: 11.801 Thread 0x000002368a7e9b30 flushing  nmethod 0x00000236f0655b90
Event: 11.801 Thread 0x000002368a7e9b30 flushing  nmethod 0x00000236f065de10
Event: 11.801 Thread 0x000002368a7e9b30 flushing  nmethod 0x00000236f065f910
Event: 11.801 Thread 0x000002368a7e9b30 flushing  nmethod 0x00000236f0621910
Event: 11.801 Thread 0x000002368a7e9b30 flushing  nmethod 0x00000236f8381190
Event: 11.801 Thread 0x000002368a7e9b30 flushing  nmethod 0x00000236f062cb90
Event: 11.801 Thread 0x000002368a7e9b30 flushing  nmethod 0x00000236f0655290
Event: 11.801 Thread 0x000002368a7e9b30 flushing  nmethod 0x00000236f0ae7510
Event: 11.801 Thread 0x000002368a7e9b30 flushing  nmethod 0x00000236f0b04e90
Event: 11.801 Thread 0x000002368a7e9b30 flushing  nmethod 0x00000236f05d5990
Event: 11.801 Thread 0x000002368a7e9b30 flushing  nmethod 0x00000236f05d6290
Event: 11.801 Thread 0x000002368a7e9b30 flushing  nmethod 0x00000236f05d9910
Event: 11.801 Thread 0x000002368a7e9b30 flushing  nmethod 0x00000236f0668890
Event: 11.801 Thread 0x000002368a7e9b30 flushing  nmethod 0x00000236f06c6010
Event: 11.801 Thread 0x000002368a7e9b30 flushing  nmethod 0x00000236f0967a10
Event: 11.801 Thread 0x000002368a7e9b30 flushing  nmethod 0x00000236f0b33990
Event: 11.801 Thread 0x000002368a7e9b30 flushing  nmethod 0x00000236f0b36310
Event: 11.801 Thread 0x000002368a7e9b30 flushing  nmethod 0x00000236f073d910
Event: 11.801 Thread 0x000002368a7e9b30 flushing  nmethod 0x00000236f8231790
Event: 11.801 Thread 0x000002368a7e9b30 flushing  nmethod 0x00000236f0adc110

Events (20 events):
Event: 4.109 Thread 0x000002368e371240 Thread added: 0x00000236967a9f10
Event: 4.845 Thread 0x00000236967a9f10 Thread exited: 0x00000236967a9f10
Event: 4.845 Thread 0x000002369582e120 Thread exited: 0x000002369582e120
Event: 4.852 Thread 0x00000236967c9870 Thread exited: 0x00000236967c9870
Event: 4.970 Thread 0x000002368ec83d50 Thread exited: 0x000002368ec83d50
Event: 5.379 Thread 0x000002368e16bef0 Thread added: 0x0000023695544a10
Event: 5.860 Thread 0x0000023695544a10 Thread exited: 0x0000023695544a10
Event: 7.086 Thread 0x00000236933ddd90 Thread exited: 0x00000236933ddd90
Event: 7.086 Thread 0x000002368e659910 Thread exited: 0x000002368e659910
Event: 7.206 Thread 0x000002368e16bef0 Thread added: 0x00000236933ddd90
Event: 7.210 Thread 0x00000236933ddd90 Thread added: 0x000002368e659910
Event: 7.274 Thread 0x000002368e15d700 Thread added: 0x0000023693de8390
Event: 7.278 Thread 0x000002368e1f3850 Thread added: 0x000002368ec56010
Event: 7.279 Thread 0x000002368e371240 Thread added: 0x00000236967aa3b0
Event: 7.291 Thread 0x000002368e1f3850 Thread added: 0x00000236931790a0
Event: 7.987 Thread 0x00000236931790a0 Thread added: 0x00000236965a4780
Event: 7.988 Thread 0x000002368ec56010 Thread added: 0x0000023699e73a00
Event: 7.988 Thread 0x000002368ec56010 Thread added: 0x0000023699b2bd30
Event: 7.988 Thread 0x000002368ec56010 Thread added: 0x0000023696bfed40
Event: 7.988 Thread 0x000002368ec56010 Thread added: 0x0000023696bff410


Dynamic libraries:
0x00007ff6a5210000 - 0x00007ff6a5218000 	C:\Users\Power User\AppData\Roaming\PrismLauncher\java\java-runtime-delta\bin\javac.exe
0x00007ffb981c0000 - 0x00007ffb98426000 	C:\WINDOWS\SYSTEM32\ntdll.dll
0x00007ffb96b40000 - 0x00007ffb96c09000 	C:\WINDOWS\System32\KERNEL32.DLL
0x00007ffb95770000 - 0x00007ffb95b6a000 	C:\WINDOWS\System32\KERNELBASE.dll
0x00007ffb95ca0000 - 0x00007ffb95dec000 	C:\WINDOWS\System32\ucrtbase.dll
0x00007ffb78ad0000 - 0x00007ffb78ae8000 	C:\Users\Power User\AppData\Roaming\PrismLauncher\java\java-runtime-delta\bin\jli.dll
0x00007ffb6b450000 - 0x00007ffb6b46d000 	C:\Users\Power User\AppData\Roaming\PrismLauncher\java\java-runtime-delta\bin\VCRUNTIME140.dll
0x00007ffb970c0000 - 0x00007ffb97287000 	C:\WINDOWS\System32\USER32.dll
0x00007ffb95500000 - 0x00007ffb95527000 	C:\WINDOWS\System32\win32u.dll
0x00007ffb77f60000 - 0x00007ffb781f2000 	C:\WINDOWS\WinSxS\amd64_microsoft.windows.common-controls_6595b64144ccf1df_6.0.26100.8521_none_3e08b75ce33403b3\COMCTL32.dll
0x00007ffb96450000 - 0x00007ffb9647b000 	C:\WINDOWS\System32\GDI32.dll
0x00007ffb98060000 - 0x00007ffb98109000 	C:\WINDOWS\System32\msvcrt.dll
0x00007ffb95b70000 - 0x00007ffb95c9b000 	C:\WINDOWS\System32\gdi32full.dll
0x00007ffb95450000 - 0x00007ffb954f3000 	C:\WINDOWS\System32\msvcp_win.dll
0x00007ffb965c0000 - 0x00007ffb965f2000 	C:\WINDOWS\System32\IMM32.DLL
0x00007ffb7acf0000 - 0x00007ffb7acfc000 	C:\Users\Power User\AppData\Roaming\PrismLauncher\java\java-runtime-delta\bin\vcruntime140_1.dll
0x00007ffb4ffb0000 - 0x00007ffb5003d000 	C:\Users\Power User\AppData\Roaming\PrismLauncher\java\java-runtime-delta\bin\msvcp140.dll
0x00007ffa9d940000 - 0x00007ffa9e6d8000 	C:\Users\Power User\AppData\Roaming\PrismLauncher\java\java-runtime-delta\bin\server\jvm.dll
0x00007ffb96df0000 - 0x00007ffb96ea6000 	C:\WINDOWS\System32\ADVAPI32.dll
0x00007ffb96990000 - 0x00007ffb96a3a000 	C:\WINDOWS\System32\sechost.dll
0x00007ffb960d0000 - 0x00007ffb961e8000 	C:\WINDOWS\System32\RPCRT4.dll
0x00007ffb97fc0000 - 0x00007ffb98040000 	C:\WINDOWS\System32\WS2_32.dll
0x00007ffb86af0000 - 0x00007ffb86b26000 	C:\WINDOWS\SYSTEM32\WINMM.dll
0x00007ffb8e320000 - 0x00007ffb8e32b000 	C:\WINDOWS\SYSTEM32\VERSION.dll
0x00007ffb952b0000 - 0x00007ffb9530e000 	C:\WINDOWS\SYSTEM32\POWRPROF.dll
0x00007ffb95290000 - 0x00007ffb952a4000 	C:\WINDOWS\SYSTEM32\UMPDC.dll
0x00007ffb941a0000 - 0x00007ffb941bb000 	C:\WINDOWS\SYSTEM32\kernel.appcore.dll
0x00007ffb78ac0000 - 0x00007ffb78aca000 	C:\Users\Power User\AppData\Roaming\PrismLauncher\java\java-runtime-delta\bin\jimage.dll
0x00007ffb928a0000 - 0x00007ffb92ae2000 	C:\WINDOWS\SYSTEM32\DBGHELP.DLL
0x00007ffb96600000 - 0x00007ffb96983000 	C:\WINDOWS\System32\combase.dll
0x00007ffb97ee0000 - 0x00007ffb97fb9000 	C:\WINDOWS\System32\OLEAUT32.dll
0x00007ffb80a60000 - 0x00007ffb80a9b000 	C:\WINDOWS\SYSTEM32\dbgcore.DLL
0x00007ffb95e80000 - 0x00007ffb95f28000 	C:\WINDOWS\System32\bcryptPrimitives.dll
0x00007ffb6b430000 - 0x00007ffb6b450000 	C:\Users\Power User\AppData\Roaming\PrismLauncher\java\java-runtime-delta\bin\java.dll
0x00007ffb6b380000 - 0x00007ffb6b398000 	C:\Users\Power User\AppData\Roaming\PrismLauncher\java\java-runtime-delta\bin\zip.dll
0x00007ffb97730000 - 0x00007ffb97eb4000 	C:\WINDOWS\System32\SHELL32.dll
0x00007ffb92fd0000 - 0x00007ffb93850000 	C:\WINDOWS\SYSTEM32\windows.storage.dll
0x00007ffb96280000 - 0x00007ffb96376000 	C:\WINDOWS\System32\SHCORE.dll
0x00007ffb98110000 - 0x00007ffb98177000 	C:\WINDOWS\System32\shlwapi.dll
0x00007ffb95370000 - 0x00007ffb95399000 	C:\WINDOWS\SYSTEM32\profapi.dll
0x00007ffb2e210000 - 0x00007ffb2e2e6000 	C:\Users\Power User\AppData\Roaming\PrismLauncher\java\java-runtime-delta\bin\jsvml.dll
0x00007ffb708f0000 - 0x00007ffb70900000 	C:\Users\Power User\AppData\Roaming\PrismLauncher\java\java-runtime-delta\bin\net.dll
0x00007ffb8e7b0000 - 0x00007ffb8e8d9000 	C:\WINDOWS\SYSTEM32\WINHTTP.dll
0x00007ffb946f0000 - 0x00007ffb9475c000 	C:\WINDOWS\system32\mswsock.dll
0x00007ffb61640000 - 0x00007ffb61656000 	C:\Users\Power User\AppData\Roaming\PrismLauncher\java\java-runtime-delta\bin\nio.dll

dbghelp: loaded successfully - version: 4.0.5 - missing functions: none
symbol engine: initialized successfully - sym options: 0x614 - pdb path: .;C:\Users\Power User\AppData\Roaming\PrismLauncher\java\java-runtime-delta\bin;C:\WINDOWS\SYSTEM32;C:\WINDOWS\WinSxS\amd64_microsoft.windows.common-controls_6595b64144ccf1df_6.0.26100.8521_none_3e08b75ce33403b3;C:\Users\Power User\AppData\Roaming\PrismLauncher\java\java-runtime-delta\bin\server

VM Arguments:
jvm_args: -Dapplication.home=C:\Users\Power User\AppData\Roaming\PrismLauncher\java\java-runtime-delta --add-modules=ALL-DEFAULT -Xms8m -Djdk.module.main=jdk.compiler 
java_command: jdk.compiler/com.sun.tools.javac.Main @C:\baritone-minefix\build\javac_args.txt
java_class_path (initial): <not set>
Launcher Type: SUN_STANDARD

[Global flags]
     intx CICompilerCount                          = 15                                        {product} {ergonomic}
     uint ConcGCThreads                            = 6                                         {product} {ergonomic}
     uint G1ConcRefinementThreads                  = 23                                        {product} {ergonomic}
   size_t G1HeapRegionSize                         = 4194304                                   {product} {ergonomic}
    uintx GCDrainStackTargetSize                   = 64                                        {product} {ergonomic}
   size_t InitialHeapSize                          = 8388608                                   {product} {command line}
   size_t MarkStackSize                            = 4194304                                   {product} {ergonomic}
   size_t MaxHeapSize                              = 8380219392                                {product} {ergonomic}
   size_t MaxNewSize                               = 5024776192                                {product} {ergonomic}
   size_t MinHeapDeltaBytes                        = 4194304                                   {product} {ergonomic}
   size_t MinHeapSize                              = 8388608                                   {product} {command line}
    uintx NonNMethodCodeHeapSize                   = 8192380                                {pd product} {ergonomic}
    uintx NonProfiledCodeHeapSize                  = 121732930                              {pd product} {ergonomic}
    uintx ProfiledCodeHeapSize                     = 121732930                              {pd product} {ergonomic}
    uintx ReservedCodeCacheSize                    = 251658240                              {pd product} {ergonomic}
     bool SegmentedCodeCache                       = true                                      {product} {ergonomic}
   size_t SoftMaxHeapSize                          = 8380219392                             {manageable} {ergonomic}
     bool UseCompressedOops                        = true                           {product lp64_product} {ergonomic}
     bool UseG1GC                                  = true                                      {product} {ergonomic}
     bool UseLargePagesIndividualAllocation        = false                                  {pd product} {ergonomic}

Logging:
Log output configuration:
 #0: stdout all=warning uptime,level,tags foldmultilines=false
 #1: stderr all=off uptime,level,tags foldmultilines=false

Environment Variables:
PATH=C:\Users\Power User\bin;C:\Program Files\Git\mingw64\bin;C:\Program Files\Git\usr\local\bin;C:\Program Files\Git\usr\bin;C:\Program Files\Git\usr\bin;C:\Program Files\Git\mingw64\bin;C:\Program Files\Git\usr\bin;C:\Users\Power User\bin;C:\Users\Power User\AppData\Local\Programs\Microsoft VS Code;C:\Program Files\Tesseract-OCR;C:\Program Files\Common Files\Oracle\Java\javapath;C:\Program Files\Java\jdk-18.0.2.1;C:\Program Files\Java\jdk-18.0.2.1\bin;C:\Program Files\OpenSSL-Win64\bin;C:\tools\PSTools\PsExec.exe;C:\msys64\ucrt64\bin;C:\tools\neovim\nvim-win64\bin;C:\Program Files (x86)\Common Files\Oracle\Java\javapath;C:\Windows\system32;C:\Windows;C:\Windows\System32\Wbem;C:\Windows\System32\WindowsPowerShell\v1.0;C:\Windows\System32\OpenSSH;C:\Program Files (x86)\NVIDIA Corporation\PhysX\Common;C:\Program Files\Git\cmd;C:\Program Files\Go\bin;C:\Program Files\dotnet;C:\Program Files\GitHub CLI;C:\Program Files\PuTTY;C:\ProgramData\chocolatey\bin;C:\Program Files (x86)\dotnet;C:\Users\Power User\AppData\Local\Programs\cursor\resources\app\bin;C:\WINDOWS\system32;C:\WINDOWS;C:\WINDOWS\System32\Wbem;C:\WINDOWS\System32\WindowsPowerShell\v1.0;C:\WINDOWS\System32\OpenSSH;C:\Program Files\NVIDIA Corporation\NVIDIA App\NvDLISR;C:\ProgramData\chocolatey\lib\maven\apache-maven-3.9.10\bin;C:\Pro;C:\Users\Power User\AppData\Local\Programs\Python\Python312\Scripts;C:\Users\Power User\AppData\Local\Programs\Python\Python312;C:\Users\Power User\AppData\Local\Programs\Python\Python39\Scripts;C:\Users\Power User\AppData\Local\Programs\Python\Python39;C:\Users\Power User\AppData\Local\Microsoft\WindowsApps;C:\Program Files\JetBrains\PyCharm Community Edition 2023.1\bin;C:\Program Files\JetBrains\IntelliJ IDEA Community Edition 2023.1.4\bin;C:\Users\Power User\AppData\Local\GitHubDesktop\bin;C:\ProgramData\Power User\GitHubDesktop\bin;C:\Users\Power User\go\bin;C:\Users\Power User\.pyenv\pyenv-win\bin;C:\Users\Power User\.pyenv\pyenv-win\shims;C:\Users\Power User\AppData\Local\Google\Cloud SDK\google-cloud-sdk\bin;C:\Users\Power User\.dotnet\tools;C:\tools\neovim\nvim-win64\bin;C:\Users\Power User\AppData\Local\Programs\Microsoft VS Code\bin;C:\Users\Power User\.bun\bin;C:\Users\Power User\AppData\Local\nvm;C:\nvm4w\nodejs;C:\Users\Power User\AppData\Roaming\npm;C:\Users\Power User\AppData\Local\Programs\Windsurf\bin;C:\Users\Power User\AppData\Local\PowerToys\DSCModules;C:\Users\Power User\AppData\Local\Programs\cursor\resources\app\bin;C:\Gradle\gradle-8.8\bin;C:\Program Files\Git\usr\bin\vendor_perl;C:\Program Files\Git\usr\bin\core_perl
USERNAME=Power User
SHELL=C:\Program Files\Git\usr\bin\bash.exe
DISPLAY=needs-to-be-defined
LANG=en_US.UTF-8
TERM=xterm-256color
TMPDIR=C:\Users\POWERU~1\AppData\Local\Temp
OS=Windows_NT
PROCESSOR_IDENTIFIER=AMD64 Family 25 Model 97 Stepping 2, AuthenticAMD
TMP=C:\Users\POWERU~1\AppData\Local\Temp
TEMP=C:\Users\POWERU~1\AppData\Local\Temp




Periodic native trim disabled

---------------  S Y S T E M  ---------------

OS:
 Windows 11 , 64 bit Build 26100 (10.0.26100.8521)
OS uptime: 0 days 23:51 hours
Hyper-V role detected

CPU: total 32 (initial active 32) (32 cores per cpu, 2 threads per core) family 25 model 97 stepping 2 microcode 0xa601206, cx8, cmov, fxsr, ht, mmx, 3dnowpref, sse, sse2, sse3, ssse3, sse4a, sse4.1, sse4.2, popcnt, lzcnt, tsc, tscinvbit, avx, avx2, aes, erms, clmul, bmi1, bmi2, adx, avx512f, avx512dq, avx512cd, avx512bw, avx512vl, sha, fma, vzeroupper, avx512_vpopcntdq, avx512_vpclmulqdq, avx512_vaes, avx512_vnni, clflush, clflushopt, avx512_vbmi2, avx512_vbmi, hv, rdtscp, rdpid, fsrm, gfni, avx512_bitalg, f16c, cet_ss, avx512_ifma
Processor Information for the first 32 processors :
  Max Mhz: 2501, Current Mhz: 2501, Mhz Limit: 2501

Memory: 4k page, system-wide physical 31962M (4728M free)
TotalPageFile size 63962M (AvailPageFile size 105M)
current process WorkingSet (physical memory assigned to process): 602M, peak: 902M
current process commit charge ("private bytes"): 1097M, peak: 1233M

vm_info: OpenJDK 64-Bit Server VM (21.0.7+6-LTS) for windows-amd64 JRE (21.0.7+6-LTS), built on 2025-04-09T22:17:25Z by "MicrosoftCorporation" with unknown MS VC++:1939

END.
