#
# There is insufficient memory for the Java Runtime Environment to continue.
# Native memory allocation (malloc) failed to allocate 1681776 bytes. Error detail: Chunk::new
# Possible reasons:
#   The system is out of physical RAM or swap space
#   This process is running with CompressedOops enabled, and the Java Heap may be blocking the growth of the native heap
# Possible solutions:
#   Reduce memory load on the system
#   Increase physical memory or swap space
#   Check if swap backing store is full
#   Decrease Java heap size (-Xmx/-Xms)
#   Decrease number of Java threads
#   Decrease Java thread stack sizes (-Xss)
#   Set larger code cache with -XX:ReservedCodeCacheSize=
#   JVM is running with Unscaled Compressed Oops mode in which the Java heap is
#     placed in the first 4GB address space. The Java Heap base address is the
#     maximum limit for the native heap growth. Please use -XX:HeapBaseMinAddress
#     to set the Java Heap base and to place the Java Heap above 4GB virtual address.
# This output file may be truncated or incomplete.
#
#  Out of Memory Error (arena.cpp:168), pid=187008, tid=190884
#
# JRE version: OpenJDK Runtime Environment Microsoft-11369940 (21.0.7+6) (build 21.0.7+6-LTS)
# Java VM: OpenJDK 64-Bit Server VM Microsoft-11369940 (21.0.7+6-LTS, mixed mode, tiered, compressed oops, compressed class ptrs, g1 gc, windows-amd64)
# No core dump will be written. Minidumps are not enabled by default on client versions of Windows
#

---------------  S U M M A R Y ------------

Command Line: -Dapplication.home=C:\Users\Power User\AppData\Roaming\PrismLauncher\java\java-runtime-delta --add-modules=ALL-DEFAULT -Xms8m -Xmx512m -Djdk.module.main=jdk.compiler jdk.compiler/com.sun.tools.javac.Main @C:\baritone-minefix\build\javac_args.txt

Host: AMD Ryzen 9 7945HX with Radeon Graphics        , 32 cores, 31G,  Windows 11 , 64 bit Build 26100 (10.0.26100.8521)
Time: Sat Jun 13 16:32:05 2026 Eastern Daylight Time elapsed time: 9.713775 seconds (0d 0h 0m 9s)

---------------  T H R E A D  ---------------

Current thread (0x000001f9043f5460):  JavaThread "C2 CompilerThread0" daemon [_thread_in_native, id=190884, stack(0x000000afe9800000,0x000000afe9900000) (1024K)]


Current CompileTask:
C2:9713 2146       4       com.sun.tools.javac.parser.JavacParser::parseSimpleStatement (1257 bytes)

Stack: [0x000000afe9800000,0x000000afe9900000]
Native frames: (J=compiled Java code, j=interpreted, Vv=VM code, C=native code)
V  [jvm.dll+0x6d4bb9]
V  [jvm.dll+0x8afa11]
V  [jvm.dll+0x8b1f3e]
V  [jvm.dll+0x8b2623]
V  [jvm.dll+0x280816]
V  [jvm.dll+0xc52bd]
V  [jvm.dll+0xc57f3]
V  [jvm.dll+0x3bbd22]
V  [jvm.dll+0x3884b0]
V  [jvm.dll+0x38792a]
V  [jvm.dll+0x248405]
V  [jvm.dll+0x2479df]
V  [jvm.dll+0x1c7aaf]
V  [jvm.dll+0x257819]
V  [jvm.dll+0x255bca]
V  [jvm.dll+0x3f5af6]
V  [jvm.dll+0x85916b]
V  [jvm.dll+0x6d327d]
C  [ucrtbase.dll+0x2cd30]
C  [KERNEL32.DLL+0x2e957]
C  [ntdll.dll+0x87c1c]


---------------  P R O C E S S  ---------------

Threads class SMR info:
_java_thread_list=0x000001f904cb71a0, length=13, elements={
0x000001f96bf1b920, 0x000001f9043a5120, 0x000001f9043c8a80, 0x000001f9043d57f0,
0x000001f9043d6240, 0x000001f9043e9c50, 0x000001f9043d3dd0, 0x000001f9043f5460,
0x000001f9043f9b70, 0x000001f9044151c0, 0x000001f904467d70, 0x000001f9047114e0,
0x000001f90a7ec8b0
}

Java Threads: ( => current thread )
  0x000001f96bf1b920 JavaThread "main"                              [_thread_in_Java, id=194684, stack(0x000000afe8a00000,0x000000afe8b00000) (1024K)]
  0x000001f9043a5120 JavaThread "Reference Handler"          daemon [_thread_blocked, id=183976, stack(0x000000afe9200000,0x000000afe9300000) (1024K)]
  0x000001f9043c8a80 JavaThread "Finalizer"                  daemon [_thread_blocked, id=192120, stack(0x000000afe9300000,0x000000afe9400000) (1024K)]
  0x000001f9043d57f0 JavaThread "Signal Dispatcher"          daemon [_thread_blocked, id=198260, stack(0x000000afe9400000,0x000000afe9500000) (1024K)]
  0x000001f9043d6240 JavaThread "Attach Listener"            daemon [_thread_blocked, id=169724, stack(0x000000afe9500000,0x000000afe9600000) (1024K)]
  0x000001f9043e9c50 JavaThread "Service Thread"             daemon [_thread_blocked, id=184368, stack(0x000000afe9600000,0x000000afe9700000) (1024K)]
  0x000001f9043d3dd0 JavaThread "Monitor Deflation Thread"   daemon [_thread_blocked, id=178872, stack(0x000000afe9700000,0x000000afe9800000) (1024K)]
=>0x000001f9043f5460 JavaThread "C2 CompilerThread0"         daemon [_thread_in_native, id=190884, stack(0x000000afe9800000,0x000000afe9900000) (1024K)]
  0x000001f9043f9b70 JavaThread "C1 CompilerThread0"         daemon [_thread_blocked, id=176888, stack(0x000000afe9900000,0x000000afe9a00000) (1024K)]
  0x000001f9044151c0 JavaThread "C1 CompilerThread1"         daemon [_thread_blocked, id=198948, stack(0x000000afe9a00000,0x000000afe9b00000) (1024K)]
  0x000001f904467d70 JavaThread "Common-Cleaner"             daemon [_thread_blocked, id=199008, stack(0x000000afe9b00000,0x000000afe9c00000) (1024K)]
  0x000001f9047114e0 JavaThread "Notification Thread"        daemon [_thread_blocked, id=199020, stack(0x000000afe9f00000,0x000000afea000000) (1024K)]
  0x000001f90a7ec8b0 JavaThread "C2 CompilerThread1"         daemon [_thread_in_native, id=187460, stack(0x000000afe9c00000,0x000000afe9d00000) (1024K)]
Total: 13

Other Threads:
  0x000001f9699e51a0 VMThread "VM Thread"                           [id=199196, stack(0x000000afe9100000,0x000000afe9200000) (1024K)]
  0x000001f903b5f850 WatcherThread "VM Periodic Task Thread"        [id=157552, stack(0x000000afe9000000,0x000000afe9100000) (1024K)]
  0x000001f9699e3f80 WorkerThread "GC Thread#0"                     [id=176892, stack(0x000000afe8b00000,0x000000afe8c00000) (1024K)]
  0x000001f9699e4a60 WorkerThread "GC Thread#1"                     [id=199220, stack(0x000000afea000000,0x000000afea100000) (1024K)]
  0x000001f9699e4e00 WorkerThread "GC Thread#2"                     [id=192620, stack(0x000000afea100000,0x000000afea200000) (1024K)]
  0x000001f9699e5540 WorkerThread "GC Thread#3"                     [id=133524, stack(0x000000afea200000,0x000000afea300000) (1024K)]
  0x000001f904b1fd60 WorkerThread "GC Thread#4"                     [id=193348, stack(0x000000afea800000,0x000000afea900000) (1024K)]
  0x000001f904b216c0 WorkerThread "GC Thread#5"                     [id=182444, stack(0x000000afea900000,0x000000afeaa00000) (1024K)]
  0x000001f96bf47a20 ConcurrentGCThread "G1 Main Marker"            [id=170576, stack(0x000000afe8c00000,0x000000afe8d00000) (1024K)]
  0x000001f9699e46c0 WorkerThread "G1 Conc#0"                       [id=177832, stack(0x000000afe8d00000,0x000000afe8e00000) (1024K)]
  0x000001f904b20be0 WorkerThread "G1 Conc#1"                       [id=193560, stack(0x000000afea300000,0x000000afea400000) (1024K)]
  0x000001f904b22c80 WorkerThread "G1 Conc#2"                       [id=190076, stack(0x000000afea400000,0x000000afea500000) (1024K)]
  0x000001f904b23020 WorkerThread "G1 Conc#3"                       [id=190308, stack(0x000000afea500000,0x000000afea600000) (1024K)]
  0x000001f904b228e0 WorkerThread "G1 Conc#4"                       [id=189724, stack(0x000000afea600000,0x000000afea700000) (1024K)]
  0x000001f904b1f9c0 WorkerThread "G1 Conc#5"                       [id=174752, stack(0x000000afea700000,0x000000afea800000) (1024K)]
  0x000001f96bfa27f0 ConcurrentGCThread "G1 Refine#0"               [id=193844, stack(0x000000afe8e00000,0x000000afe8f00000) (1024K)]
  0x000001f96bfa3200 ConcurrentGCThread "G1 Service"                [id=184028, stack(0x000000afe8f00000,0x000000afe9000000) (1024K)]
Total: 17

Threads with active compile tasks:
C2 CompilerThread0  9825 2146       4       com.sun.tools.javac.parser.JavacParser::parseSimpleStatement (1257 bytes)
C2 CompilerThread1  9825 2209       4       com.sun.tools.javac.tree.JCTree$JCTypeApply::getTag (4 bytes)
Total: 2

VM state: not at safepoint (normal execution)

VM Mutex/Monitor currently owned by a thread: None

Heap address: 0x00000000e0000000, size: 512 MB, Compressed Oops mode: 32-bit

CDS archive(s) not mapped
Compressed class space mapped at: 0x0000000100000000-0x0000000140000000, reserved size: 1073741824
Narrow klass base: 0x0000000000000000, Narrow klass shift: 3, Narrow klass range: 0x140000000

GC Precious Log:
 CardTable entry size: 512
 Card Set container configuration: InlinePtr #cards 5 size 8 Array Of Cards #cards 12 size 40 Howl #buckets 4 coarsen threshold 1843 Howl Bitmap #cards 512 size 80 coarsen threshold 460 Card regions per heap region 1 cards per card region 2048
 CPUs: 32 total, 32 available
 Memory: 31962M
 Large Page Support: Disabled
 NUMA Support: Disabled
 Compressed Oops: Enabled (32-bit)
 Heap Region Size: 1M
 Heap Min Capacity: 8M
 Heap Initial Capacity: 8M
 Heap Max Capacity: 512M
 Pre-touch: Disabled
 Parallel Workers: 23
 Concurrent Workers: 6
 Concurrent Refinement Workers: 23
 Periodic GC: Disabled

Heap:
 garbage-first heap   total 268288K, used 180535K [0x00000000e0000000, 0x0000000100000000)
  region size 1024K, 21 young (21504K), 2 survivors (2048K)
 Metaspace       used 16248K, committed 16384K, reserved 1114112K
  class space    used 1516K, committed 1600K, reserved 1048576K

Heap Regions: E=young(eden), S=young(survivor), O=old, HS=humongous(starts), HC=humongous(continues), CS=collection set, F=free, TAMS=top-at-mark-start, PB=parsable bottom
|   0|0x00000000e0000000, 0x00000000e0100000, 0x00000000e0100000|100%| O|  |TAMS 0x00000000e0000000| PB 0x00000000e0000000| Untracked 
|   1|0x00000000e0100000, 0x00000000e0200000, 0x00000000e0200000|100%| O|  |TAMS 0x00000000e0100000| PB 0x00000000e0100000| Untracked 
|   2|0x00000000e0200000, 0x00000000e0300000, 0x00000000e0300000|100%|HS|  |TAMS 0x00000000e0200000| PB 0x00000000e0200000| Complete 
|   3|0x00000000e0300000, 0x00000000e0400000, 0x00000000e0400000|100%| O|  |TAMS 0x00000000e0300000| PB 0x00000000e0300000| Untracked 
|   4|0x00000000e0400000, 0x00000000e0500000, 0x00000000e0500000|100%|HS|  |TAMS 0x00000000e0400000| PB 0x00000000e0400000| Complete 
|   5|0x00000000e0500000, 0x00000000e0600000, 0x00000000e0600000|100%|HS|  |TAMS 0x00000000e0500000| PB 0x00000000e0500000| Complete 
|   6|0x00000000e0600000, 0x00000000e0700000, 0x00000000e0700000|100%|HC|  |TAMS 0x00000000e0600000| PB 0x00000000e0600000| Complete 
|   7|0x00000000e0700000, 0x00000000e0800000, 0x00000000e0800000|100%|HS|  |TAMS 0x00000000e0700000| PB 0x00000000e0700000| Complete 
|   8|0x00000000e0800000, 0x00000000e0900000, 0x00000000e0900000|100%| O|  |TAMS 0x00000000e0800000| PB 0x00000000e0800000| Untracked 
|   9|0x00000000e0900000, 0x00000000e0a00000, 0x00000000e0a00000|100%| O|  |TAMS 0x00000000e0900000| PB 0x00000000e0900000| Untracked 
|  10|0x00000000e0a00000, 0x00000000e0b00000, 0x00000000e0b00000|100%|HS|  |TAMS 0x00000000e0a00000| PB 0x00000000e0a00000| Complete 
|  11|0x00000000e0b00000, 0x00000000e0c00000, 0x00000000e0c00000|100%|HS|  |TAMS 0x00000000e0b00000| PB 0x00000000e0b00000| Complete 
|  12|0x00000000e0c00000, 0x00000000e0d00000, 0x00000000e0d00000|100%|HC|  |TAMS 0x00000000e0c00000| PB 0x00000000e0c00000| Complete 
|  13|0x00000000e0d00000, 0x00000000e0e00000, 0x00000000e0e00000|100%|HS|  |TAMS 0x00000000e0d00000| PB 0x00000000e0d00000| Complete 
|  14|0x00000000e0e00000, 0x00000000e0f00000, 0x00000000e0f00000|100%|HC|  |TAMS 0x00000000e0e00000| PB 0x00000000e0e00000| Complete 
|  15|0x00000000e0f00000, 0x00000000e1000000, 0x00000000e1000000|100%|HC|  |TAMS 0x00000000e0f00000| PB 0x00000000e0f00000| Complete 
|  16|0x00000000e1000000, 0x00000000e1100000, 0x00000000e1100000|100%|HC|  |TAMS 0x00000000e1000000| PB 0x00000000e1000000| Complete 
|  17|0x00000000e1100000, 0x00000000e1200000, 0x00000000e1200000|100%|HC|  |TAMS 0x00000000e1100000| PB 0x00000000e1100000| Complete 
|  18|0x00000000e1200000, 0x00000000e1300000, 0x00000000e1300000|100%| O|  |TAMS 0x00000000e1200000| PB 0x00000000e1200000| Untracked 
|  19|0x00000000e1300000, 0x00000000e1400000, 0x00000000e1400000|100%| O|  |TAMS 0x00000000e1300000| PB 0x00000000e1300000| Untracked 
|  20|0x00000000e1400000, 0x00000000e1500000, 0x00000000e1500000|100%|HS|  |TAMS 0x00000000e1400000| PB 0x00000000e1400000| Complete 
|  21|0x00000000e1500000, 0x00000000e1600000, 0x00000000e1600000|100%|HC|  |TAMS 0x00000000e1500000| PB 0x00000000e1500000| Complete 
|  22|0x00000000e1600000, 0x00000000e1700000, 0x00000000e1700000|100%|HS|  |TAMS 0x00000000e1600000| PB 0x00000000e1600000| Complete 
|  23|0x00000000e1700000, 0x00000000e1800000, 0x00000000e1800000|100%|HC|  |TAMS 0x00000000e1700000| PB 0x00000000e1700000| Complete 
|  24|0x00000000e1800000, 0x00000000e1900000, 0x00000000e1900000|100%|HS|  |TAMS 0x00000000e1800000| PB 0x00000000e1800000| Complete 
|  25|0x00000000e1900000, 0x00000000e1a00000, 0x00000000e1a00000|100%|HC|  |TAMS 0x00000000e1900000| PB 0x00000000e1900000| Complete 
|  26|0x00000000e1a00000, 0x00000000e1b00000, 0x00000000e1b00000|100%|HS|  |TAMS 0x00000000e1a00000| PB 0x00000000e1a00000| Complete 
|  27|0x00000000e1b00000, 0x00000000e1c00000, 0x00000000e1c00000|100%|HC|  |TAMS 0x00000000e1b00000| PB 0x00000000e1b00000| Complete 
|  28|0x00000000e1c00000, 0x00000000e1d00000, 0x00000000e1d00000|100%| O|  |TAMS 0x00000000e1c00000| PB 0x00000000e1c00000| Untracked 
|  29|0x00000000e1d00000, 0x00000000e1e00000, 0x00000000e1e00000|100%| O|  |TAMS 0x00000000e1d00000| PB 0x00000000e1d00000| Untracked 
|  30|0x00000000e1e00000, 0x00000000e1f00000, 0x00000000e1f00000|100%|HS|  |TAMS 0x00000000e1e00000| PB 0x00000000e1e00000| Complete 
|  31|0x00000000e1f00000, 0x00000000e2000000, 0x00000000e2000000|100%|HC|  |TAMS 0x00000000e1f00000| PB 0x00000000e1f00000| Complete 
|  32|0x00000000e2000000, 0x00000000e2100000, 0x00000000e2100000|100%|HC|  |TAMS 0x00000000e2000000| PB 0x00000000e2000000| Complete 
|  33|0x00000000e2100000, 0x00000000e2200000, 0x00000000e2200000|100%| O|  |TAMS 0x00000000e2100000| PB 0x00000000e2100000| Untracked 
|  34|0x00000000e2200000, 0x00000000e2300000, 0x00000000e2300000|100%|HS|  |TAMS 0x00000000e2200000| PB 0x00000000e2200000| Complete 
|  35|0x00000000e2300000, 0x00000000e2400000, 0x00000000e2400000|100%|HC|  |TAMS 0x00000000e2300000| PB 0x00000000e2300000| Complete 
|  36|0x00000000e2400000, 0x00000000e2500000, 0x00000000e2500000|100%| O|Cm|TAMS 0x00000000e2400000| PB 0x00000000e2400000| Complete 
|  37|0x00000000e2500000, 0x00000000e2600000, 0x00000000e2600000|100%|HS|  |TAMS 0x00000000e2500000| PB 0x00000000e2500000| Complete 
|  38|0x00000000e2600000, 0x00000000e2700000, 0x00000000e2700000|100%| O|  |TAMS 0x00000000e2600000| PB 0x00000000e2600000| Untracked 
|  39|0x00000000e2700000, 0x00000000e2800000, 0x00000000e2800000|100%|HS|  |TAMS 0x00000000e2700000| PB 0x00000000e2700000| Complete 
|  40|0x00000000e2800000, 0x00000000e2900000, 0x00000000e2900000|100%|HC|  |TAMS 0x00000000e2800000| PB 0x00000000e2800000| Complete 
|  41|0x00000000e2900000, 0x00000000e2a00000, 0x00000000e2a00000|100%|HS|  |TAMS 0x00000000e2900000| PB 0x00000000e2900000| Complete 
|  42|0x00000000e2a00000, 0x00000000e2b00000, 0x00000000e2b00000|100%|HC|  |TAMS 0x00000000e2a00000| PB 0x00000000e2a00000| Complete 
|  43|0x00000000e2b00000, 0x00000000e2c00000, 0x00000000e2c00000|100%|HS|  |TAMS 0x00000000e2b00000| PB 0x00000000e2b00000| Complete 
|  44|0x00000000e2c00000, 0x00000000e2d00000, 0x00000000e2d00000|100%|HC|  |TAMS 0x00000000e2c00000| PB 0x00000000e2c00000| Complete 
|  45|0x00000000e2d00000, 0x00000000e2e00000, 0x00000000e2e00000|100%|HC|  |TAMS 0x00000000e2d00000| PB 0x00000000e2d00000| Complete 
|  46|0x00000000e2e00000, 0x00000000e2f00000, 0x00000000e2f00000|100%| O|  |TAMS 0x00000000e2e00000| PB 0x00000000e2e00000| Untracked 
|  47|0x00000000e2f00000, 0x00000000e3000000, 0x00000000e3000000|100%|HS|  |TAMS 0x00000000e2f00000| PB 0x00000000e2f00000| Complete 
|  48|0x00000000e3000000, 0x00000000e3100000, 0x00000000e3100000|100%|HC|  |TAMS 0x00000000e3000000| PB 0x00000000e3000000| Complete 
|  49|0x00000000e3100000, 0x00000000e3200000, 0x00000000e3200000|100%|HS|  |TAMS 0x00000000e3100000| PB 0x00000000e3100000| Complete 
|  50|0x00000000e3200000, 0x00000000e3300000, 0x00000000e3300000|100%|HC|  |TAMS 0x00000000e3200000| PB 0x00000000e3200000| Complete 
|  51|0x00000000e3300000, 0x00000000e3400000, 0x00000000e3400000|100%|HS|  |TAMS 0x00000000e3300000| PB 0x00000000e3300000| Complete 
|  52|0x00000000e3400000, 0x00000000e3500000, 0x00000000e3500000|100%|HC|  |TAMS 0x00000000e3400000| PB 0x00000000e3400000| Complete 
|  53|0x00000000e3500000, 0x00000000e3600000, 0x00000000e3600000|100%|HC|  |TAMS 0x00000000e3500000| PB 0x00000000e3500000| Complete 
|  54|0x00000000e3600000, 0x00000000e3700000, 0x00000000e3700000|100%|HC|  |TAMS 0x00000000e3600000| PB 0x00000000e3600000| Complete 
|  55|0x00000000e3700000, 0x00000000e3800000, 0x00000000e3800000|100%|HC|  |TAMS 0x00000000e3700000| PB 0x00000000e3700000| Complete 
|  56|0x00000000e3800000, 0x00000000e3900000, 0x00000000e3900000|100%|HC|  |TAMS 0x00000000e3800000| PB 0x00000000e3800000| Complete 
|  57|0x00000000e3900000, 0x00000000e3a00000, 0x00000000e3a00000|100%|HS|  |TAMS 0x00000000e3900000| PB 0x00000000e3900000| Complete 
|  58|0x00000000e3a00000, 0x00000000e3b00000, 0x00000000e3b00000|100%| O|  |TAMS 0x00000000e3a00000| PB 0x00000000e3a00000| Untracked 
|  59|0x00000000e3b00000, 0x00000000e3c00000, 0x00000000e3c00000|100%| O|  |TAMS 0x00000000e3b00000| PB 0x00000000e3b00000| Untracked 
|  60|0x00000000e3c00000, 0x00000000e3d00000, 0x00000000e3d00000|100%|HS|  |TAMS 0x00000000e3c00000| PB 0x00000000e3c00000| Complete 
|  61|0x00000000e3d00000, 0x00000000e3e00000, 0x00000000e3e00000|100%| O|  |TAMS 0x00000000e3d00000| PB 0x00000000e3d00000| Untracked 
|  62|0x00000000e3e00000, 0x00000000e3f00000, 0x00000000e3f00000|100%| O|  |TAMS 0x00000000e3e00000| PB 0x00000000e3e00000| Untracked 
|  63|0x00000000e3f00000, 0x00000000e4000000, 0x00000000e4000000|100%| O|  |TAMS 0x00000000e3f00000| PB 0x00000000e3f00000| Untracked 
|  64|0x00000000e4000000, 0x00000000e4100000, 0x00000000e4100000|100%| O|  |TAMS 0x00000000e4000000| PB 0x00000000e4000000| Untracked 
|  65|0x00000000e4100000, 0x00000000e4200000, 0x00000000e4200000|100%|HS|  |TAMS 0x00000000e4100000| PB 0x00000000e4100000| Complete 
|  66|0x00000000e4200000, 0x00000000e4300000, 0x00000000e4300000|100%|HC|  |TAMS 0x00000000e4200000| PB 0x00000000e4200000| Complete 
|  67|0x00000000e4300000, 0x00000000e4400000, 0x00000000e4400000|100%|HC|  |TAMS 0x00000000e4300000| PB 0x00000000e4300000| Complete 
|  68|0x00000000e4400000, 0x00000000e4500000, 0x00000000e4500000|100%|HC|  |TAMS 0x00000000e4400000| PB 0x00000000e4400000| Complete 
|  69|0x00000000e4500000, 0x00000000e4600000, 0x00000000e4600000|100%|HC|  |TAMS 0x00000000e4500000| PB 0x00000000e4500000| Complete 
|  70|0x00000000e4600000, 0x00000000e4700000, 0x00000000e4700000|100%|HC|  |TAMS 0x00000000e4600000| PB 0x00000000e4600000| Complete 
|  71|0x00000000e4700000, 0x00000000e4800000, 0x00000000e4800000|100%|HC|  |TAMS 0x00000000e4700000| PB 0x00000000e4700000| Complete 
|  72|0x00000000e4800000, 0x00000000e4900000, 0x00000000e4900000|100%|HS|  |TAMS 0x00000000e4800000| PB 0x00000000e4800000| Complete 
|  73|0x00000000e4900000, 0x00000000e4a00000, 0x00000000e4a00000|100%|HC|  |TAMS 0x00000000e4900000| PB 0x00000000e4900000| Complete 
|  74|0x00000000e4a00000, 0x00000000e4b00000, 0x00000000e4b00000|100%|HC|  |TAMS 0x00000000e4a00000| PB 0x00000000e4a00000| Complete 
|  75|0x00000000e4b00000, 0x00000000e4c00000, 0x00000000e4c00000|100%|HS|  |TAMS 0x00000000e4b00000| PB 0x00000000e4b00000| Complete 
|  76|0x00000000e4c00000, 0x00000000e4d00000, 0x00000000e4d00000|100%|HC|  |TAMS 0x00000000e4c00000| PB 0x00000000e4c00000| Complete 
|  77|0x00000000e4d00000, 0x00000000e4e00000, 0x00000000e4e00000|100%|HS|  |TAMS 0x00000000e4d00000| PB 0x00000000e4d00000| Complete 
|  78|0x00000000e4e00000, 0x00000000e4f00000, 0x00000000e4f00000|100%|HC|  |TAMS 0x00000000e4e00000| PB 0x00000000e4e00000| Complete 
|  79|0x00000000e4f00000, 0x00000000e5000000, 0x00000000e5000000|100%|HC|  |TAMS 0x00000000e4f00000| PB 0x00000000e4f00000| Complete 
|  80|0x00000000e5000000, 0x00000000e5100000, 0x00000000e5100000|100%| O|  |TAMS 0x00000000e5000000| PB 0x00000000e5000000| Untracked 
|  81|0x00000000e5100000, 0x00000000e5200000, 0x00000000e5200000|100%| O|  |TAMS 0x00000000e5100000| PB 0x00000000e5100000| Untracked 
|  82|0x00000000e5200000, 0x00000000e5300000, 0x00000000e5300000|100%| O|  |TAMS 0x00000000e5200000| PB 0x00000000e5200000| Untracked 
|  83|0x00000000e5300000, 0x00000000e5400000, 0x00000000e5400000|100%| O|  |TAMS 0x00000000e5300000| PB 0x00000000e5300000| Untracked 
|  84|0x00000000e5400000, 0x00000000e5500000, 0x00000000e5500000|100%| O|  |TAMS 0x00000000e5400000| PB 0x00000000e5400000| Untracked 
|  85|0x00000000e5500000, 0x00000000e5600000, 0x00000000e5600000|100%|HS|  |TAMS 0x00000000e5500000| PB 0x00000000e5500000| Complete 
|  86|0x00000000e5600000, 0x00000000e5700000, 0x00000000e5700000|100%|HS|  |TAMS 0x00000000e5600000| PB 0x00000000e5600000| Complete 
|  87|0x00000000e5700000, 0x00000000e5800000, 0x00000000e5800000|100%|HS|  |TAMS 0x00000000e5700000| PB 0x00000000e5700000| Complete 
|  88|0x00000000e5800000, 0x00000000e5900000, 0x00000000e5900000|100%|HC|  |TAMS 0x00000000e5800000| PB 0x00000000e5800000| Complete 
|  89|0x00000000e5900000, 0x00000000e5a00000, 0x00000000e5a00000|100%|HC|  |TAMS 0x00000000e5900000| PB 0x00000000e5900000| Complete 
|  90|0x00000000e5a00000, 0x00000000e5b00000, 0x00000000e5b00000|100%| O|  |TAMS 0x00000000e5a00000| PB 0x00000000e5a00000| Untracked 
|  91|0x00000000e5b00000, 0x00000000e5c00000, 0x00000000e5c00000|100%|HS|  |TAMS 0x00000000e5b00000| PB 0x00000000e5b00000| Complete 
|  92|0x00000000e5c00000, 0x00000000e5d00000, 0x00000000e5d00000|100%| O|  |TAMS 0x00000000e5c00000| PB 0x00000000e5c00000| Untracked 
|  93|0x00000000e5d00000, 0x00000000e5e00000, 0x00000000e5e00000|100%| O|  |TAMS 0x00000000e5d00000| PB 0x00000000e5d00000| Untracked 
|  94|0x00000000e5e00000, 0x00000000e5f00000, 0x00000000e5f00000|100%| O|  |TAMS 0x00000000e5e00000| PB 0x00000000e5e00000| Untracked 
|  95|0x00000000e5f00000, 0x00000000e6000000, 0x00000000e6000000|100%| O|  |TAMS 0x00000000e5f00000| PB 0x00000000e5f00000| Untracked 
|  96|0x00000000e6000000, 0x00000000e6100000, 0x00000000e6100000|100%| O|  |TAMS 0x00000000e6000000| PB 0x00000000e6000000| Untracked 
|  97|0x00000000e6100000, 0x00000000e6200000, 0x00000000e6200000|100%| O|  |TAMS 0x00000000e6100000| PB 0x00000000e6100000| Untracked 
|  98|0x00000000e6200000, 0x00000000e6300000, 0x00000000e6300000|100%| O|  |TAMS 0x00000000e6200000| PB 0x00000000e6200000| Untracked 
|  99|0x00000000e6300000, 0x00000000e6400000, 0x00000000e6400000|100%|HS|  |TAMS 0x00000000e6300000| PB 0x00000000e6300000| Complete 
| 100|0x00000000e6400000, 0x00000000e6500000, 0x00000000e6500000|100%|HS|  |TAMS 0x00000000e6400000| PB 0x00000000e6400000| Complete 
| 101|0x00000000e6500000, 0x00000000e6600000, 0x00000000e6600000|100%|HC|  |TAMS 0x00000000e6500000| PB 0x00000000e6500000| Complete 
| 102|0x00000000e6600000, 0x00000000e6700000, 0x00000000e6700000|100%|HS|  |TAMS 0x00000000e6600000| PB 0x00000000e6600000| Complete 
| 103|0x00000000e6700000, 0x00000000e6800000, 0x00000000e6800000|100%|HS|  |TAMS 0x00000000e6700000| PB 0x00000000e6700000| Complete 
| 104|0x00000000e6800000, 0x00000000e6900000, 0x00000000e6900000|100%|HS|  |TAMS 0x00000000e6800000| PB 0x00000000e6800000| Complete 
| 105|0x00000000e6900000, 0x00000000e6a00000, 0x00000000e6a00000|100%|HC|  |TAMS 0x00000000e6900000| PB 0x00000000e6900000| Complete 
| 106|0x00000000e6a00000, 0x00000000e6b00000, 0x00000000e6b00000|100%|HC|  |TAMS 0x00000000e6a00000| PB 0x00000000e6a00000| Complete 
| 107|0x00000000e6b00000, 0x00000000e6c00000, 0x00000000e6c00000|100%|HC|  |TAMS 0x00000000e6b00000| PB 0x00000000e6b00000| Complete 
| 108|0x00000000e6c00000, 0x00000000e6d00000, 0x00000000e6d00000|100%|HS|  |TAMS 0x00000000e6c00000| PB 0x00000000e6c00000| Complete 
| 109|0x00000000e6d00000, 0x00000000e6e00000, 0x00000000e6e00000|100%|HS|  |TAMS 0x00000000e6d00000| PB 0x00000000e6d00000| Complete 
| 110|0x00000000e6e00000, 0x00000000e6f00000, 0x00000000e6f00000|100%|HC|  |TAMS 0x00000000e6e00000| PB 0x00000000e6e00000| Complete 
| 111|0x00000000e6f00000, 0x00000000e7000000, 0x00000000e7000000|100%|HC|  |TAMS 0x00000000e6f00000| PB 0x00000000e6f00000| Complete 
| 112|0x00000000e7000000, 0x00000000e7100000, 0x00000000e7100000|100%|HS|  |TAMS 0x00000000e7000000| PB 0x00000000e7000000| Complete 
| 113|0x00000000e7100000, 0x00000000e7200000, 0x00000000e7200000|100%| O|  |TAMS 0x00000000e7100000| PB 0x00000000e7100000| Untracked 
| 114|0x00000000e7200000, 0x00000000e7300000, 0x00000000e7300000|100%| O|  |TAMS 0x00000000e7200000| PB 0x00000000e7200000| Untracked 
| 115|0x00000000e7300000, 0x00000000e7400000, 0x00000000e7400000|100%|HS|  |TAMS 0x00000000e7300000| PB 0x00000000e7300000| Complete 
| 116|0x00000000e7400000, 0x00000000e7500000, 0x00000000e7500000|100%|HS|  |TAMS 0x00000000e7400000| PB 0x00000000e7400000| Complete 
| 117|0x00000000e7500000, 0x00000000e7600000, 0x00000000e7600000|100%|HS|  |TAMS 0x00000000e7500000| PB 0x00000000e7500000| Complete 
| 118|0x00000000e7600000, 0x00000000e7700000, 0x00000000e7700000|100%| O|  |TAMS 0x00000000e7600000| PB 0x00000000e7600000| Untracked 
| 119|0x00000000e7700000, 0x00000000e7800000, 0x00000000e7800000|100%|HS|  |TAMS 0x00000000e7700000| PB 0x00000000e7700000| Complete 
| 120|0x00000000e7800000, 0x00000000e7900000, 0x00000000e7900000|100%|HS|  |TAMS 0x00000000e7800000| PB 0x00000000e7800000| Complete 
| 121|0x00000000e7900000, 0x00000000e7a00000, 0x00000000e7a00000|100%|HS|  |TAMS 0x00000000e7900000| PB 0x00000000e7900000| Complete 
| 122|0x00000000e7a00000, 0x00000000e7b00000, 0x00000000e7b00000|100%|HS|  |TAMS 0x00000000e7a00000| PB 0x00000000e7a00000| Complete 
| 123|0x00000000e7b00000, 0x00000000e7c00000, 0x00000000e7c00000|100%|HC|  |TAMS 0x00000000e7b00000| PB 0x00000000e7b00000| Complete 
| 124|0x00000000e7c00000, 0x00000000e7d00000, 0x00000000e7d00000|100%|HS|  |TAMS 0x00000000e7c00000| PB 0x00000000e7c00000| Complete 
| 125|0x00000000e7d00000, 0x00000000e7e00000, 0x00000000e7e00000|100%| O|  |TAMS 0x00000000e7d00000| PB 0x00000000e7d00000| Untracked 
| 126|0x00000000e7e00000, 0x00000000e7f00000, 0x00000000e7f00000|100%| O|  |TAMS 0x00000000e7e00000| PB 0x00000000e7e00000| Untracked 
| 127|0x00000000e7f00000, 0x00000000e8000000, 0x00000000e8000000|100%| O|  |TAMS 0x00000000e7f00000| PB 0x00000000e7f00000| Untracked 
| 128|0x00000000e8000000, 0x00000000e8100000, 0x00000000e8100000|100%| O|  |TAMS 0x00000000e8000000| PB 0x00000000e8000000| Untracked 
| 129|0x00000000e8100000, 0x00000000e8200000, 0x00000000e8200000|100%| O|Cm|TAMS 0x00000000e8100000| PB 0x00000000e8100000| Complete 
| 130|0x00000000e8200000, 0x00000000e8300000, 0x00000000e8300000|100%| O|  |TAMS 0x00000000e8200000| PB 0x00000000e8200000| Untracked 
| 131|0x00000000e8300000, 0x00000000e8400000, 0x00000000e8400000|100%| O|  |TAMS 0x00000000e8300000| PB 0x00000000e8300000| Untracked 
| 132|0x00000000e8400000, 0x00000000e8500000, 0x00000000e8500000|100%| O|  |TAMS 0x00000000e8400000| PB 0x00000000e8400000| Untracked 
| 133|0x00000000e8500000, 0x00000000e8600000, 0x00000000e8600000|100%| O|  |TAMS 0x00000000e8500000| PB 0x00000000e8500000| Untracked 
| 134|0x00000000e8600000, 0x00000000e8700000, 0x00000000e8700000|100%| O|  |TAMS 0x00000000e8600000| PB 0x00000000e8600000| Untracked 
| 135|0x00000000e8700000, 0x00000000e8800000, 0x00000000e8800000|100%| O|  |TAMS 0x00000000e8700000| PB 0x00000000e8700000| Untracked 
| 136|0x00000000e8800000, 0x00000000e8900000, 0x00000000e8900000|100%| O|  |TAMS 0x00000000e8800000| PB 0x00000000e8800000| Untracked 
| 137|0x00000000e8900000, 0x00000000e8a00000, 0x00000000e8a00000|100%| O|  |TAMS 0x00000000e8900000| PB 0x00000000e8900000| Untracked 
| 138|0x00000000e8a00000, 0x00000000e8b00000, 0x00000000e8b00000|100%| O|  |TAMS 0x00000000e8a00000| PB 0x00000000e8a00000| Untracked 
| 139|0x00000000e8b00000, 0x00000000e8c00000, 0x00000000e8c00000|100%| O|  |TAMS 0x00000000e8b00000| PB 0x00000000e8b00000| Untracked 
| 140|0x00000000e8c00000, 0x00000000e8d00000, 0x00000000e8d00000|100%| O|  |TAMS 0x00000000e8c00000| PB 0x00000000e8c00000| Untracked 
| 141|0x00000000e8d00000, 0x00000000e8d4dc40, 0x00000000e8e00000| 30%| O|  |TAMS 0x00000000e8d00000| PB 0x00000000e8d00000| Untracked 
| 142|0x00000000e8e00000, 0x00000000e8f00000, 0x00000000e8f00000|100%|HS|  |TAMS 0x00000000e8e00000| PB 0x00000000e8e00000| Complete 
| 143|0x00000000e8f00000, 0x00000000e8f00000, 0x00000000e9000000|  0%| F|  |TAMS 0x00000000e8f00000| PB 0x00000000e8f00000| Untracked 
| 144|0x00000000e9000000, 0x00000000e9000000, 0x00000000e9100000|  0%| F|  |TAMS 0x00000000e9000000| PB 0x00000000e9000000| Untracked 
| 145|0x00000000e9100000, 0x00000000e9100000, 0x00000000e9200000|  0%| F|  |TAMS 0x00000000e9100000| PB 0x00000000e9100000| Untracked 
| 146|0x00000000e9200000, 0x00000000e9200000, 0x00000000e9300000|  0%| F|  |TAMS 0x00000000e9200000| PB 0x00000000e9200000| Untracked 
| 147|0x00000000e9300000, 0x00000000e9300000, 0x00000000e9400000|  0%| F|  |TAMS 0x00000000e9300000| PB 0x00000000e9300000| Untracked 
| 148|0x00000000e9400000, 0x00000000e9400000, 0x00000000e9500000|  0%| F|  |TAMS 0x00000000e9400000| PB 0x00000000e9400000| Untracked 
| 149|0x00000000e9500000, 0x00000000e9500000, 0x00000000e9600000|  0%| F|  |TAMS 0x00000000e9500000| PB 0x00000000e9500000| Untracked 
| 150|0x00000000e9600000, 0x00000000e9600000, 0x00000000e9700000|  0%| F|  |TAMS 0x00000000e9600000| PB 0x00000000e9600000| Untracked 
| 151|0x00000000e9700000, 0x00000000e9700000, 0x00000000e9800000|  0%| F|  |TAMS 0x00000000e9700000| PB 0x00000000e9700000| Untracked 
| 152|0x00000000e9800000, 0x00000000e9800000, 0x00000000e9900000|  0%| F|  |TAMS 0x00000000e9800000| PB 0x00000000e9800000| Untracked 
| 153|0x00000000e9900000, 0x00000000e9900000, 0x00000000e9a00000|  0%| F|  |TAMS 0x00000000e9900000| PB 0x00000000e9900000| Untracked 
| 154|0x00000000e9a00000, 0x00000000e9a00000, 0x00000000e9b00000|  0%| F|  |TAMS 0x00000000e9a00000| PB 0x00000000e9a00000| Untracked 
| 155|0x00000000e9b00000, 0x00000000e9b00000, 0x00000000e9c00000|  0%| F|  |TAMS 0x00000000e9b00000| PB 0x00000000e9b00000| Untracked 
| 156|0x00000000e9c00000, 0x00000000e9c00000, 0x00000000e9d00000|  0%| F|  |TAMS 0x00000000e9c00000| PB 0x00000000e9c00000| Untracked 
| 157|0x00000000e9d00000, 0x00000000e9d00000, 0x00000000e9e00000|  0%| F|  |TAMS 0x00000000e9d00000| PB 0x00000000e9d00000| Untracked 
| 158|0x00000000e9e00000, 0x00000000e9e00000, 0x00000000e9f00000|  0%| F|  |TAMS 0x00000000e9e00000| PB 0x00000000e9e00000| Untracked 
| 159|0x00000000e9f00000, 0x00000000e9f00000, 0x00000000ea000000|  0%| F|  |TAMS 0x00000000e9f00000| PB 0x00000000e9f00000| Untracked 
| 160|0x00000000ea000000, 0x00000000ea000000, 0x00000000ea100000|  0%| F|  |TAMS 0x00000000ea000000| PB 0x00000000ea000000| Untracked 
| 161|0x00000000ea100000, 0x00000000ea100000, 0x00000000ea200000|  0%| F|  |TAMS 0x00000000ea100000| PB 0x00000000ea100000| Untracked 
| 162|0x00000000ea200000, 0x00000000ea200000, 0x00000000ea300000|  0%| F|  |TAMS 0x00000000ea200000| PB 0x00000000ea200000| Untracked 
| 163|0x00000000ea300000, 0x00000000ea300000, 0x00000000ea400000|  0%| F|  |TAMS 0x00000000ea300000| PB 0x00000000ea300000| Untracked 
| 164|0x00000000ea400000, 0x00000000ea400000, 0x00000000ea500000|  0%| F|  |TAMS 0x00000000ea400000| PB 0x00000000ea400000| Untracked 
| 165|0x00000000ea500000, 0x00000000ea500000, 0x00000000ea600000|  0%| F|  |TAMS 0x00000000ea500000| PB 0x00000000ea500000| Untracked 
| 166|0x00000000ea600000, 0x00000000ea600000, 0x00000000ea700000|  0%| F|  |TAMS 0x00000000ea600000| PB 0x00000000ea600000| Untracked 
| 167|0x00000000ea700000, 0x00000000ea700000, 0x00000000ea800000|  0%| F|  |TAMS 0x00000000ea700000| PB 0x00000000ea700000| Untracked 
| 168|0x00000000ea800000, 0x00000000ea800000, 0x00000000ea900000|  0%| F|  |TAMS 0x00000000ea800000| PB 0x00000000ea800000| Untracked 
| 169|0x00000000ea900000, 0x00000000ea900000, 0x00000000eaa00000|  0%| F|  |TAMS 0x00000000ea900000| PB 0x00000000ea900000| Untracked 
| 170|0x00000000eaa00000, 0x00000000eaa00000, 0x00000000eab00000|  0%| F|  |TAMS 0x00000000eaa00000| PB 0x00000000eaa00000| Untracked 
| 171|0x00000000eab00000, 0x00000000eab00000, 0x00000000eac00000|  0%| F|  |TAMS 0x00000000eab00000| PB 0x00000000eab00000| Untracked 
| 172|0x00000000eac00000, 0x00000000eac00000, 0x00000000ead00000|  0%| F|  |TAMS 0x00000000eac00000| PB 0x00000000eac00000| Untracked 
| 173|0x00000000ead00000, 0x00000000ead00000, 0x00000000eae00000|  0%| F|  |TAMS 0x00000000ead00000| PB 0x00000000ead00000| Untracked 
| 174|0x00000000eae00000, 0x00000000eae00000, 0x00000000eaf00000|  0%| F|  |TAMS 0x00000000eae00000| PB 0x00000000eae00000| Untracked 
| 175|0x00000000eaf00000, 0x00000000eaf00000, 0x00000000eb000000|  0%| F|  |TAMS 0x00000000eaf00000| PB 0x00000000eaf00000| Untracked 
| 176|0x00000000eb000000, 0x00000000eb000000, 0x00000000eb100000|  0%| F|  |TAMS 0x00000000eb000000| PB 0x00000000eb000000| Untracked 
| 177|0x00000000eb100000, 0x00000000eb100000, 0x00000000eb200000|  0%| F|  |TAMS 0x00000000eb100000| PB 0x00000000eb100000| Untracked 
| 178|0x00000000eb200000, 0x00000000eb200000, 0x00000000eb300000|  0%| F|  |TAMS 0x00000000eb200000| PB 0x00000000eb200000| Untracked 
| 179|0x00000000eb300000, 0x00000000eb300000, 0x00000000eb400000|  0%| F|  |TAMS 0x00000000eb300000| PB 0x00000000eb300000| Untracked 
| 180|0x00000000eb400000, 0x00000000eb400000, 0x00000000eb500000|  0%| F|  |TAMS 0x00000000eb400000| PB 0x00000000eb400000| Untracked 
| 181|0x00000000eb500000, 0x00000000eb500000, 0x00000000eb600000|  0%| F|  |TAMS 0x00000000eb500000| PB 0x00000000eb500000| Untracked 
| 182|0x00000000eb600000, 0x00000000eb600000, 0x00000000eb700000|  0%| F|  |TAMS 0x00000000eb600000| PB 0x00000000eb600000| Untracked 
| 183|0x00000000eb700000, 0x00000000eb700000, 0x00000000eb800000|  0%| F|  |TAMS 0x00000000eb700000| PB 0x00000000eb700000| Untracked 
| 184|0x00000000eb800000, 0x00000000eb800000, 0x00000000eb900000|  0%| F|  |TAMS 0x00000000eb800000| PB 0x00000000eb800000| Untracked 
| 185|0x00000000eb900000, 0x00000000eb900000, 0x00000000eba00000|  0%| F|  |TAMS 0x00000000eb900000| PB 0x00000000eb900000| Untracked 
| 186|0x00000000eba00000, 0x00000000eba00000, 0x00000000ebb00000|  0%| F|  |TAMS 0x00000000eba00000| PB 0x00000000eba00000| Untracked 
| 187|0x00000000ebb00000, 0x00000000ebb00000, 0x00000000ebc00000|  0%| F|  |TAMS 0x00000000ebb00000| PB 0x00000000ebb00000| Untracked 
| 188|0x00000000ebc00000, 0x00000000ebc00000, 0x00000000ebd00000|  0%| F|  |TAMS 0x00000000ebc00000| PB 0x00000000ebc00000| Untracked 
| 189|0x00000000ebd00000, 0x00000000ebd00000, 0x00000000ebe00000|  0%| F|  |TAMS 0x00000000ebd00000| PB 0x00000000ebd00000| Untracked 
| 190|0x00000000ebe00000, 0x00000000ebe00000, 0x00000000ebf00000|  0%| F|  |TAMS 0x00000000ebe00000| PB 0x00000000ebe00000| Untracked 
| 191|0x00000000ebf00000, 0x00000000ebf00000, 0x00000000ec000000|  0%| F|  |TAMS 0x00000000ebf00000| PB 0x00000000ebf00000| Untracked 
| 192|0x00000000ec000000, 0x00000000ec000000, 0x00000000ec100000|  0%| F|  |TAMS 0x00000000ec000000| PB 0x00000000ec000000| Untracked 
| 193|0x00000000ec100000, 0x00000000ec100000, 0x00000000ec200000|  0%| F|  |TAMS 0x00000000ec100000| PB 0x00000000ec100000| Untracked 
| 194|0x00000000ec200000, 0x00000000ec200000, 0x00000000ec300000|  0%| F|  |TAMS 0x00000000ec200000| PB 0x00000000ec200000| Untracked 
| 195|0x00000000ec300000, 0x00000000ec300000, 0x00000000ec400000|  0%| F|  |TAMS 0x00000000ec300000| PB 0x00000000ec300000| Untracked 
| 196|0x00000000ec400000, 0x00000000ec400000, 0x00000000ec500000|  0%| F|  |TAMS 0x00000000ec400000| PB 0x00000000ec400000| Untracked 
| 197|0x00000000ec500000, 0x00000000ec500000, 0x00000000ec600000|  0%| F|  |TAMS 0x00000000ec500000| PB 0x00000000ec500000| Untracked 
| 198|0x00000000ec600000, 0x00000000ec600000, 0x00000000ec700000|  0%| F|  |TAMS 0x00000000ec600000| PB 0x00000000ec600000| Untracked 
| 199|0x00000000ec700000, 0x00000000ec700000, 0x00000000ec800000|  0%| F|  |TAMS 0x00000000ec700000| PB 0x00000000ec700000| Untracked 
| 200|0x00000000ec800000, 0x00000000ec800000, 0x00000000ec900000|  0%| F|  |TAMS 0x00000000ec800000| PB 0x00000000ec800000| Untracked 
| 201|0x00000000ec900000, 0x00000000ec900000, 0x00000000eca00000|  0%| F|  |TAMS 0x00000000ec900000| PB 0x00000000ec900000| Untracked 
| 202|0x00000000eca00000, 0x00000000eca00000, 0x00000000ecb00000|  0%| F|  |TAMS 0x00000000eca00000| PB 0x00000000eca00000| Untracked 
| 203|0x00000000ecb00000, 0x00000000ecb00000, 0x00000000ecc00000|  0%| F|  |TAMS 0x00000000ecb00000| PB 0x00000000ecb00000| Untracked 
| 204|0x00000000ecc00000, 0x00000000ecc00000, 0x00000000ecd00000|  0%| F|  |TAMS 0x00000000ecc00000| PB 0x00000000ecc00000| Untracked 
| 205|0x00000000ecd00000, 0x00000000ecd00000, 0x00000000ece00000|  0%| F|  |TAMS 0x00000000ecd00000| PB 0x00000000ecd00000| Untracked 
| 206|0x00000000ece00000, 0x00000000ece00000, 0x00000000ecf00000|  0%| F|  |TAMS 0x00000000ece00000| PB 0x00000000ece00000| Untracked 
| 207|0x00000000ecf00000, 0x00000000ecf00000, 0x00000000ed000000|  0%| F|  |TAMS 0x00000000ecf00000| PB 0x00000000ecf00000| Untracked 
| 208|0x00000000ed000000, 0x00000000ed000000, 0x00000000ed100000|  0%| F|  |TAMS 0x00000000ed000000| PB 0x00000000ed000000| Untracked 
| 209|0x00000000ed100000, 0x00000000ed100000, 0x00000000ed200000|  0%| F|  |TAMS 0x00000000ed100000| PB 0x00000000ed100000| Untracked 
| 210|0x00000000ed200000, 0x00000000ed200000, 0x00000000ed300000|  0%| F|  |TAMS 0x00000000ed200000| PB 0x00000000ed200000| Untracked 
| 211|0x00000000ed300000, 0x00000000ed300000, 0x00000000ed400000|  0%| F|  |TAMS 0x00000000ed300000| PB 0x00000000ed300000| Untracked 
| 212|0x00000000ed400000, 0x00000000ed400000, 0x00000000ed500000|  0%| F|  |TAMS 0x00000000ed400000| PB 0x00000000ed400000| Untracked 
| 213|0x00000000ed500000, 0x00000000ed500000, 0x00000000ed600000|  0%| F|  |TAMS 0x00000000ed500000| PB 0x00000000ed500000| Untracked 
| 214|0x00000000ed600000, 0x00000000ed600000, 0x00000000ed700000|  0%| F|  |TAMS 0x00000000ed600000| PB 0x00000000ed600000| Untracked 
| 215|0x00000000ed700000, 0x00000000ed700000, 0x00000000ed800000|  0%| F|  |TAMS 0x00000000ed700000| PB 0x00000000ed700000| Untracked 
| 216|0x00000000ed800000, 0x00000000ed800000, 0x00000000ed900000|  0%| F|  |TAMS 0x00000000ed800000| PB 0x00000000ed800000| Untracked 
| 217|0x00000000ed900000, 0x00000000ed900000, 0x00000000eda00000|  0%| F|  |TAMS 0x00000000ed900000| PB 0x00000000ed900000| Untracked 
| 218|0x00000000eda00000, 0x00000000eda00000, 0x00000000edb00000|  0%| F|  |TAMS 0x00000000eda00000| PB 0x00000000eda00000| Untracked 
| 219|0x00000000edb00000, 0x00000000edb00000, 0x00000000edc00000|  0%| F|  |TAMS 0x00000000edb00000| PB 0x00000000edb00000| Untracked 
| 220|0x00000000edc00000, 0x00000000edc00000, 0x00000000edd00000|  0%| F|  |TAMS 0x00000000edc00000| PB 0x00000000edc00000| Untracked 
| 221|0x00000000edd00000, 0x00000000edd00000, 0x00000000ede00000|  0%| F|  |TAMS 0x00000000edd00000| PB 0x00000000edd00000| Untracked 
| 222|0x00000000ede00000, 0x00000000ede00000, 0x00000000edf00000|  0%| F|  |TAMS 0x00000000ede00000| PB 0x00000000ede00000| Untracked 
| 223|0x00000000edf00000, 0x00000000edf00000, 0x00000000ee000000|  0%| F|  |TAMS 0x00000000edf00000| PB 0x00000000edf00000| Untracked 
| 224|0x00000000ee000000, 0x00000000ee000000, 0x00000000ee100000|  0%| F|  |TAMS 0x00000000ee000000| PB 0x00000000ee000000| Untracked 
| 225|0x00000000ee100000, 0x00000000ee1990b8, 0x00000000ee200000| 59%| E|  |TAMS 0x00000000ee100000| PB 0x00000000ee100000| Complete 
| 226|0x00000000ee200000, 0x00000000ee300000, 0x00000000ee300000|100%| E|CS|TAMS 0x00000000ee200000| PB 0x00000000ee200000| Complete 
| 227|0x00000000ee300000, 0x00000000ee400000, 0x00000000ee400000|100%| E|  |TAMS 0x00000000ee300000| PB 0x00000000ee300000| Complete 
| 228|0x00000000ee400000, 0x00000000ee500000, 0x00000000ee500000|100%| E|CS|TAMS 0x00000000ee400000| PB 0x00000000ee400000| Complete 
| 229|0x00000000ee500000, 0x00000000ee600000, 0x00000000ee600000|100%| E|CS|TAMS 0x00000000ee500000| PB 0x00000000ee500000| Complete 
| 230|0x00000000ee600000, 0x00000000ee700000, 0x00000000ee700000|100%| E|CS|TAMS 0x00000000ee600000| PB 0x00000000ee600000| Complete 
| 231|0x00000000ee700000, 0x00000000ee800000, 0x00000000ee800000|100%| E|CS|TAMS 0x00000000ee700000| PB 0x00000000ee700000| Complete 
| 232|0x00000000ee800000, 0x00000000ee900000, 0x00000000ee900000|100%| E|CS|TAMS 0x00000000ee800000| PB 0x00000000ee800000| Complete 
| 233|0x00000000ee900000, 0x00000000eea00000, 0x00000000eea00000|100%| E|CS|TAMS 0x00000000ee900000| PB 0x00000000ee900000| Complete 
| 234|0x00000000eea00000, 0x00000000eeb00000, 0x00000000eeb00000|100%| E|CS|TAMS 0x00000000eea00000| PB 0x00000000eea00000| Complete 
| 235|0x00000000eeb00000, 0x00000000eec00000, 0x00000000eec00000|100%| S|CS|TAMS 0x00000000eeb00000| PB 0x00000000eeb00000| Complete 
| 236|0x00000000eec00000, 0x00000000eed00000, 0x00000000eed00000|100%| S|CS|TAMS 0x00000000eec00000| PB 0x00000000eec00000| Complete 
| 237|0x00000000eed00000, 0x00000000eee00000, 0x00000000eee00000|100%| E|CS|TAMS 0x00000000eed00000| PB 0x00000000eed00000| Complete 
| 238|0x00000000eee00000, 0x00000000eef00000, 0x00000000eef00000|100%| E|CS|TAMS 0x00000000eee00000| PB 0x00000000eee00000| Complete 
| 239|0x00000000eef00000, 0x00000000ef000000, 0x00000000ef000000|100%| E|CS|TAMS 0x00000000eef00000| PB 0x00000000eef00000| Complete 
| 240|0x00000000ef000000, 0x00000000ef100000, 0x00000000ef100000|100%| E|CS|TAMS 0x00000000ef000000| PB 0x00000000ef000000| Complete 
| 241|0x00000000ef100000, 0x00000000ef200000, 0x00000000ef200000|100%| E|CS|TAMS 0x00000000ef100000| PB 0x00000000ef100000| Complete 
| 492|0x00000000fec00000, 0x00000000fed00000, 0x00000000fed00000|100%| O|Cm|TAMS 0x00000000fec00000| PB 0x00000000fec00000| Complete 
| 493|0x00000000fed00000, 0x00000000fee00000, 0x00000000fee00000|100%| O|  |TAMS 0x00000000fed00000| PB 0x00000000fed00000| Untracked 
| 494|0x00000000fee00000, 0x00000000fef00000, 0x00000000fef00000|100%| O|  |TAMS 0x00000000fee00000| PB 0x00000000fee00000| Untracked 
| 495|0x00000000fef00000, 0x00000000ff000000, 0x00000000ff000000|100%| O|  |TAMS 0x00000000fef00000| PB 0x00000000fef00000| Untracked 
| 496|0x00000000ff000000, 0x00000000ff100000, 0x00000000ff100000|100%| O|  |TAMS 0x00000000ff000000| PB 0x00000000ff000000| Untracked 
| 497|0x00000000ff100000, 0x00000000ff200000, 0x00000000ff200000|100%| O|  |TAMS 0x00000000ff100000| PB 0x00000000ff100000| Untracked 
| 498|0x00000000ff200000, 0x00000000ff300000, 0x00000000ff300000|100%| O|  |TAMS 0x00000000ff200000| PB 0x00000000ff200000| Untracked 
| 499|0x00000000ff300000, 0x00000000ff400000, 0x00000000ff400000|100%| O|  |TAMS 0x00000000ff300000| PB 0x00000000ff300000| Untracked 
| 500|0x00000000ff400000, 0x00000000ff500000, 0x00000000ff500000|100%| O|  |TAMS 0x00000000ff400000| PB 0x00000000ff400000| Untracked 
| 501|0x00000000ff500000, 0x00000000ff600000, 0x00000000ff600000|100%| O|  |TAMS 0x00000000ff500000| PB 0x00000000ff500000| Untracked 
| 502|0x00000000ff600000, 0x00000000ff700000, 0x00000000ff700000|100%| O|  |TAMS 0x00000000ff600000| PB 0x00000000ff600000| Untracked 
| 503|0x00000000ff700000, 0x00000000ff800000, 0x00000000ff800000|100%| O|  |TAMS 0x00000000ff700000| PB 0x00000000ff700000| Untracked 
| 504|0x00000000ff800000, 0x00000000ff900000, 0x00000000ff900000|100%| O|  |TAMS 0x00000000ff800000| PB 0x00000000ff800000| Untracked 
| 505|0x00000000ff900000, 0x00000000ffa00000, 0x00000000ffa00000|100%| O|  |TAMS 0x00000000ff900000| PB 0x00000000ff900000| Untracked 
| 506|0x00000000ffa00000, 0x00000000ffb00000, 0x00000000ffb00000|100%| O|  |TAMS 0x00000000ffa00000| PB 0x00000000ffa00000| Untracked 
| 507|0x00000000ffb00000, 0x00000000ffc00000, 0x00000000ffc00000|100%| E|CS|TAMS 0x00000000ffb00000| PB 0x00000000ffb00000| Complete 
| 508|0x00000000ffc00000, 0x00000000ffd00000, 0x00000000ffd00000|100%| E|CS|TAMS 0x00000000ffc00000| PB 0x00000000ffc00000| Complete 
| 509|0x00000000ffd00000, 0x00000000ffe00000, 0x00000000ffe00000|100%| E|CS|TAMS 0x00000000ffd00000| PB 0x00000000ffd00000| Complete 
| 510|0x00000000ffe00000, 0x00000000fff00000, 0x00000000fff00000|100%| E|CS|TAMS 0x00000000ffe00000| PB 0x00000000ffe00000| Complete 
| 511|0x00000000fff00000, 0x0000000100000000, 0x0000000100000000|100%| E|CS|TAMS 0x00000000fff00000| PB 0x00000000fff00000| Complete 

Card table byte_map: [0x000001f900000000,0x000001f900100000] _byte_map_base: 0x000001f8ff900000

Marking Bits: (CMBitMap*) 0x000001f96bf43080
 Bits: [0x000001f900100000, 0x000001f900900000)

Polling page: 0x000001f969c90000

Metaspace:

Usage:
  Non-class:     14.39 MB used.
      Class:      1.48 MB used.
       Both:     15.87 MB used.

Virtual space:
  Non-class space:       64.00 MB reserved,      14.44 MB ( 23%) committed,  1 nodes.
      Class space:        1.00 GB reserved,       1.56 MB ( <1%) committed,  1 nodes.
             Both:        1.06 GB reserved,      16.00 MB (  1%) committed. 

Chunk freelists:
   Non-Class:  1.50 MB
       Class:  14.47 MB
        Both:  15.97 MB

MaxMetaspaceSize: unlimited
CompressedClassSpaceSize: 1.00 GB
Initial GC threshold: 21.00 MB
Current GC threshold: 26.50 MB
CDS: off
 - commit_granule_bytes: 65536.
 - commit_granule_words: 8192.
 - virtual_space_node_default_size: 8388608.
 - enlarge_chunks_in_place: 1.
 - use_allocation_guard: 0.


Internal statistics:

num_allocs_failed_limit: 0.
num_arena_births: 48.
num_arena_deaths: 0.
num_vsnodes_births: 2.
num_vsnodes_deaths: 0.
num_space_committed: 256.
num_space_uncommitted: 0.
num_chunks_returned_to_freelist: 0.
num_chunks_taken_from_freelist: 327.
num_chunk_merges: 0.
num_chunk_splits: 236.
num_chunks_enlarged: 194.
num_inconsistent_stats: 0.

CodeHeap 'non-profiled nmethods': size=118848Kb used=1241Kb max_used=1241Kb free=117606Kb
 bounds [0x000001f9776d0000, 0x000001f977940000, 0x000001f97eae0000]
CodeHeap 'profiled nmethods': size=118848Kb used=4831Kb max_used=4831Kb free=114016Kb
 bounds [0x000001f96fae0000, 0x000001f96ffa0000, 0x000001f976ef0000]
CodeHeap 'non-nmethods': size=8064Kb used=2018Kb max_used=3751Kb free=6045Kb
 bounds [0x000001f976ef0000, 0x000001f9772a0000, 0x000001f9776d0000]
 total_blobs=2436 nmethods=1992 adapters=348
 compilation: enabled
              stopped_count=0, restarted_count=0
 full_count=0

Compilation events (20 events):
Event: 8.459 Thread 0x000001f9043f5460 nmethod 2144 0x000001f977727190 code [0x000001f977727380, 0x000001f9777276d0]
Event: 8.460 Thread 0x000001f9043f5460 2146       4       com.sun.tools.javac.parser.JavacParser::parseSimpleStatement (1257 bytes)
Event: 8.460 Thread 0x000001f9044151c0 2148       3       com.sun.tools.javac.parser.JavacParser::modifiersOpt (610 bytes)
Event: 8.462 Thread 0x000001f9044151c0 nmethod 2148 0x000001f96ff58c90 code [0x000001f96ff59100, 0x000001f96ff5b5e0]
Event: 8.462 Thread 0x000001f9043f9b70 2149       3       com.sun.tools.javac.parser.JavacParser::classInterfaceOrRecordBody (146 bytes)
Event: 8.463 Thread 0x000001f90a7ec8b0 nmethod 2143 0x000001f9777f5d90 code [0x000001f9777f5fc0, 0x000001f9777f6600]
Event: 8.463 Thread 0x000001f90a7ec8b0 2150       4       com.sun.tools.javac.parser.UnicodeReader::skipToEOLN (26 bytes)
Event: 8.463 Thread 0x000001f9043f9b70 nmethod 2149 0x000001f96ff5c410 code [0x000001f96ff5c740, 0x000001f96ff5dc58]
Event: 8.472 Thread 0x000001f90a7ec8b0 nmethod 2150 0x000001f9777f6b90 code [0x000001f9777f6dc0, 0x000001f9777f7488]
Event: 8.472 Thread 0x000001f90a7ec8b0 2151       4       com.sun.tools.javac.parser.JavacParser::blockStatement (1401 bytes)
Event: 8.488 Thread 0x000001f90a7ec8b0 nmethod 2151 0x000001f9777f7a10 code [0x000001f9777f7e40, 0x000001f9777f8cb8]
Event: 8.488 Thread 0x000001f90a7ec8b0 2147   !   4       com.sun.tools.javac.parser.JavacParser::literal (693 bytes)
Event: 8.679 Thread 0x000001f9044151c0 2154       3       com.sun.tools.javac.parser.JavacParser::implicitParameter (31 bytes)
Event: 8.694 Thread 0x000001f9043f9b70 2156       3       com.sun.tools.javac.parser.JavacParser::peekToken (54 bytes)
Event: 9.619 Thread 0x000001f9044151c0 nmethod 2154 0x000001f96ff5e390 code [0x000001f96ff5e560, 0x000001f96ff5e8f8]
Event: 9.619 Thread 0x000001f9044151c0 2164       3       com.sun.tools.javac.parser.JavacParser::implicitParameters (99 bytes)
Event: 9.619 Thread 0x000001f9043f9b70 nmethod 2156 0x000001f96ff5ea90 code [0x000001f96ff5ece0, 0x000001f96ff5f5c8]
Event: 9.619 Thread 0x000001f9043f9b70 2167       3       jdk.internal.math.FDBigInteger::mult (64 bytes)
Event: 9.620 Thread 0x000001f9043f9b70 nmethod 2167 0x000001f96ff5f910 code [0x000001f96ff5fac0, 0x000001f96ff5fd08]
Event: 9.620 Thread 0x000001f9043f9b70 2166       3       jdk.internal.math.FDBigInteger::mult (44 bytes)

GC Heap History (20 events):
Event: 4.105 GC heap before
{Heap before GC invocations=23 (full 0):
 garbage-first heap   total 110592K, used 99328K [0x00000000e0000000, 0x0000000100000000)
  region size 1024K, 38 young (38912K), 4 survivors (4096K)
 Metaspace       used 10062K, committed 10176K, reserved 1114112K
  class space    used 877K, committed 960K, reserved 1048576K
}
Event: 4.111 GC heap after
{Heap after GC invocations=24 (full 0):
 garbage-first heap   total 110592K, used 31502K [0x00000000e0000000, 0x0000000100000000)
  region size 1024K, 4 young (4096K), 4 survivors (4096K)
 Metaspace       used 10062K, committed 10176K, reserved 1114112K
  class space    used 877K, committed 960K, reserved 1048576K
}
Event: 4.637 GC heap before
{Heap before GC invocations=24 (full 0):
 garbage-first heap   total 110592K, used 89870K [0x00000000e0000000, 0x0000000100000000)
  region size 1024K, 48 young (49152K), 4 survivors (4096K)
 Metaspace       used 15052K, committed 15232K, reserved 1114112K
  class space    used 1460K, committed 1536K, reserved 1048576K
}
Event: 4.640 GC heap after
{Heap after GC invocations=25 (full 0):
 garbage-first heap   total 110592K, used 38570K [0x00000000e0000000, 0x0000000100000000)
  region size 1024K, 7 young (7168K), 7 survivors (7168K)
 Metaspace       used 15052K, committed 15232K, reserved 1114112K
  class space    used 1460K, committed 1536K, reserved 1048576K
}
Event: 4.710 GC heap before
{Heap before GC invocations=25 (full 0):
 garbage-first heap   total 110592K, used 58026K [0x00000000e0000000, 0x0000000100000000)
  region size 1024K, 15 young (15360K), 7 survivors (7168K)
 Metaspace       used 15055K, committed 15232K, reserved 1114112K
  class space    used 1460K, committed 1536K, reserved 1048576K
}
Event: 4.712 GC heap after
{Heap after GC invocations=26 (full 0):
 garbage-first heap   total 110592K, used 46392K [0x00000000e0000000, 0x0000000100000000)
  region size 1024K, 5 young (5120K), 5 survivors (5120K)
 Metaspace       used 15055K, committed 15232K, reserved 1114112K
  class space    used 1460K, committed 1536K, reserved 1048576K
}
Event: 4.966 GC heap before
{Heap before GC invocations=26 (full 0):
 garbage-first heap   total 110592K, used 77112K [0x00000000e0000000, 0x0000000100000000)
  region size 1024K, 18 young (18432K), 5 survivors (5120K)
 Metaspace       used 15099K, committed 15296K, reserved 1114112K
  class space    used 1460K, committed 1536K, reserved 1048576K
}
Event: 4.968 GC heap after
{Heap after GC invocations=27 (full 0):
 garbage-first heap   total 110592K, used 67540K [0x00000000e0000000, 0x0000000100000000)
  region size 1024K, 5 young (5120K), 5 survivors (5120K)
 Metaspace       used 15099K, committed 15296K, reserved 1114112K
  class space    used 1460K, committed 1536K, reserved 1048576K
}
Event: 5.132 GC heap before
{Heap before GC invocations=28 (full 0):
 garbage-first heap   total 110592K, used 102356K [0x00000000e0000000, 0x0000000100000000)
  region size 1024K, 22 young (22528K), 5 survivors (5120K)
 Metaspace       used 15121K, committed 15296K, reserved 1114112K
  class space    used 1460K, committed 1536K, reserved 1048576K
}
Event: 5.139 GC heap after
{Heap after GC invocations=29 (full 0):
 garbage-first heap   total 124928K, used 102341K [0x00000000e0000000, 0x0000000100000000)
  region size 1024K, 3 young (3072K), 3 survivors (3072K)
 Metaspace       used 15121K, committed 15296K, reserved 1114112K
  class space    used 1460K, committed 1536K, reserved 1048576K
}
Event: 5.189 GC heap before
{Heap before GC invocations=29 (full 0):
 garbage-first heap   total 124928K, used 114629K [0x00000000e0000000, 0x0000000100000000)
  region size 1024K, 10 young (10240K), 3 survivors (3072K)
 Metaspace       used 15121K, committed 15296K, reserved 1114112K
  class space    used 1460K, committed 1536K, reserved 1048576K
}
Event: 5.192 GC heap after
{Heap after GC invocations=30 (full 0):
 garbage-first heap   total 125952K, used 114688K [0x00000000e0000000, 0x0000000100000000)
  region size 1024K, 2 young (2048K), 2 survivors (2048K)
 Metaspace       used 15121K, committed 15296K, reserved 1114112K
  class space    used 1460K, committed 1536K, reserved 1048576K
}
Event: 5.211 GC heap before
{Heap before GC invocations=30 (full 0):
 garbage-first heap   total 125952K, used 114688K [0x00000000e0000000, 0x0000000100000000)
  region size 1024K, 4 young (4096K), 2 survivors (2048K)
 Metaspace       used 15121K, committed 15296K, reserved 1114112K
  class space    used 1460K, committed 1536K, reserved 1048576K
}
Event: 5.213 GC heap after
{Heap after GC invocations=31 (full 0):
 garbage-first heap   total 188416K, used 117077K [0x00000000e0000000, 0x0000000100000000)
  region size 1024K, 1 young (1024K), 1 survivors (1024K)
 Metaspace       used 15121K, committed 15296K, reserved 1114112K
  class space    used 1460K, committed 1536K, reserved 1048576K
}
Event: 6.046 GC heap before
{Heap before GC invocations=31 (full 0):
 garbage-first heap   total 188416K, used 167253K [0x00000000e0000000, 0x0000000100000000)
  region size 1024K, 25 young (25600K), 1 survivors (1024K)
 Metaspace       used 15952K, committed 16128K, reserved 1114112K
  class space    used 1505K, committed 1600K, reserved 1048576K
}
Event: 6.051 GC heap after
{Heap after GC invocations=32 (full 0):
 garbage-first heap   total 188416K, used 158329K [0x00000000e0000000, 0x0000000100000000)
  region size 1024K, 4 young (4096K), 4 survivors (4096K)
 Metaspace       used 15952K, committed 16128K, reserved 1114112K
  class space    used 1505K, committed 1600K, reserved 1048576K
}
Event: 6.854 GC heap before
{Heap before GC invocations=32 (full 0):
 garbage-first heap   total 188416K, used 167545K [0x00000000e0000000, 0x0000000100000000)
  region size 1024K, 13 young (13312K), 4 survivors (4096K)
 Metaspace       used 16109K, committed 16256K, reserved 1114112K
  class space    used 1514K, committed 1600K, reserved 1048576K
}
Event: 6.858 GC heap after
{Heap after GC invocations=33 (full 0):
 garbage-first heap   total 188416K, used 159948K [0x00000000e0000000, 0x0000000100000000)
  region size 1024K, 2 young (2048K), 2 survivors (2048K)
 Metaspace       used 16109K, committed 16256K, reserved 1114112K
  class space    used 1514K, committed 1600K, reserved 1048576K
}
Event: 8.055 GC heap before
{Heap before GC invocations=34 (full 0):
 garbage-first heap   total 268288K, used 169164K [0x00000000e0000000, 0x0000000100000000)
  region size 1024K, 12 young (12288K), 2 survivors (2048K)
 Metaspace       used 16134K, committed 16320K, reserved 1114112K
  class space    used 1514K, committed 1600K, reserved 1048576K
}
Event: 8.058 GC heap after
{Heap after GC invocations=35 (full 0):
 garbage-first heap   total 268288K, used 162103K [0x00000000e0000000, 0x0000000100000000)
  region size 1024K, 2 young (2048K), 2 survivors (2048K)
 Metaspace       used 16134K, committed 16320K, reserved 1114112K
  class space    used 1514K, committed 1600K, reserved 1048576K
}

Dll operation events (7 events):
Event: 0.012 Loaded shared library C:\Users\Power User\AppData\Roaming\PrismLauncher\java\java-runtime-delta\bin\java.dll
Event: 0.018 Loaded shared library C:\Users\Power User\AppData\Roaming\PrismLauncher\java\java-runtime-delta\bin\zip.dll
Event: 0.063 Loaded shared library C:\Users\Power User\AppData\Roaming\PrismLauncher\java\java-runtime-delta\bin\jsvml.dll
Event: 0.129 Loaded shared library C:\Users\Power User\AppData\Roaming\PrismLauncher\java\java-runtime-delta\bin\jimage.dll
Event: 0.136 Loaded shared library C:\Users\Power User\AppData\Roaming\PrismLauncher\java\java-runtime-delta\bin\zip.dll
Event: 0.216 Loaded shared library C:\Users\Power User\AppData\Roaming\PrismLauncher\java\java-runtime-delta\bin\net.dll
Event: 0.220 Loaded shared library C:\Users\Power User\AppData\Roaming\PrismLauncher\java\java-runtime-delta\bin\nio.dll

Deoptimization events (20 events):
Event: 7.366 Thread 0x000001f96bf1b920 Uncommon trap: trap_request=0xffffff45 fr.pc=0x000001f9777cdb80 relative=0x00000000000016a0
Event: 7.366 Thread 0x000001f96bf1b920 Uncommon trap: reason=unstable_if action=reinterpret pc=0x000001f9777cdb80 method=java.lang.AbstractStringBuilder.isLatin1()Z @ 10 c2
Event: 7.366 Thread 0x000001f96bf1b920 DEOPT PACKING pc=0x000001f9777cdb80 sp=0x000000afe8afde40
Event: 7.366 Thread 0x000001f96bf1b920 DEOPT UNPACKING pc=0x000001f976f47da2 sp=0x000000afe8afdbe0 mode 2
Event: 7.366 Thread 0x000001f96bf1b920 Uncommon trap: trap_request=0xffffff45 fr.pc=0x000001f9777a58c8 relative=0x0000000000000208
Event: 7.366 Thread 0x000001f96bf1b920 Uncommon trap: reason=unstable_if action=reinterpret pc=0x000001f9777a58c8 method=java.lang.AbstractStringBuilder.isLatin1()Z @ 10 c2
Event: 7.366 Thread 0x000001f96bf1b920 DEOPT PACKING pc=0x000001f9777a58c8 sp=0x000000afe8afdd90
Event: 7.366 Thread 0x000001f96bf1b920 DEOPT UNPACKING pc=0x000001f976f47da2 sp=0x000000afe8afdbd8 mode 2
Event: 7.366 Thread 0x000001f96bf1b920 Uncommon trap: trap_request=0xffffff45 fr.pc=0x000001f9777c1888 relative=0x0000000000000ee8
Event: 7.366 Thread 0x000001f96bf1b920 Uncommon trap: reason=unstable_if action=reinterpret pc=0x000001f9777c1888 method=java.lang.AbstractStringBuilder.isLatin1()Z @ 10 c2
Event: 7.366 Thread 0x000001f96bf1b920 DEOPT PACKING pc=0x000001f9777c1888 sp=0x000000afe8afddd0
Event: 7.366 Thread 0x000001f96bf1b920 DEOPT UNPACKING pc=0x000001f976f47da2 sp=0x000000afe8afdc08 mode 2
Event: 7.449 Thread 0x000001f96bf1b920 Uncommon trap: trap_request=0xffffff45 fr.pc=0x000001f977759244 relative=0x00000000000006a4
Event: 7.449 Thread 0x000001f96bf1b920 Uncommon trap: reason=unstable_if action=reinterpret pc=0x000001f977759244 method=com.sun.tools.javac.parser.JavacParser.blockStatement()Lcom/sun/tools/javac/util/List; @ 22 c2
Event: 7.449 Thread 0x000001f96bf1b920 DEOPT PACKING pc=0x000001f977759244 sp=0x000000afe8afdb90
Event: 7.449 Thread 0x000001f96bf1b920 DEOPT UNPACKING pc=0x000001f976f47da2 sp=0x000000afe8afdb38 mode 2
Event: 8.455 Thread 0x000001f96bf1b920 Uncommon trap: trap_request=0xffffff3d fr.pc=0x000001f97772bac4 relative=0x00000000000017a4
Event: 8.455 Thread 0x000001f96bf1b920 Uncommon trap: reason=unstable_fused_if action=reinterpret pc=0x000001f97772bac4 method=com.sun.tools.javac.parser.JavacParser.modifiersOpt(Lcom/sun/tools/javac/tree/JCTree$JCModifiers;)Lcom/sun/tools/javac/tree/JCTree$JCModifiers; @ 78 c2
Event: 8.456 Thread 0x000001f96bf1b920 DEOPT PACKING pc=0x000001f97772bac4 sp=0x000000afe8afe5c0
Event: 8.456 Thread 0x000001f96bf1b920 DEOPT UNPACKING pc=0x000001f976f47da2 sp=0x000000afe8afe570 mode 2

Classes loaded (20 events):
Event: 5.972 Loading class jdk/internal/math/FloatingDecimal
Event: 5.973 Loading class jdk/internal/math/FloatingDecimal done
Event: 5.973 Loading class jdk/internal/math/FloatingDecimal$ExceptionalBinaryToASCIIBuffer
Event: 5.973 Loading class jdk/internal/math/FloatingDecimal$BinaryToASCIIConverter
Event: 5.973 Loading class jdk/internal/math/FloatingDecimal$BinaryToASCIIConverter done
Event: 5.973 Loading class jdk/internal/math/FloatingDecimal$ExceptionalBinaryToASCIIBuffer done
Event: 5.973 Loading class jdk/internal/math/FloatingDecimal$BinaryToASCIIBuffer
Event: 5.973 Loading class jdk/internal/math/FloatingDecimal$BinaryToASCIIBuffer done
Event: 5.973 Loading class jdk/internal/math/FloatingDecimal$1
Event: 5.973 Loading class jdk/internal/math/FloatingDecimal$1 done
Event: 5.973 Loading class jdk/internal/math/FloatingDecimal$PreparedASCIIToBinaryBuffer
Event: 5.973 Loading class jdk/internal/math/FloatingDecimal$ASCIIToBinaryConverter
Event: 5.973 Loading class jdk/internal/math/FloatingDecimal$ASCIIToBinaryConverter done
Event: 5.973 Loading class jdk/internal/math/FloatingDecimal$PreparedASCIIToBinaryBuffer done
Event: 5.973 Loading class jdk/internal/math/FloatingDecimal$ASCIIToBinaryBuffer
Event: 5.973 Loading class jdk/internal/math/FloatingDecimal$ASCIIToBinaryBuffer done
Event: 6.211 Loading class java/lang/foreign/MemorySegment
Event: 6.212 Loading class java/lang/foreign/MemorySegment done
Event: 8.877 Loading class jdk/internal/math/FDBigInteger
Event: 9.603 Loading class jdk/internal/math/FDBigInteger done

Classes unloaded (0 events):
No events

Classes redefined (0 events):
No events

Internal exceptions (20 events):
Event: 3.791 Thread 0x000001f96bf1b920 Exception <a 'sun/nio/fs/WindowsException'{0x00000000e61775e8}> (0x00000000e61775e8) 
thrown [s\src\hotspot\share\prims\jni.cpp, line 520]
Event: 3.792 Thread 0x000001f96bf1b920 Exception <a 'sun/nio/fs/WindowsException'{0x00000000e6177a80}> (0x00000000e6177a80) 
thrown [s\src\hotspot\share\prims\jni.cpp, line 520]
Event: 3.792 Thread 0x000001f96bf1b920 Exception <a 'sun/nio/fs/WindowsException'{0x00000000e6177f10}> (0x00000000e6177f10) 
thrown [s\src\hotspot\share\prims\jni.cpp, line 520]
Event: 3.792 Thread 0x000001f96bf1b920 Exception <a 'sun/nio/fs/WindowsException'{0x00000000e61783c0}> (0x00000000e61783c0) 
thrown [s\src\hotspot\share\prims\jni.cpp, line 520]
Event: 3.792 Thread 0x000001f96bf1b920 Exception <a 'sun/nio/fs/WindowsException'{0x00000000e6178858}> (0x00000000e6178858) 
thrown [s\src\hotspot\share\prims\jni.cpp, line 520]
Event: 3.792 Thread 0x000001f96bf1b920 Exception <a 'sun/nio/fs/WindowsException'{0x00000000e6178ce0}> (0x00000000e6178ce0) 
thrown [s\src\hotspot\share\prims\jni.cpp, line 520]
Event: 3.792 Thread 0x000001f96bf1b920 Exception <a 'sun/nio/fs/WindowsException'{0x00000000e6179178}> (0x00000000e6179178) 
thrown [s\src\hotspot\share\prims\jni.cpp, line 520]
Event: 3.792 Thread 0x000001f96bf1b920 Exception <a 'sun/nio/fs/WindowsException'{0x00000000e6179620}> (0x00000000e6179620) 
thrown [s\src\hotspot\share\prims\jni.cpp, line 520]
Event: 3.792 Thread 0x000001f96bf1b920 Exception <a 'sun/nio/fs/WindowsException'{0x00000000e6179ae0}> (0x00000000e6179ae0) 
thrown [s\src\hotspot\share\prims\jni.cpp, line 520]
Event: 3.792 Thread 0x000001f96bf1b920 Exception <a 'sun/nio/fs/WindowsException'{0x00000000e6179f60}> (0x00000000e6179f60) 
thrown [s\src\hotspot\share\prims\jni.cpp, line 520]
Event: 3.795 Thread 0x000001f96bf1b920 Exception <a 'sun/nio/fs/WindowsException'{0x00000000e618fee0}> (0x00000000e618fee0) 
thrown [s\src\hotspot\share\prims\jni.cpp, line 520]
Event: 3.797 Thread 0x000001f96bf1b920 Exception <a 'sun/nio/fs/WindowsException'{0x00000000e61b0570}> (0x00000000e61b0570) 
thrown [s\src\hotspot\share\prims\jni.cpp, line 520]
Event: 4.316 Thread 0x000001f96bf1b920 Exception <a 'sun/nio/fs/WindowsException'{0x00000000e5ce6da0}> (0x00000000e5ce6da0) 
thrown [s\src\hotspot\share\prims\jni.cpp, line 520]
Event: 4.317 Thread 0x000001f96bf1b920 Exception <a 'java/lang/NoSuchMethodError'{0x00000000e5ced1c0}: 'int java.lang.invoke.DirectMethodHandle$Holder.invokeVirtual(java.lang.Object, java.lang.Object, java.lang.Object)'> (0x00000000e5ced1c0) 
thrown [s\src\hotspot\share\interpreter\linkResolver.cpp, line 773]
Event: 4.318 Thread 0x000001f96bf1b920 Exception <a 'java/lang/NoSuchMethodError'{0x00000000e5cf3038}: 'void java.lang.invoke.DirectMethodHandle$Holder.invokeInterface(java.lang.Object, java.lang.Object, java.lang.Object)'> (0x00000000e5cf3038) 
thrown [s\src\hotspot\share\interpreter\linkResolver.cpp, line 773]
Event: 4.403 Thread 0x000001f96bf1b920 Exception <a 'java/lang/NoSuchMethodError'{0x00000000e54adf50}: 'int java.lang.invoke.DirectMethodHandle$Holder.invokeStaticInit(java.lang.Object, java.lang.Object)'> (0x00000000e54adf50) 
thrown [s\src\hotspot\share\interpreter\linkResolver.cpp, line 773]
Event: 4.469 Thread 0x000001f96bf1b920 Exception <a 'java/lang/NoSuchMethodError'{0x00000000e4b90990}: 'int java.lang.invoke.DirectMethodHandle$Holder.invokeVirtual(java.lang.Object, java.lang.Object)'> (0x00000000e4b90990) 
thrown [s\src\hotspot\share\interpreter\linkResolver.cpp, line 773]
Event: 4.473 Thread 0x000001f96bf1b920 Exception <a 'java/lang/NoSuchMethodError'{0x00000000e4bb7e10}: 'java.lang.Object java.lang.invoke.DirectMethodHandle$Holder.newInvokeSpecial(java.lang.Object, java.lang.Object, java.lang.Object, java.lang.Object, java.lang.Object)'> (0x00000000e4bb7e10) 
thrown [s\src\hotspot\share\interpreter\linkResolver.cpp, line 773]
Event: 4.474 Thread 0x000001f96bf1b920 Exception <a 'java/lang/NoSuchMethodError'{0x00000000e4bcefe8}: 'java.lang.Object java.lang.invoke.DirectMethodHandle$Holder.newInvokeSpecial(java.lang.Object, java.lang.Object, java.lang.Object, java.lang.Object, java.lang.Object, java.lang.Object)'> (0x00000000e4bcefe8) 
thrown [s\src\hotspot\share\interpreter\linkResolver.cpp, line 773]
Event: 4.492 Thread 0x000001f96bf1b920 Exception <a 'sun/nio/fs/WindowsException'{0x00000000e496b700}> (0x00000000e496b700) 
thrown [s\src\hotspot\share\prims\jni.cpp, line 520]

ZGC Phase Switch (0 events):
No events

VM Operations (20 events):
Event: 5.189 Executing VM operation: G1CollectForAllocation (G1 Evacuation Pause)
Event: 5.192 Executing VM operation: G1CollectForAllocation (G1 Evacuation Pause) done
Event: 5.211 Executing VM operation: G1TryInitiateConcMark (G1 Humongous Allocation)
Event: 5.213 Executing VM operation: G1TryInitiateConcMark (G1 Humongous Allocation) done
Event: 5.858 Executing VM operation: HandshakeAllThreads (Deoptimize)
Event: 5.858 Executing VM operation: HandshakeAllThreads (Deoptimize) done
Event: 6.046 Executing VM operation: G1CollectForAllocation (G1 Evacuation Pause)
Event: 6.051 Executing VM operation: G1CollectForAllocation (G1 Evacuation Pause) done
Event: 6.854 Executing VM operation: G1CollectForAllocation (G1 Evacuation Pause)
Event: 6.858 Executing VM operation: G1CollectForAllocation (G1 Evacuation Pause) done
Event: 6.862 Executing VM operation: G1PauseRemark
Event: 6.876 Executing VM operation: G1PauseRemark done
Event: 6.877 Executing VM operation: G1PauseCleanup
Event: 6.877 Executing VM operation: G1PauseCleanup done
Event: 7.880 Executing VM operation: Cleanup
Event: 7.880 Executing VM operation: Cleanup done
Event: 8.055 Executing VM operation: G1CollectForAllocation (G1 Evacuation Pause)
Event: 8.058 Executing VM operation: G1CollectForAllocation (G1 Evacuation Pause) done
Event: 9.059 Executing VM operation: Cleanup
Event: 9.619 Executing VM operation: Cleanup done

Memory protections (0 events):
No events

Nmethod flushes (20 events):
Event: 6.863 Thread 0x000001f9699e51a0 flushing  nmethod 0x000001f96fafcc10
Event: 6.863 Thread 0x000001f9699e51a0 flushing  nmethod 0x000001f96fafd490
Event: 6.863 Thread 0x000001f9699e51a0 flushing  nmethod 0x000001f96fb16c10
Event: 6.863 Thread 0x000001f9699e51a0 flushing  nmethod 0x000001f96fb19190
Event: 6.864 Thread 0x000001f9699e51a0 flushing  nmethod 0x000001f96fb1a110
Event: 6.864 Thread 0x000001f9699e51a0 flushing  nmethod 0x000001f96fb1cb90
Event: 6.864 Thread 0x000001f9699e51a0 flushing  nmethod 0x000001f96fb2b010
Event: 6.864 Thread 0x000001f9699e51a0 flushing  nmethod 0x000001f96fb2b410
Event: 6.864 Thread 0x000001f9699e51a0 flushing  nmethod 0x000001f96fb31a90
Event: 6.864 Thread 0x000001f9699e51a0 flushing  nmethod 0x000001f96fb4ff90
Event: 6.864 Thread 0x000001f9699e51a0 flushing  nmethod 0x000001f96fb50490
Event: 6.864 Thread 0x000001f9699e51a0 flushing  nmethod 0x000001f96fb67910
Event: 6.864 Thread 0x000001f9699e51a0 flushing  nmethod 0x000001f96fb6e710
Event: 6.864 Thread 0x000001f9699e51a0 flushing  nmethod 0x000001f96fb6f610
Event: 6.864 Thread 0x000001f9699e51a0 flushing  nmethod 0x000001f96fbcb610
Event: 6.864 Thread 0x000001f9699e51a0 flushing  nmethod 0x000001f96fbf1f90
Event: 6.864 Thread 0x000001f9699e51a0 flushing  nmethod 0x000001f96fbf2c10
Event: 6.864 Thread 0x000001f9699e51a0 flushing  nmethod 0x000001f96fc46290
Event: 6.864 Thread 0x000001f9699e51a0 flushing  nmethod 0x000001f96fc4b110
Event: 6.864 Thread 0x000001f9699e51a0 flushing  nmethod 0x000001f96fc4e010

Events (20 events):
Event: 5.982 Thread 0x000001f9043f5460 Thread added: 0x000001f90adc0b40
Event: 5.983 Thread 0x000001f904e225a0 Thread added: 0x000001f90b107fe0
Event: 5.984 Thread 0x000001f904e225a0 Thread added: 0x000001f90b109690
Event: 5.986 Thread 0x000001f96bfb1fd0 Thread added: 0x000001f90b109d30
Event: 5.987 Thread 0x000001f9044151c0 Thread added: 0x000001f90b26c8a0
Event: 5.989 Thread 0x000001f90adc0b40 Thread added: 0x000001f90b26cf40
Event: 5.996 Thread 0x000001f904e225a0 Thread added: 0x000001f909dbeb60
Event: 6.354 Thread 0x000001f909dbeb60 Thread exited: 0x000001f909dbeb60
Event: 6.356 Thread 0x000001f90b26cf40 Thread exited: 0x000001f90b26cf40
Event: 6.356 Thread 0x000001f90b26c8a0 Thread exited: 0x000001f90b26c8a0
Event: 6.357 Thread 0x000001f90b109d30 Thread exited: 0x000001f90b109d30
Event: 6.358 Thread 0x000001f90b109690 Thread exited: 0x000001f90b109690
Event: 6.362 Thread 0x000001f90b107fe0 Thread exited: 0x000001f90b107fe0
Event: 6.362 Thread 0x000001f90adc0b40 Thread exited: 0x000001f90adc0b40
Event: 6.948 Thread 0x000001f904437bb0 Thread added: 0x000001f9091c4610
Event: 7.362 Thread 0x000001f9091c4610 Thread exited: 0x000001f9091c4610
Event: 7.976 Thread 0x000001f904e225a0 Thread exited: 0x000001f904e225a0
Event: 7.977 Thread 0x000001f96bfb1fd0 Thread exited: 0x000001f96bfb1fd0
Event: 7.977 Thread 0x000001f904437bb0 Thread exited: 0x000001f904437bb0
Event: 8.358 Thread 0x000001f9043f5460 Thread added: 0x000001f90a7ec8b0


Dynamic libraries:
0x00007ff70d680000 - 0x00007ff70d688000 	C:\Users\Power User\AppData\Roaming\PrismLauncher\java\java-runtime-delta\bin\javac.exe
0x00007ffed5900000 - 0x00007ffed5b66000 	C:\WINDOWS\SYSTEM32\ntdll.dll
0x00007ffed5330000 - 0x00007ffed53f9000 	C:\WINDOWS\System32\KERNEL32.DLL
0x00007ffed2d70000 - 0x00007ffed316a000 	C:\WINDOWS\System32\KERNELBASE.dll
0x00007ffed3460000 - 0x00007ffed35ac000 	C:\WINDOWS\System32\ucrtbase.dll
0x00007ffecce50000 - 0x00007ffecce68000 	C:\Users\Power User\AppData\Roaming\PrismLauncher\java\java-runtime-delta\bin\jli.dll
0x00007ffecce20000 - 0x00007ffecce3d000 	C:\Users\Power User\AppData\Roaming\PrismLauncher\java\java-runtime-delta\bin\VCRUNTIME140.dll
0x00007ffed3d90000 - 0x00007ffed3f57000 	C:\WINDOWS\System32\USER32.dll
0x00007ffed3170000 - 0x00007ffed3197000 	C:\WINDOWS\System32\win32u.dll
0x00007ffed5460000 - 0x00007ffed548b000 	C:\WINDOWS\System32\GDI32.dll
0x00007ffeb4400000 - 0x00007ffeb4692000 	C:\WINDOWS\WinSxS\amd64_microsoft.windows.common-controls_6595b64144ccf1df_6.0.26100.8521_none_3e08b75ce33403b3\COMCTL32.dll
0x00007ffed2c40000 - 0x00007ffed2d6b000 	C:\WINDOWS\System32\gdi32full.dll
0x00007ffed4840000 - 0x00007ffed48e9000 	C:\WINDOWS\System32\msvcrt.dll
0x00007ffed33b0000 - 0x00007ffed3453000 	C:\WINDOWS\System32\msvcp_win.dll
0x00007ffed48f0000 - 0x00007ffed4922000 	C:\WINDOWS\System32\IMM32.DLL
0x00007ffecdbc0000 - 0x00007ffecdbcc000 	C:\Users\Power User\AppData\Roaming\PrismLauncher\java\java-runtime-delta\bin\vcruntime140_1.dll
0x00007ffebe090000 - 0x00007ffebe11d000 	C:\Users\Power User\AppData\Roaming\PrismLauncher\java\java-runtime-delta\bin\msvcp140.dll
0x00007ffe07490000 - 0x00007ffe08228000 	C:\Users\Power User\AppData\Roaming\PrismLauncher\java\java-runtime-delta\bin\server\jvm.dll
0x00007ffed5630000 - 0x00007ffed56e6000 	C:\WINDOWS\System32\ADVAPI32.dll
0x00007ffed56f0000 - 0x00007ffed579a000 	C:\WINDOWS\System32\sechost.dll
0x00007ffed57a0000 - 0x00007ffed58b8000 	C:\WINDOWS\System32\RPCRT4.dll
0x00007ffed4790000 - 0x00007ffed4810000 	C:\WINDOWS\System32\WS2_32.dll
0x00007ffed29f0000 - 0x00007ffed2a4e000 	C:\WINDOWS\SYSTEM32\POWRPROF.dll
0x00007ffec42b0000 - 0x00007ffec42e6000 	C:\WINDOWS\SYSTEM32\WINMM.dll
0x00007ffecba60000 - 0x00007ffecba6b000 	C:\WINDOWS\SYSTEM32\VERSION.dll
0x00007ffed29d0000 - 0x00007ffed29e4000 	C:\WINDOWS\SYSTEM32\UMPDC.dll
0x00007ffed18e0000 - 0x00007ffed18fb000 	C:\WINDOWS\SYSTEM32\kernel.appcore.dll
0x00007ffeccf50000 - 0x00007ffeccf5a000 	C:\Users\Power User\AppData\Roaming\PrismLauncher\java\java-runtime-delta\bin\jimage.dll
0x00007ffecfc30000 - 0x00007ffecfe72000 	C:\WINDOWS\SYSTEM32\DBGHELP.DLL
0x00007ffed36c0000 - 0x00007ffed3a43000 	C:\WINDOWS\System32\combase.dll
0x00007ffed5150000 - 0x00007ffed5229000 	C:\WINDOWS\System32\OLEAUT32.dll
0x00007ffec1560000 - 0x00007ffec159b000 	C:\WINDOWS\SYSTEM32\dbgcore.DLL
0x00007ffed2b90000 - 0x00007ffed2c38000 	C:\WINDOWS\System32\bcryptPrimitives.dll
0x00007ffecce00000 - 0x00007ffecce20000 	C:\Users\Power User\AppData\Roaming\PrismLauncher\java\java-runtime-delta\bin\java.dll
0x00007ffeccde0000 - 0x00007ffeccdf8000 	C:\Users\Power User\AppData\Roaming\PrismLauncher\java\java-runtime-delta\bin\zip.dll
0x00007ffed4940000 - 0x00007ffed50c4000 	C:\WINDOWS\System32\SHELL32.dll
0x00007ffed0710000 - 0x00007ffed0f90000 	C:\WINDOWS\SYSTEM32\windows.storage.dll
0x00007ffed5230000 - 0x00007ffed5326000 	C:\WINDOWS\System32\SHCORE.dll
0x00007ffed3ff0000 - 0x00007ffed4057000 	C:\WINDOWS\System32\shlwapi.dll
0x00007ffed2ab0000 - 0x00007ffed2ad9000 	C:\WINDOWS\SYSTEM32\profapi.dll
0x00007ffe777b0000 - 0x00007ffe77886000 	C:\Users\Power User\AppData\Roaming\PrismLauncher\java\java-runtime-delta\bin\jsvml.dll
0x00007ffeccdd0000 - 0x00007ffeccde0000 	C:\Users\Power User\AppData\Roaming\PrismLauncher\java\java-runtime-delta\bin\net.dll
0x00007ffecbf20000 - 0x00007ffecc049000 	C:\WINDOWS\SYSTEM32\WINHTTP.dll
0x00007ffed1e30000 - 0x00007ffed1e9c000 	C:\WINDOWS\system32\mswsock.dll
0x00007ffecb020000 - 0x00007ffecb036000 	C:\Users\Power User\AppData\Roaming\PrismLauncher\java\java-runtime-delta\bin\nio.dll

dbghelp: loaded successfully - version: 4.0.5 - missing functions: none
symbol engine: initialized successfully - sym options: 0x614 - pdb path: .;C:\Users\Power User\AppData\Roaming\PrismLauncher\java\java-runtime-delta\bin;C:\WINDOWS\SYSTEM32;C:\WINDOWS\WinSxS\amd64_microsoft.windows.common-controls_6595b64144ccf1df_6.0.26100.8521_none_3e08b75ce33403b3;C:\Users\Power User\AppData\Roaming\PrismLauncher\java\java-runtime-delta\bin\server

VM Arguments:
jvm_args: -Dapplication.home=C:\Users\Power User\AppData\Roaming\PrismLauncher\java\java-runtime-delta --add-modules=ALL-DEFAULT -Xms8m -Xmx512m -Djdk.module.main=jdk.compiler 
java_command: jdk.compiler/com.sun.tools.javac.Main @C:\baritone-minefix\build\javac_args.txt
java_class_path (initial): <not set>
Launcher Type: SUN_STANDARD

[Global flags]
     intx CICompilerCount                          = 15                                        {product} {ergonomic}
     uint ConcGCThreads                            = 6                                         {product} {ergonomic}
     uint G1ConcRefinementThreads                  = 23                                        {product} {ergonomic}
   size_t G1HeapRegionSize                         = 1048576                                   {product} {ergonomic}
    uintx GCDrainStackTargetSize                   = 64                                        {product} {ergonomic}
   size_t InitialHeapSize                          = 8388608                                   {product} {command line}
   size_t MarkStackSize                            = 4194304                                   {product} {ergonomic}
   size_t MaxHeapSize                              = 536870912                                 {product} {command line}
   size_t MaxNewSize                               = 321912832                                 {product} {ergonomic}
   size_t MinHeapDeltaBytes                        = 1048576                                   {product} {ergonomic}
   size_t MinHeapSize                              = 8388608                                   {product} {command line}
    uintx NonNMethodCodeHeapSize                   = 8192380                                {pd product} {ergonomic}
    uintx NonProfiledCodeHeapSize                  = 121732930                              {pd product} {ergonomic}
    uintx ProfiledCodeHeapSize                     = 121732930                              {pd product} {ergonomic}
    uintx ReservedCodeCacheSize                    = 251658240                              {pd product} {ergonomic}
     bool SegmentedCodeCache                       = true                                      {product} {ergonomic}
   size_t SoftMaxHeapSize                          = 536870912                              {manageable} {ergonomic}
     bool UseCompressedOops                        = true                           {product lp64_product} {ergonomic}
     bool UseG1GC                                  = true                                      {product} {ergonomic}
     bool UseLargePagesIndividualAllocation        = false                                  {pd product} {ergonomic}

Logging:
Log output configuration:
 #0: stdout all=warning uptime,level,tags foldmultilines=false
 #1: stderr all=off uptime,level,tags foldmultilines=false

Environment Variables:
JAVA_HOME=C:\Program Files\Microsoft\jdk-21.0.11.10-hotspot\
PATH=C:\Users\Power User\bin;C:\Program Files\Git\mingw64\bin;C:\Program Files\Git\usr\local\bin;C:\Program Files\Git\usr\bin;C:\Program Files\Git\usr\bin;C:\Program Files\Git\mingw64\bin;C:\Program Files\Git\usr\bin;C:\Users\Power User\bin;C:\Users\Power User\AppData\Local\Programs\Microsoft VS Code;C:\Program Files\Microsoft\jdk-21.0.11.10-hotspot\bin;C:\Program Files\Tesseract-OCR;C:\Program Files\Common Files\Oracle\Java\javapath;C:\Program Files\Java\jdk-18.0.2.1;C:\Program Files\Java\jdk-18.0.2.1\bin;C:\Program Files\OpenSSL-Win64\bin;C:\tools\PSTools\PsExec.exe;C:\msys64\ucrt64\bin;C:\tools\neovim\nvim-win64\bin;C:\Program Files (x86)\Common Files\Oracle\Java\javapath;C:\Windows\system32;C:\Windows;C:\Windows\System32\Wbem;C:\Windows\System32\WindowsPowerShell\v1.0;C:\Windows\System32\OpenSSH;C:\Program Files (x86)\NVIDIA Corporation\PhysX\Common;C:\Program Files\Git\cmd;C:\Program Files\Go\bin;C:\Program Files\dotnet;C:\Program Files\GitHub CLI;C:\Program Files\PuTTY;C:\ProgramData\chocolatey\bin;C:\Program Files (x86)\dotnet;C:\Users\Power User\AppData\Local\Programs\cursor\resources\app\bin;C:\WINDOWS\system32;C:\WINDOWS;C:\WINDOWS\System32\Wbem;C:\WINDOWS\System32\WindowsPowerShell\v1.0;C:\WINDOWS\System32\OpenSSH;C:\Program Files\NVIDIA Corporation\NVIDIA App\NvDLISR;C:\ProgramData\chocolatey\lib\maven\apache-maven-3.9.10\bin;C:\Pro;C:\Users\Power User\AppData\Local\Programs\Python\Python312\Scripts;C:\Users\Power User\AppData\Local\Programs\Python\Python312;C:\Users\Power User\AppData\Local\Programs\Python\Python39\Scripts;C:\Users\Power User\AppData\Local\Programs\Python\Python39;C:\Users\Power User\AppData\Local\Microsoft\WindowsApps;C:\Program Files\JetBrains\PyCharm Community Edition 2023.1\bin;C:\Program Files\JetBrains\IntelliJ IDEA Community Edition 2023.1.4\bin;C:\Users\Power User\AppData\Local\GitHubDesktop\bin;C:\ProgramData\Power User\GitHubDesktop\bin;C:\Users\Power User\go\bin;C:\Users\Power User\.pyenv\pyenv-win\bin;C:\Users\Power User\.pyenv\pyenv-win\shims;C:\Users\Power User\AppData\Local\Google\Cloud SDK\google-cloud-sdk\bin;C:\Users\Power User\.dotnet\tools;C:\tools\neovim\nvim-win64\bin;C:\Users\Power User\AppData\Local\Programs\Microsoft VS Code\bin;C:\Users\Power User\.bun\bin;C:\Users\Power User\AppData\Local\nvm;C:\nvm4w\nodejs;C:\Users\Power User\AppData\Roaming\npm;C:\Users\Power User\AppData\Local\Programs\Windsurf\bin;C:\Users\Power User\AppData\Local\PowerToys\DSCModules;C:\Users\Power User\AppData\Local\Programs\cursor\resources\app\bin;C:\Gradle\gradle-8.8\bin;C:\Program Files\Git\usr\bin\vendor_perl;C:\Program Files\Git\usr\bin\core_perl
USERNAME=Power User
SHELL=C:\Program Files\Git\usr\bin\bash.exe
DISPLAY=needs-to-be-defined
LANG=en_US.UTF-8
TERM=xterm-256color
TMPDIR=C:\Users\POWERU~1\AppData\Local\Temp
OS=Windows_NT
PROCESSOR_IDENTIFIER=AMD64 Family 25 Model 97 Stepping 2, AuthenticAMD
TMP=C:\Users\POWERU~1\AppData\Local\Temp
TEMP=C:\Users\POWERU~1\AppData\Local\Temp




Periodic native trim disabled

---------------  S Y S T E M  ---------------

OS:
 Windows 11 , 64 bit Build 26100 (10.0.26100.8521)
OS uptime: 0 days 8:04 hours
Hyper-V role detected

CPU: total 32 (initial active 32) (32 cores per cpu, 2 threads per core) family 25 model 97 stepping 2 microcode 0xa601206, cx8, cmov, fxsr, ht, mmx, 3dnowpref, sse, sse2, sse3, ssse3, sse4a, sse4.1, sse4.2, popcnt, lzcnt, tsc, tscinvbit, avx, avx2, aes, erms, clmul, bmi1, bmi2, adx, avx512f, avx512dq, avx512cd, avx512bw, avx512vl, sha, fma, vzeroupper, avx512_vpopcntdq, avx512_vpclmulqdq, avx512_vaes, avx512_vnni, clflush, clflushopt, avx512_vbmi2, avx512_vbmi, hv, rdtscp, rdpid, fsrm, gfni, avx512_bitalg, f16c, cet_ss, avx512_ifma
Processor Information for the first 32 processors :
  Max Mhz: 2501, Current Mhz: 2501, Mhz Limit: 2501

Memory: 4k page, system-wide physical 31962M (2445M free)
TotalPageFile size 51109M (AvailPageFile size 45M)
current process WorkingSet (physical memory assigned to process): 306M, peak: 306M
current process commit charge ("private bytes"): 446M, peak: 449M

vm_info: OpenJDK 64-Bit Server VM (21.0.7+6-LTS) for windows-amd64 JRE (21.0.7+6-LTS), built on 2025-04-09T22:17:25Z by "MicrosoftCorporation" with unknown MS VC++:1939

END.
