#
# There is insufficient memory for the Java Runtime Environment to continue.
# Native memory allocation (mmap) failed to map 180355072 bytes. Error detail: G1 virtual space
# Possible reasons:
#   The system is out of physical RAM or swap space
#   This process is running with CompressedOops enabled, and the Java Heap may be blocking the growth of the native heap
# Possible solutions:
#   Reduce memory load on the system
#   Increase physical memory or swap space
#   Check if swap backing store is full
#   Decrease Java heap size (-Xmx/-Xms)
#   Decrease number of Java threads
#   Decrease Java thread stack sizes (-Xss)
#   Set larger code cache with -XX:ReservedCodeCacheSize=
#   JVM is running with Zero Based Compressed Oops mode in which the Java heap is
#     placed in the first 32GB address space. The Java Heap base address is the
#     maximum limit for the native heap growth. Please use -XX:HeapBaseMinAddress
#     to set the Java Heap base and to place the Java Heap above 32GB virtual address.
# This output file may be truncated or incomplete.
#
#  Out of Memory Error (os_windows.cpp:3736), pid=20856, tid=189552
#
# JRE version: OpenJDK Runtime Environment Microsoft-11369940 (21.0.7+6) (build 21.0.7+6-LTS)
# Java VM: OpenJDK 64-Bit Server VM Microsoft-11369940 (21.0.7+6-LTS, mixed mode, tiered, compressed oops, compressed class ptrs, g1 gc, windows-amd64)
# No core dump will be written. Minidumps are not enabled by default on client versions of Windows
#

---------------  S U M M A R Y ------------

Command Line: -Dapplication.home=C:\Users\Power User\AppData\Roaming\PrismLauncher\java\java-runtime-delta --add-modules=ALL-DEFAULT -Xms8m -Djdk.module.main=jdk.compiler jdk.compiler/com.sun.tools.javac.Main @C:\baritone-minefix\build\javac_args.txt

Host: AMD Ryzen 9 7945HX with Radeon Graphics        , 32 cores, 31G,  Windows 11 , 64 bit Build 26100 (10.0.26100.8521)
Time: Thu Jun 11 18:03:42 2026 Eastern Daylight Time elapsed time: 9.034450 seconds (0d 0h 0m 9s)

---------------  T H R E A D  ---------------

Current thread (0x00000159570167b0):  VMThread "VM Thread"          [id=189552, stack(0x000000181de00000,0x000000181df00000) (1024K)]

Stack: [0x000000181de00000,0x000000181df00000]
Native frames: (J=compiled Java code, j=interpreted, Vv=VM code, C=native code)
V  [jvm.dll+0x6d4bb9]
V  [jvm.dll+0x8afa11]
V  [jvm.dll+0x8b1f3e]
V  [jvm.dll+0x8b2623]
V  [jvm.dll+0x280816]
V  [jvm.dll+0x6d1385]
V  [jvm.dll+0x6c552a]
V  [jvm.dll+0x35b978]
V  [jvm.dll+0x3635f6]
V  [jvm.dll+0x3b4b9e]
V  [jvm.dll+0x3b4e48]
V  [jvm.dll+0x32f9bc]
V  [jvm.dll+0x332216]
V  [jvm.dll+0x33c418]
V  [jvm.dll+0x371bbf]
V  [jvm.dll+0x8b834f]
V  [jvm.dll+0x8b9704]
V  [jvm.dll+0x8b9c40]
V  [jvm.dll+0x8b9ee3]
V  [jvm.dll+0x85916b]
V  [jvm.dll+0x6d327d]
C  [ucrtbase.dll+0x2cd30]
C  [KERNEL32.DLL+0x2e957]
C  [ntdll.dll+0x87c1c]

VM_Operation (0x000000181d9ff810): G1PauseRemark, mode: safepoint, requested by thread 0x000001594f372b80


---------------  P R O C E S S  ---------------

Threads class SMR info:
_java_thread_list=0x000001595a6eda80, length=18, elements={
0x000001592f1e7380, 0x000001595708a760, 0x000001595708b1b0, 0x00000159570dea20,
0x00000159570df470, 0x00000159570b9f40, 0x00000159570bc9a0, 0x00000159570eff80,
0x00000159570fa8a0, 0x00000159571c54e0, 0x0000015957213c90, 0x000001595737ce40,
0x0000015957281c30, 0x000001595b40dca0, 0x000001595d247910, 0x000001595b336020,
0x000001595bec7e60, 0x0000015957711970
}

Java Threads: ( => current thread )
  0x000001592f1e7380 JavaThread "main"                              [_thread_blocked, id=20876, stack(0x000000181d700000,0x000000181d800000) (1024K)]
  0x000001595708a760 JavaThread "Reference Handler"          daemon [_thread_blocked, id=168180, stack(0x000000181df00000,0x000000181e000000) (1024K)]
  0x000001595708b1b0 JavaThread "Finalizer"                  daemon [_thread_blocked, id=6028, stack(0x000000181e000000,0x000000181e100000) (1024K)]
  0x00000159570dea20 JavaThread "Signal Dispatcher"          daemon [_thread_blocked, id=6012, stack(0x000000181e100000,0x000000181e200000) (1024K)]
  0x00000159570df470 JavaThread "Attach Listener"            daemon [_thread_blocked, id=6060, stack(0x000000181e200000,0x000000181e300000) (1024K)]
  0x00000159570b9f40 JavaThread "Service Thread"             daemon [_thread_blocked, id=6020, stack(0x000000181e300000,0x000000181e400000) (1024K)]
  0x00000159570bc9a0 JavaThread "Monitor Deflation Thread"   daemon [_thread_blocked, id=191616, stack(0x000000181e400000,0x000000181e500000) (1024K)]
  0x00000159570eff80 JavaThread "C2 CompilerThread0"         daemon [_thread_blocked, id=190896, stack(0x000000181e500000,0x000000181e600000) (1024K)]
  0x00000159570fa8a0 JavaThread "C1 CompilerThread0"         daemon [_thread_blocked, id=191836, stack(0x000000181e600000,0x000000181e700000) (1024K)]
  0x00000159571c54e0 JavaThread "C1 CompilerThread1"         daemon [_thread_blocked, id=186204, stack(0x000000181e700000,0x000000181e800000) (1024K)]
  0x0000015957213c90 JavaThread "Common-Cleaner"             daemon [_thread_blocked, id=171600, stack(0x000000181e800000,0x000000181e900000) (1024K)]
  0x000001595737ce40 JavaThread "Notification Thread"        daemon [_thread_blocked, id=174444, stack(0x000000181eb00000,0x000000181ec00000) (1024K)]
  0x0000015957281c30 JavaThread "C2 CompilerThread1"         daemon [_thread_blocked, id=20820, stack(0x000000181e900000,0x000000181ea00000) (1024K)]
  0x000001595b40dca0 JavaThread "C2 CompilerThread2"         daemon [_thread_blocked, id=20824, stack(0x000000181fd00000,0x000000181fe00000) (1024K)]
  0x000001595d247910 JavaThread "C1 CompilerThread2"         daemon [_thread_blocked, id=49912, stack(0x000000181fe00000,0x000000181ff00000) (1024K)]
  0x000001595b336020 JavaThread "C1 CompilerThread3"         daemon [_thread_blocked, id=190844, stack(0x000000181ff00000,0x0000001820000000) (1024K)]
  0x000001595bec7e60 JavaThread "C1 CompilerThread4"         daemon [_thread_blocked, id=182548, stack(0x0000001820100000,0x0000001820200000) (1024K)]
  0x0000015957711970 JavaThread "C2 CompilerThread3"         daemon [_thread_blocked, id=17656, stack(0x0000001820200000,0x0000001820300000) (1024K)]
Total: 18

Other Threads:
=>0x00000159570167b0 VMThread "VM Thread"                           [id=189552, stack(0x000000181de00000,0x000000181df00000) (1024K)]
  0x000001594f4f05a0 WatcherThread "VM Periodic Task Thread"        [id=190092, stack(0x000000181dd00000,0x000000181de00000) (1024K)]
  0x0000015931786e20 WorkerThread "GC Thread#0"                     [id=20880, stack(0x000000181d800000,0x000000181d900000) (1024K)]
  0x00000159573b2c20 WorkerThread "GC Thread#1"                     [id=189700, stack(0x000000181ec00000,0x000000181ed00000) (1024K)]
  0x0000015957531b50 WorkerThread "GC Thread#2"                     [id=189708, stack(0x000000181ed00000,0x000000181ee00000) (1024K)]
  0x0000015957597950 WorkerThread "GC Thread#3"                     [id=190640, stack(0x000000181ee00000,0x000000181ef00000) (1024K)]
  0x0000015957e45760 WorkerThread "GC Thread#4"                     [id=189072, stack(0x000000181ea00000,0x000000181eb00000) (1024K)]
  0x0000015957e45b00 WorkerThread "GC Thread#5"                     [id=20908, stack(0x000000181ef00000,0x000000181f000000) (1024K)]
  0x0000015957e45ea0 WorkerThread "GC Thread#6"                     [id=49836, stack(0x0000001820000000,0x0000001820100000) (1024K)]
  0x0000015957e46980 WorkerThread "GC Thread#7"                     [id=49876, stack(0x000000181f200000,0x000000181f300000) (1024K)]
  0x000001595a624fd0 WorkerThread "GC Thread#8"                     [id=49872, stack(0x000000181f800000,0x000000181f900000) (1024K)]
  0x000001595a623670 WorkerThread "GC Thread#9"                     [id=49868, stack(0x000000181f900000,0x000000181fa00000) (1024K)]
  0x000001595a624150 WorkerThread "GC Thread#10"                    [id=49892, stack(0x000000181fa00000,0x000000181fb00000) (1024K)]
  0x000001595a624890 WorkerThread "GC Thread#11"                    [id=20776, stack(0x000000181fb00000,0x000000181fc00000) (1024K)]
  0x000001595a623db0 WorkerThread "GC Thread#12"                    [id=20780, stack(0x000000181fc00000,0x000000181fd00000) (1024K)]
  0x000001595a6244f0 WorkerThread "GC Thread#13"                    [id=20796, stack(0x000000181f000000,0x000000181f100000) (1024K)]
  0x000001595a624c30 WorkerThread "GC Thread#14"                    [id=20804, stack(0x000000181f100000,0x000000181f200000) (1024K)]
  0x000001594f372b80 ConcurrentGCThread "G1 Main Marker"            [id=20892, stack(0x000000181d900000,0x000000181da00000) (1024K)]
  0x000001594f373330 WorkerThread "G1 Conc#0"                       [id=6032, stack(0x000000181da00000,0x000000181db00000) (1024K)]
  0x000001595811af10 WorkerThread "G1 Conc#1"                       [id=6048, stack(0x000000181f300000,0x000000181f400000) (1024K)]
  0x000001595791df10 WorkerThread "G1 Conc#2"                       [id=18280, stack(0x000000181f400000,0x000000181f500000) (1024K)]
  0x0000015957a99c50 WorkerThread "G1 Conc#3"                       [id=6044, stack(0x000000181f500000,0x000000181f600000) (1024K)]
  0x00000159575b1a00 WorkerThread "G1 Conc#4"                       [id=55840, stack(0x000000181f600000,0x000000181f700000) (1024K)]
  0x000001595789c540 WorkerThread "G1 Conc#5"                       [id=18420, stack(0x000000181f700000,0x000000181f800000) (1024K)]
  0x000001594f3be790 ConcurrentGCThread "G1 Refine#0"               [id=6008, stack(0x000000181db00000,0x000000181dc00000) (1024K)]
  0x000001594f3bf300 ConcurrentGCThread "G1 Service"                [id=6004, stack(0x000000181dc00000,0x000000181dd00000) (1024K)]
Total: 26

Threads with active compile tasks:
C2 CompilerThread0  9065 3404       4       com.sun.tools.javac.jvm.PoolReader::sizeof (32 bytes)
C1 CompilerThread0  9065 3411       3       jdk.internal.jimage.BasicImageReader::findLocation (57 bytes)
C1 CompilerThread1  9065 3425       3       com.sun.tools.javac.jvm.ClassReader::readAttrs (92 bytes)
C2 CompilerThread1  9065 3408       4       com.sun.tools.javac.util.Name::lastIndexOf (42 bytes)
C2 CompilerThread2  9065 3405       4       com.sun.tools.javac.util.ByteBuffer::getByte (13 bytes)
C1 CompilerThread2  9065 3406       3       com.sun.tools.javac.jvm.ClassReader::skipMember (55 bytes)
C1 CompilerThread3  9065 3421       3       com.sun.tools.javac.jvm.ClassReader::sigToType (881 bytes)
C1 CompilerThread4  9065 3418   !   3       com.sun.tools.javac.jvm.ClassReader::classSigToType (482 bytes)
C2 CompilerThread3  9065 3434       4       com.sun.tools.javac.util.SharedNameTable$NameImpl::getByteArray (11 bytes)
Total: 9

VM state: at safepoint (normal execution)

VM Mutex/Monitor currently owned by a thread:  ([mutex/lock_event])
[0x00007ffcb4966478] Threads_lock - owner thread: 0x00000159570167b0
[0x00007ffcb4966578] Heap_lock - owner thread: 0x000001594f372b80

Heap address: 0x000000060c800000, size: 7992 MB, Compressed Oops mode: Zero based, Oop shift amount: 3

CDS archive(s) not mapped
Compressed class space mapped at: 0x0000000800000000-0x0000000840000000, reserved size: 1073741824
Narrow klass base: 0x0000000800000000, Narrow klass shift: 0, Narrow klass range: 0x40000000

GC Precious Log:
 CardTable entry size: 512
 Card Set container configuration: InlinePtr #cards 4 size 8 Array Of Cards #cards 32 size 80 Howl #buckets 8 coarsen threshold 7372 Howl Bitmap #cards 1024 size 144 coarsen threshold 921 Card regions per heap region 1 cards per card region 8192
 CPUs: 32 total, 32 available
 Memory: 31962M
 Large Page Support: Disabled
 NUMA Support: Disabled
 Compressed Oops: Enabled (Zero based)
 Heap Region Size: 4M
 Heap Min Capacity: 8M
 Heap Initial Capacity: 8M
 Heap Max Capacity: 7992M
 Pre-touch: Disabled
 Parallel Workers: 23
 Concurrent Workers: 6
 Concurrent Refinement Workers: 23
 Periodic GC: Disabled

Heap:
 garbage-first heap   total 663552K, used 505318K [0x000000060c800000, 0x0000000800000000)
  region size 4096K, 6 young (24576K), 4 survivors (16384K)
 Metaspace       used 18560K, committed 18752K, reserved 1114112K
  class space    used 1720K, committed 1792K, reserved 1048576K

Heap Regions: E=young(eden), S=young(survivor), O=old, HS=humongous(starts), HC=humongous(continues), CS=collection set, F=free, TAMS=top-at-mark-start, PB=parsable bottom
|   0|0x000000060c800000, 0x000000060cc00000, 0x000000060cc00000|100%|HS|  |TAMS 0x000000060cc00000| PB 0x000000060c800000| Complete 
|   1|0x000000060cc00000, 0x000000060d000000, 0x000000060d000000|100%|HS|  |TAMS 0x000000060d000000| PB 0x000000060cc00000| Complete 
|   2|0x000000060d000000, 0x000000060d400000, 0x000000060d400000|100%|HS|  |TAMS 0x000000060d400000| PB 0x000000060d000000| Complete 
|   3|0x000000060d400000, 0x000000060d800000, 0x000000060d800000|100%|HC|  |TAMS 0x000000060d800000| PB 0x000000060d400000| Complete 
|   4|0x000000060d800000, 0x000000060dc00000, 0x000000060dc00000|100%|HS|  |TAMS 0x000000060dc00000| PB 0x000000060d800000| Complete 
|   5|0x000000060dc00000, 0x000000060e000000, 0x000000060e000000|100%| O|  |TAMS 0x000000060e000000| PB 0x000000060e000000| Untracked 
|   6|0x000000060e000000, 0x000000060e400000, 0x000000060e400000|100%| O|  |TAMS 0x000000060e400000| PB 0x000000060e400000| Untracked 
|   7|0x000000060e400000, 0x000000060e800000, 0x000000060e800000|100%| O|  |TAMS 0x000000060e800000| PB 0x000000060e800000| Untracked 
|   8|0x000000060e800000, 0x000000060ec00000, 0x000000060ec00000|100%| O|  |TAMS 0x000000060ec00000| PB 0x000000060ec00000| Untracked 
|   9|0x000000060ec00000, 0x000000060f000000, 0x000000060f000000|100%| O|  |TAMS 0x000000060f000000| PB 0x000000060f000000| Untracked 
|  10|0x000000060f000000, 0x000000060f400000, 0x000000060f400000|100%| O|  |TAMS 0x000000060f400000| PB 0x000000060f400000| Untracked 
|  11|0x000000060f400000, 0x000000060f800000, 0x000000060f800000|100%| O|  |TAMS 0x000000060f800000| PB 0x000000060f800000| Untracked 
|  12|0x000000060f800000, 0x000000060fc00000, 0x000000060fc00000|100%|HS|  |TAMS 0x000000060fc00000| PB 0x000000060f800000| Complete 
|  13|0x000000060fc00000, 0x0000000610000000, 0x0000000610000000|100%|HC|  |TAMS 0x0000000610000000| PB 0x000000060fc00000| Complete 
|  14|0x0000000610000000, 0x0000000610400000, 0x0000000610400000|100%| O|  |TAMS 0x0000000610400000| PB 0x0000000610400000| Untracked 
|  15|0x0000000610400000, 0x0000000610800000, 0x0000000610800000|100%| O|  |TAMS 0x0000000610800000| PB 0x0000000610800000| Updating 
|  16|0x0000000610800000, 0x0000000610c00000, 0x0000000610c00000|100%| O|  |TAMS 0x0000000610c00000| PB 0x0000000610c00000| Untracked 
|  17|0x0000000610c00000, 0x0000000611000000, 0x0000000611000000|100%|HS|  |TAMS 0x0000000611000000| PB 0x0000000610c00000| Complete 
|  18|0x0000000611000000, 0x0000000611400000, 0x0000000611400000|100%|HC|  |TAMS 0x0000000611400000| PB 0x0000000611000000| Complete 
|  19|0x0000000611400000, 0x0000000611800000, 0x0000000611800000|100%| O|  |TAMS 0x0000000611800000| PB 0x0000000611800000| Untracked 
|  20|0x0000000611800000, 0x0000000611c00000, 0x0000000611c00000|100%| O|  |TAMS 0x0000000611c00000| PB 0x0000000611c00000| Untracked 
|  21|0x0000000611c00000, 0x0000000612000000, 0x0000000612000000|100%|HS|  |TAMS 0x0000000612000000| PB 0x0000000611c00000| Complete 
|  22|0x0000000612000000, 0x0000000612400000, 0x0000000612400000|100%| O|  |TAMS 0x0000000612400000| PB 0x0000000612400000| Untracked 
|  23|0x0000000612400000, 0x0000000612800000, 0x0000000612800000|100%| O|  |TAMS 0x0000000612800000| PB 0x0000000612800000| Updating 
|  24|0x0000000612800000, 0x0000000612c00000, 0x0000000612c00000|100%| O|  |TAMS 0x0000000612c00000| PB 0x0000000612c00000| Untracked 
|  25|0x0000000612c00000, 0x0000000613000000, 0x0000000613000000|100%|HS|  |TAMS 0x0000000613000000| PB 0x0000000612c00000| Complete 
|  26|0x0000000613000000, 0x0000000613400000, 0x0000000613400000|100%|HS|  |TAMS 0x0000000613400000| PB 0x0000000613000000| Complete 
|  27|0x0000000613400000, 0x0000000613800000, 0x0000000613800000|100%|HS|  |TAMS 0x0000000613800000| PB 0x0000000613400000| Complete 
|  28|0x0000000613800000, 0x0000000613c00000, 0x0000000613c00000|100%| O|  |TAMS 0x0000000613c00000| PB 0x0000000613c00000| Untracked 
|  29|0x0000000613c00000, 0x0000000614000000, 0x0000000614000000|100%| O|  |TAMS 0x0000000614000000| PB 0x0000000614000000| Untracked 
|  30|0x0000000614000000, 0x0000000614400000, 0x0000000614400000|100%| O|  |TAMS 0x0000000614400000| PB 0x0000000614400000| Untracked 
|  31|0x0000000614400000, 0x0000000614800000, 0x0000000614800000|100%| O|  |TAMS 0x0000000614800000| PB 0x0000000614800000| Untracked 
|  32|0x0000000614800000, 0x0000000614c00000, 0x0000000614c00000|100%| O|  |TAMS 0x0000000614c00000| PB 0x0000000614c00000| Untracked 
|  33|0x0000000614c00000, 0x0000000615000000, 0x0000000615000000|100%| O|  |TAMS 0x0000000615000000| PB 0x0000000615000000| Untracked 
|  34|0x0000000615000000, 0x0000000615400000, 0x0000000615400000|100%| O|  |TAMS 0x0000000615400000| PB 0x0000000615400000| Untracked 
|  35|0x0000000615400000, 0x0000000615800000, 0x0000000615800000|100%| O|  |TAMS 0x0000000615800000| PB 0x0000000615800000| Untracked 
|  36|0x0000000615800000, 0x0000000615c00000, 0x0000000615c00000|100%|HS|  |TAMS 0x0000000615c00000| PB 0x0000000615800000| Complete 
|  37|0x0000000615c00000, 0x0000000616000000, 0x0000000616000000|100%| O|  |TAMS 0x0000000616000000| PB 0x0000000616000000| Updating 
|  38|0x0000000616000000, 0x0000000616400000, 0x0000000616400000|100%| O|  |TAMS 0x0000000616400000| PB 0x0000000616400000| Untracked 
|  39|0x0000000616400000, 0x0000000616800000, 0x0000000616800000|100%| O|  |TAMS 0x0000000616800000| PB 0x0000000616800000| Untracked 
|  40|0x0000000616800000, 0x0000000616c00000, 0x0000000616c00000|100%| O|  |TAMS 0x0000000616c00000| PB 0x0000000616c00000| Untracked 
|  41|0x0000000616c00000, 0x0000000617000000, 0x0000000617000000|100%| O|  |TAMS 0x0000000617000000| PB 0x0000000617000000| Updating 
|  42|0x0000000617000000, 0x0000000617400000, 0x0000000617400000|100%|HS|  |TAMS 0x0000000617400000| PB 0x0000000617000000| Complete 
|  43|0x0000000617400000, 0x0000000617800000, 0x0000000617800000|100%| O|  |TAMS 0x0000000617800000| PB 0x0000000617800000| Untracked 
|  44|0x0000000617800000, 0x0000000617c00000, 0x0000000617c00000|100%| O|  |TAMS 0x0000000617c00000| PB 0x0000000617c00000| Updating 
|  45|0x0000000617c00000, 0x0000000618000000, 0x0000000618000000|100%| O|  |TAMS 0x0000000618000000| PB 0x0000000618000000| Untracked 
|  46|0x0000000618000000, 0x0000000618400000, 0x0000000618400000|100%| O|  |TAMS 0x0000000618400000| PB 0x0000000618400000| Untracked 
|  47|0x0000000618400000, 0x0000000618800000, 0x0000000618800000|100%| O|  |TAMS 0x0000000618800000| PB 0x0000000618800000| Untracked 
|  48|0x0000000618800000, 0x0000000618c00000, 0x0000000618c00000|100%| O|  |TAMS 0x0000000618c00000| PB 0x0000000618c00000| Updating 
|  49|0x0000000618c00000, 0x0000000619000000, 0x0000000619000000|100%|HS|  |TAMS 0x0000000619000000| PB 0x0000000618c00000| Complete 
|  50|0x0000000619000000, 0x0000000619400000, 0x0000000619400000|100%|HC|  |TAMS 0x0000000619400000| PB 0x0000000619000000| Complete 
|  51|0x0000000619400000, 0x0000000619800000, 0x0000000619800000|100%|HS|  |TAMS 0x0000000619800000| PB 0x0000000619400000| Complete 
|  52|0x0000000619800000, 0x0000000619c00000, 0x0000000619c00000|100%|HC|  |TAMS 0x0000000619c00000| PB 0x0000000619800000| Complete 
|  53|0x0000000619c00000, 0x000000061a000000, 0x000000061a000000|100%| O|  |TAMS 0x000000061a000000| PB 0x000000061a000000| Untracked 
|  54|0x000000061a000000, 0x000000061a400000, 0x000000061a400000|100%| O|  |TAMS 0x000000061a400000| PB 0x000000061a400000| Untracked 
|  55|0x000000061a400000, 0x000000061a800000, 0x000000061a800000|100%| O|  |TAMS 0x000000061a800000| PB 0x000000061a800000| Untracked 
|  56|0x000000061a800000, 0x000000061ac00000, 0x000000061ac00000|100%| O|  |TAMS 0x000000061ac00000| PB 0x000000061ac00000| Untracked 
|  57|0x000000061ac00000, 0x000000061b000000, 0x000000061b000000|100%| O|  |TAMS 0x000000061b000000| PB 0x000000061b000000| Untracked 
|  58|0x000000061b000000, 0x000000061b400000, 0x000000061b400000|100%| O|  |TAMS 0x000000061b400000| PB 0x000000061b400000| Untracked 
|  59|0x000000061b400000, 0x000000061b800000, 0x000000061b800000|100%| O|  |TAMS 0x000000061b800000| PB 0x000000061b800000| Untracked 
|  60|0x000000061b800000, 0x000000061bc00000, 0x000000061bc00000|100%| O|  |TAMS 0x000000061bc00000| PB 0x000000061bc00000| Untracked 
|  61|0x000000061bc00000, 0x000000061c000000, 0x000000061c000000|100%| O|  |TAMS 0x000000061c000000| PB 0x000000061c000000| Updating 
|  62|0x000000061c000000, 0x000000061c400000, 0x000000061c400000|100%| O|  |TAMS 0x000000061c400000| PB 0x000000061c400000| Updating 
|  63|0x000000061c400000, 0x000000061c800000, 0x000000061c800000|100%| O|  |TAMS 0x000000061c800000| PB 0x000000061c800000| Untracked 
|  64|0x000000061c800000, 0x000000061cc00000, 0x000000061cc00000|100%| O|  |TAMS 0x000000061c800000| PB 0x000000061c800000| Untracked 
|  65|0x000000061cc00000, 0x000000061d000000, 0x000000061d000000|100%|HS|  |TAMS 0x000000061d000000| PB 0x000000061cc00000| Complete 
|  66|0x000000061d000000, 0x000000061d400000, 0x000000061d400000|100%|HC|  |TAMS 0x000000061d400000| PB 0x000000061d000000| Complete 
|  67|0x000000061d400000, 0x000000061d800000, 0x000000061d800000|100%| O|  |TAMS 0x000000061d800000| PB 0x000000061d800000| Untracked 
|  68|0x000000061d800000, 0x000000061dc00000, 0x000000061dc00000|100%| O|  |TAMS 0x000000061dc00000| PB 0x000000061dc00000| Untracked 
|  69|0x000000061dc00000, 0x000000061e000000, 0x000000061e000000|100%| O|  |TAMS 0x000000061e000000| PB 0x000000061e000000| Untracked 
|  70|0x000000061e000000, 0x000000061e400000, 0x000000061e400000|100%| O|  |TAMS 0x000000061e400000| PB 0x000000061e400000| Untracked 
|  71|0x000000061e400000, 0x000000061e800000, 0x000000061e800000|100%| O|  |TAMS 0x000000061e800000| PB 0x000000061e800000| Untracked 
|  72|0x000000061e800000, 0x000000061ec00000, 0x000000061ec00000|100%| O|  |TAMS 0x000000061ec00000| PB 0x000000061ec00000| Updating 
|  73|0x000000061ec00000, 0x000000061f000000, 0x000000061f000000|100%|HS|  |TAMS 0x000000061f000000| PB 0x000000061ec00000| Complete 
|  74|0x000000061f000000, 0x000000061f400000, 0x000000061f400000|100%| O|  |TAMS 0x000000061f400000| PB 0x000000061f400000| Untracked 
|  75|0x000000061f400000, 0x000000061f800000, 0x000000061f800000|100%| O|  |TAMS 0x000000061f800000| PB 0x000000061f800000| Untracked 
|  76|0x000000061f800000, 0x000000061fc00000, 0x000000061fc00000|100%| O|  |TAMS 0x000000061fc00000| PB 0x000000061fc00000| Untracked 
|  77|0x000000061fc00000, 0x0000000620000000, 0x0000000620000000|100%| O|  |TAMS 0x0000000620000000| PB 0x0000000620000000| Untracked 
|  78|0x0000000620000000, 0x0000000620400000, 0x0000000620400000|100%| O|  |TAMS 0x0000000620400000| PB 0x0000000620400000| Untracked 
|  79|0x0000000620400000, 0x0000000620800000, 0x0000000620800000|100%| O|  |TAMS 0x0000000620800000| PB 0x0000000620800000| Untracked 
|  80|0x0000000620800000, 0x0000000620c00000, 0x0000000620c00000|100%| O|  |TAMS 0x0000000620c00000| PB 0x0000000620c00000| Untracked 
|  81|0x0000000620c00000, 0x0000000621000000, 0x0000000621000000|100%| O|  |TAMS 0x0000000620c00000| PB 0x0000000620c00000| Untracked 
|  82|0x0000000621000000, 0x0000000621400000, 0x0000000621400000|100%| O|  |TAMS 0x0000000621400000| PB 0x0000000621400000| Updating 
|  83|0x0000000621400000, 0x0000000621800000, 0x0000000621800000|100%| O|  |TAMS 0x0000000621800000| PB 0x0000000621800000| Updating 
|  84|0x0000000621800000, 0x0000000621c00000, 0x0000000621c00000|100%|HS|  |TAMS 0x0000000621c00000| PB 0x0000000621800000| Complete 
|  85|0x0000000621c00000, 0x0000000622000000, 0x0000000622000000|100%| O|  |TAMS 0x0000000622000000| PB 0x0000000622000000| Updating 
|  86|0x0000000622000000, 0x0000000622400000, 0x0000000622400000|100%| O|  |TAMS 0x0000000622400000| PB 0x0000000622400000| Untracked 
|  87|0x0000000622400000, 0x0000000622800000, 0x0000000622800000|100%| O|  |TAMS 0x0000000622800000| PB 0x0000000622800000| Untracked 
|  88|0x0000000622800000, 0x0000000622c00000, 0x0000000622c00000|100%| O|  |TAMS 0x0000000622c00000| PB 0x0000000622c00000| Untracked 
|  89|0x0000000622c00000, 0x0000000623000000, 0x0000000623000000|100%| O|  |TAMS 0x0000000623000000| PB 0x0000000623000000| Updating 
|  90|0x0000000623000000, 0x0000000623400000, 0x0000000623400000|100%|HS|  |TAMS 0x0000000623400000| PB 0x0000000623000000| Complete 
|  91|0x0000000623400000, 0x0000000623800000, 0x0000000623800000|100%|HS|  |TAMS 0x0000000623800000| PB 0x0000000623400000| Complete 
|  92|0x0000000623800000, 0x0000000623c00000, 0x0000000623c00000|100%| O|  |TAMS 0x0000000623c00000| PB 0x0000000623c00000| Untracked 
|  93|0x0000000623c00000, 0x0000000624000000, 0x0000000624000000|100%| O|  |TAMS 0x0000000624000000| PB 0x0000000624000000| Untracked 
|  94|0x0000000624000000, 0x0000000624400000, 0x0000000624400000|100%| O|  |TAMS 0x0000000624400000| PB 0x0000000624400000| Untracked 
|  95|0x0000000624400000, 0x0000000624800000, 0x0000000624800000|100%| O|  |TAMS 0x0000000624800000| PB 0x0000000624800000| Untracked 
|  96|0x0000000624800000, 0x0000000624c00000, 0x0000000624c00000|100%| O|  |TAMS 0x0000000624c00000| PB 0x0000000624c00000| Updating 
|  97|0x0000000624c00000, 0x0000000625000000, 0x0000000625000000|100%| O|  |TAMS 0x0000000625000000| PB 0x0000000625000000| Untracked 
|  98|0x0000000625000000, 0x0000000625400000, 0x0000000625400000|100%| O|  |TAMS 0x0000000625400000| PB 0x0000000625400000| Untracked 
|  99|0x0000000625400000, 0x0000000625800000, 0x0000000625800000|100%| O|  |TAMS 0x0000000625800000| PB 0x0000000625800000| Updating 
| 100|0x0000000625800000, 0x0000000625c00000, 0x0000000625c00000|100%| O|  |TAMS 0x0000000625c00000| PB 0x0000000625c00000| Updating 
| 101|0x0000000625c00000, 0x0000000626000000, 0x0000000626000000|100%|HS|  |TAMS 0x0000000626000000| PB 0x0000000625c00000| Complete 
| 102|0x0000000626000000, 0x0000000626400000, 0x0000000626400000|100%| O|  |TAMS 0x0000000626400000| PB 0x0000000626400000| Untracked 
| 103|0x0000000626400000, 0x0000000626800000, 0x0000000626800000|100%| O|  |TAMS 0x0000000626800000| PB 0x0000000626800000| Untracked 
| 104|0x0000000626800000, 0x0000000626c00000, 0x0000000626c00000|100%| O|  |TAMS 0x0000000626c00000| PB 0x0000000626c00000| Untracked 
| 105|0x0000000626c00000, 0x0000000627000000, 0x0000000627000000|100%| O|  |TAMS 0x0000000627000000| PB 0x0000000627000000| Untracked 
| 106|0x0000000627000000, 0x0000000627400000, 0x0000000627400000|100%| O|  |TAMS 0x0000000627400000| PB 0x0000000627400000| Untracked 
| 107|0x0000000627400000, 0x0000000627800000, 0x0000000627800000|100%| O|  |TAMS 0x0000000627800000| PB 0x0000000627800000| Untracked 
| 108|0x0000000627800000, 0x0000000627c00000, 0x0000000627c00000|100%| O|  |TAMS 0x0000000627b754a0| PB 0x0000000627b754a0| Updating 
| 109|0x0000000627c00000, 0x0000000628000000, 0x0000000628000000|100%| O|  |TAMS 0x0000000627c00000| PB 0x0000000627c00000| Untracked 
| 110|0x0000000628000000, 0x0000000628400000, 0x0000000628400000|100%| O|  |TAMS 0x0000000628000000| PB 0x0000000628000000| Untracked 
| 111|0x0000000628400000, 0x0000000628800000, 0x0000000628800000|100%| O|  |TAMS 0x0000000628400000| PB 0x0000000628400000| Untracked 
| 112|0x0000000628800000, 0x0000000628c00000, 0x0000000628c00000|100%| O|  |TAMS 0x0000000628800000| PB 0x0000000628800000| Untracked 
| 113|0x0000000628c00000, 0x0000000629000000, 0x0000000629000000|100%| O|  |TAMS 0x0000000628c00000| PB 0x0000000628c00000| Untracked 
| 114|0x0000000629000000, 0x0000000629400000, 0x0000000629400000|100%| O|  |TAMS 0x0000000629000000| PB 0x0000000629000000| Untracked 
| 115|0x0000000629400000, 0x0000000629800000, 0x0000000629800000|100%| O|  |TAMS 0x0000000629400000| PB 0x0000000629400000| Untracked 
| 116|0x0000000629800000, 0x0000000629979828, 0x0000000629c00000| 36%| O|  |TAMS 0x0000000629800000| PB 0x0000000629800000| Updating 
| 117|0x0000000629c00000, 0x0000000629c00000, 0x000000062a000000|  0%| F|  |TAMS 0x0000000629c00000| PB 0x0000000629c00000| Untracked 
| 118|0x000000062a000000, 0x000000062a000000, 0x000000062a400000|  0%| F|  |TAMS 0x000000062a000000| PB 0x000000062a000000| Untracked 
| 119|0x000000062a400000, 0x000000062a400000, 0x000000062a800000|  0%| F|  |TAMS 0x000000062a400000| PB 0x000000062a400000| Untracked 
| 120|0x000000062a800000, 0x000000062a800000, 0x000000062ac00000|  0%| F|  |TAMS 0x000000062a800000| PB 0x000000062a800000| Untracked 
| 121|0x000000062ac00000, 0x000000062ac00000, 0x000000062b000000|  0%| F|  |TAMS 0x000000062ac00000| PB 0x000000062ac00000| Untracked 
| 122|0x000000062b000000, 0x000000062b000000, 0x000000062b400000|  0%| F|  |TAMS 0x000000062b000000| PB 0x000000062b000000| Untracked 
| 123|0x000000062b400000, 0x000000062b400000, 0x000000062b800000|  0%| F|  |TAMS 0x000000062b400000| PB 0x000000062b400000| Untracked 
| 124|0x000000062b800000, 0x000000062b800000, 0x000000062bc00000|  0%| F|  |TAMS 0x000000062b800000| PB 0x000000062b800000| Untracked 
| 125|0x000000062bc00000, 0x000000062bc00000, 0x000000062c000000|  0%| F|  |TAMS 0x000000062bc00000| PB 0x000000062bc00000| Untracked 
| 126|0x000000062c000000, 0x000000062c000000, 0x000000062c400000|  0%| F|  |TAMS 0x000000062c000000| PB 0x000000062c000000| Untracked 
| 127|0x000000062c400000, 0x000000062c400000, 0x000000062c800000|  0%| F|  |TAMS 0x000000062c400000| PB 0x000000062c400000| Untracked 
| 128|0x000000062c800000, 0x000000062c800000, 0x000000062cc00000|  0%| F|  |TAMS 0x000000062c800000| PB 0x000000062c800000| Untracked 
| 129|0x000000062cc00000, 0x000000062cc00000, 0x000000062d000000|  0%| F|  |TAMS 0x000000062cc00000| PB 0x000000062cc00000| Untracked 
| 130|0x000000062d000000, 0x000000062d000000, 0x000000062d400000|  0%| F|  |TAMS 0x000000062d000000| PB 0x000000062d000000| Untracked 
| 131|0x000000062d400000, 0x000000062d400000, 0x000000062d800000|  0%| F|  |TAMS 0x000000062d400000| PB 0x000000062d400000| Untracked 
| 132|0x000000062d800000, 0x000000062d800000, 0x000000062dc00000|  0%| F|  |TAMS 0x000000062d800000| PB 0x000000062d800000| Untracked 
| 133|0x000000062dc00000, 0x000000062e000000, 0x000000062e000000|100%| S|CS|TAMS 0x000000062dc00000| PB 0x000000062dc00000| Complete 
| 134|0x000000062e000000, 0x000000062e400000, 0x000000062e400000|100%| S|CS|TAMS 0x000000062e000000| PB 0x000000062e000000| Complete 
| 135|0x000000062e400000, 0x000000062e800000, 0x000000062e800000|100%| S|CS|TAMS 0x000000062e400000| PB 0x000000062e400000| Complete 
| 136|0x000000062e800000, 0x000000062ec00000, 0x000000062ec00000|100%| S|CS|TAMS 0x000000062e800000| PB 0x000000062e800000| Complete 
| 137|0x000000062ec00000, 0x000000062ec00000, 0x000000062f000000|  0%| F|  |TAMS 0x000000062ec00000| PB 0x000000062ec00000| Untracked 
| 138|0x000000062f000000, 0x000000062f000000, 0x000000062f400000|  0%| F|  |TAMS 0x000000062f000000| PB 0x000000062f000000| Untracked 
| 139|0x000000062f400000, 0x000000062f400000, 0x000000062f800000|  0%| F|  |TAMS 0x000000062f400000| PB 0x000000062f400000| Untracked 
| 140|0x000000062f800000, 0x000000062f800000, 0x000000062fc00000|  0%| F|  |TAMS 0x000000062f800000| PB 0x000000062f800000| Untracked 
| 141|0x000000062fc00000, 0x000000062fc00000, 0x0000000630000000|  0%| F|  |TAMS 0x000000062fc00000| PB 0x000000062fc00000| Untracked 
| 142|0x0000000630000000, 0x0000000630000000, 0x0000000630400000|  0%| F|  |TAMS 0x0000000630000000| PB 0x0000000630000000| Untracked 
| 143|0x0000000630400000, 0x0000000630400000, 0x0000000630800000|  0%| F|  |TAMS 0x0000000630400000| PB 0x0000000630400000| Untracked 
| 144|0x0000000630800000, 0x0000000630800000, 0x0000000630c00000|  0%| F|  |TAMS 0x0000000630800000| PB 0x0000000630800000| Untracked 
| 145|0x0000000630c00000, 0x0000000630c00000, 0x0000000631000000|  0%| F|  |TAMS 0x0000000630c00000| PB 0x0000000630c00000| Untracked 
| 146|0x0000000631000000, 0x0000000631000000, 0x0000000631400000|  0%| F|  |TAMS 0x0000000631000000| PB 0x0000000631000000| Untracked 
| 147|0x0000000631400000, 0x0000000631400000, 0x0000000631800000|  0%| F|  |TAMS 0x0000000631400000| PB 0x0000000631400000| Untracked 
| 148|0x0000000631800000, 0x0000000631800000, 0x0000000631c00000|  0%| F|  |TAMS 0x0000000631800000| PB 0x0000000631800000| Untracked 
| 149|0x0000000631c00000, 0x0000000631c00000, 0x0000000632000000|  0%| F|  |TAMS 0x0000000631c00000| PB 0x0000000631c00000| Untracked 
| 150|0x0000000632000000, 0x0000000632000000, 0x0000000632400000|  0%| F|  |TAMS 0x0000000632000000| PB 0x0000000632000000| Untracked 
| 151|0x0000000632400000, 0x0000000632400000, 0x0000000632800000|  0%| F|  |TAMS 0x0000000632400000| PB 0x0000000632400000| Untracked 
| 152|0x0000000632800000, 0x0000000632800000, 0x0000000632c00000|  0%| F|  |TAMS 0x0000000632800000| PB 0x0000000632800000| Untracked 
| 153|0x0000000632c00000, 0x0000000632c00000, 0x0000000633000000|  0%| F|  |TAMS 0x0000000632c00000| PB 0x0000000632c00000| Untracked 
| 154|0x0000000633000000, 0x0000000633000000, 0x0000000633400000|  0%| F|  |TAMS 0x0000000633000000| PB 0x0000000633000000| Untracked 
| 155|0x0000000633400000, 0x0000000633400000, 0x0000000633800000|  0%| F|  |TAMS 0x0000000633400000| PB 0x0000000633400000| Untracked 
| 156|0x0000000633800000, 0x0000000633800000, 0x0000000633c00000|  0%| F|  |TAMS 0x0000000633800000| PB 0x0000000633800000| Untracked 
| 157|0x0000000633c00000, 0x0000000633c00000, 0x0000000634000000|  0%| F|  |TAMS 0x0000000633c00000| PB 0x0000000633c00000| Untracked 
| 158|0x0000000634000000, 0x00000006343a9430, 0x0000000634400000| 91%| E|  |TAMS 0x0000000634000000| PB 0x0000000634000000| Complete 
|1995|0x00000007ff400000, 0x00000007ff800000, 0x00000007ff800000|100%| O|  |TAMS 0x00000007ff800000| PB 0x00000007ff800000| Untracked 
|1996|0x00000007ff800000, 0x00000007ffc00000, 0x00000007ffc00000|100%| O|  |TAMS 0x00000007ffc00000| PB 0x00000007ffc00000| Untracked 
|1997|0x00000007ffc00000, 0x0000000800000000, 0x0000000800000000|100%| E|CS|TAMS 0x00000007ffc00000| PB 0x00000007ffc00000| Complete 

Card table byte_map: [0x0000015946570000,0x0000015947510000] _byte_map_base: 0x000001594350c000

Marking Bits: (CMBitMap*) 0x0000015931787520
 Bits: [0x0000015947510000, 0x000001594f1f0000)

Polling page: 0x000001592f1a0000

Metaspace:

Usage:
  Non-class:     16.45 MB used.
      Class:      1.68 MB used.
       Both:     18.13 MB used.

Virtual space:
  Non-class space:       64.00 MB reserved,      16.56 MB ( 26%) committed,  1 nodes.
      Class space:        1.00 GB reserved,       1.75 MB ( <1%) committed,  1 nodes.
             Both:        1.06 GB reserved,      18.31 MB (  2%) committed. 

Chunk freelists:
   Non-Class:  14.72 MB
       Class:  14.13 MB
        Both:  28.85 MB

MaxMetaspaceSize: unlimited
CompressedClassSpaceSize: 1.00 GB
Initial GC threshold: 21.00 MB
Current GC threshold: 29.69 MB
CDS: off
 - commit_granule_bytes: 65536.
 - commit_granule_words: 8192.
 - virtual_space_node_default_size: 8388608.
 - enlarge_chunks_in_place: 1.
 - use_allocation_guard: 0.


Internal statistics:

num_allocs_failed_limit: 0.
num_arena_births: 70.
num_arena_deaths: 0.
num_vsnodes_births: 2.
num_vsnodes_deaths: 0.
num_space_committed: 293.
num_space_uncommitted: 0.
num_chunks_returned_to_freelist: 0.
num_chunks_taken_from_freelist: 401.
num_chunk_merges: 0.
num_chunk_splits: 274.
num_chunks_enlarged: 221.
num_inconsistent_stats: 0.

CodeHeap 'non-profiled nmethods': size=118848Kb used=1905Kb max_used=2457Kb free=116942Kb
 bounds [0x000001593cea0000, 0x000001593d110000, 0x00000159442b0000]
CodeHeap 'profiled nmethods': size=118848Kb used=4966Kb max_used=5680Kb free=113881Kb
 bounds [0x00000159352b0000, 0x0000015935840000, 0x000001593c6c0000]
CodeHeap 'non-nmethods': size=8064Kb used=3763Kb max_used=3862Kb free=4301Kb
 bounds [0x000001593c6c0000, 0x000001593ca90000, 0x000001593cea0000]
 total_blobs=3178 nmethods=2700 adapters=378
 compilation: enabled
              stopped_count=0, restarted_count=0
 full_count=0

Compilation events (20 events):
Event: 8.940 Thread 0x00000159570fa8a0 3401       3       com.sun.tools.javac.file.PathFileObject$JarFileObject::inferBinaryName (40 bytes)
Event: 8.941 Thread 0x000001595bec7e60 nmethod 3397 0x00000159353f6590 code [0x00000159353f67c0, 0x00000159353f6e48]
Event: 8.941 Thread 0x000001595d247910 3402       3       com.sun.tools.javac.file.PathFileObject::toBinaryName (19 bytes)
Event: 8.941 Thread 0x000001595b336020 nmethod 3400 0x00000159357f1190 code [0x00000159357f1340, 0x00000159357f1548]
Event: 8.941 Thread 0x00000159571c54e0 nmethod 3399 0x00000159353f6090 code [0x00000159353f6240, 0x00000159353f64c8]
Event: 8.941 Thread 0x000001595b40dca0 nmethod 3300 0x000001593cffbd90 code [0x000001593cffbf80, 0x000001593cffc7e0]
Event: 8.941 Thread 0x000001595d247910 nmethod 3402 0x00000159353f5510 code [0x00000159353f5740, 0x00000159353f5e08]
Event: 8.941 Thread 0x00000159570fa8a0 nmethod 3401 0x00000159353f4210 code [0x00000159353f44c0, 0x00000159353f5110]
Event: 8.943 Thread 0x00000159570eff80 nmethod 3299 0x000001593cffb090 code [0x000001593cffb260, 0x000001593cffb9d0]
Event: 8.972 Thread 0x00000159570eff80 3404       4       com.sun.tools.javac.jvm.PoolReader::sizeof (32 bytes)
Event: 8.972 Thread 0x00000159570fa8a0 3411       3       jdk.internal.jimage.BasicImageReader::findLocation (57 bytes)
Event: 8.972 Thread 0x0000015957281c30 3408       4       com.sun.tools.javac.util.Name::lastIndexOf (42 bytes)
Event: 8.972 Thread 0x0000015957711970 3434       4       com.sun.tools.javac.util.SharedNameTable$NameImpl::getByteArray (11 bytes)
Event: 8.972 Thread 0x000001595bec7e60 3418   !   3       com.sun.tools.javac.jvm.ClassReader::classSigToType (482 bytes)
Event: 8.972 Thread 0x000001595b40dca0 3405       4       com.sun.tools.javac.util.ByteBuffer::getByte (13 bytes)
Event: 8.972 Thread 0x00000159571c54e0 3425       3       com.sun.tools.javac.jvm.ClassReader::readAttrs (92 bytes)
Event: 8.972 Thread 0x000001595d247910 3406       3       com.sun.tools.javac.jvm.ClassReader::skipMember (55 bytes)
Event: 8.972 Thread 0x000001595b336020 3421       3       com.sun.tools.javac.jvm.ClassReader::sigToType (881 bytes)
Event: 8.974 Thread 0x000001595d247910 nmethod 3406 0x00000159353f3c90 code [0x00000159353f3e60, 0x00000159353f40e0]
Event: 8.975 Thread 0x00000159570fa8a0 nmethod 3411 0x00000159353f2c10 code [0x00000159353f2e80, 0x00000159353f3910]

GC Heap History (20 events):
Event: 5.416 GC heap before
{Heap before GC invocations=30 (full 2):
 garbage-first heap   total 315392K, used 249267K [0x000000060c800000, 0x0000000800000000)
  region size 4096K, 15 young (61440K), 2 survivors (8192K)
 Metaspace       used 18017K, committed 18240K, reserved 1114112K
  class space    used 1674K, committed 1792K, reserved 1048576K
}
Event: 5.422 GC heap after
{Heap after GC invocations=31 (full 2):
 garbage-first heap   total 446464K, used 210411K [0x000000060c800000, 0x0000000800000000)
  region size 4096K, 2 young (8192K), 2 survivors (8192K)
 Metaspace       used 18017K, committed 18240K, reserved 1114112K
  class space    used 1674K, committed 1792K, reserved 1048576K
}
Event: 6.125 GC heap before
{Heap before GC invocations=31 (full 2):
 garbage-first heap   total 446464K, used 337387K [0x000000060c800000, 0x0000000800000000)
  region size 4096K, 30 young (122880K), 2 survivors (8192K)
 Metaspace       used 18051K, committed 18304K, reserved 1114112K
  class space    used 1674K, committed 1792K, reserved 1048576K
}
Event: 6.138 GC heap after
{Heap after GC invocations=32 (full 2):
 garbage-first heap   total 446464K, used 271677K [0x000000060c800000, 0x0000000800000000)
  region size 4096K, 4 young (16384K), 4 survivors (16384K)
 Metaspace       used 18051K, committed 18304K, reserved 1114112K
  class space    used 1674K, committed 1792K, reserved 1048576K
}
Event: 6.277 GC heap before
{Heap before GC invocations=32 (full 2):
 garbage-first heap   total 446464K, used 320829K [0x000000060c800000, 0x0000000800000000)
  region size 4096K, 17 young (69632K), 4 survivors (16384K)
 Metaspace       used 18092K, committed 18304K, reserved 1114112K
  class space    used 1674K, committed 1792K, reserved 1048576K
}
Event: 6.282 GC heap after
{Heap after GC invocations=33 (full 2):
 garbage-first heap   total 446464K, used 283466K [0x000000060c800000, 0x0000000800000000)
  region size 4096K, 3 young (12288K), 3 survivors (12288K)
 Metaspace       used 18092K, committed 18304K, reserved 1114112K
  class space    used 1674K, committed 1792K, reserved 1048576K
}
Event: 6.604 GC heap before
{Heap before GC invocations=34 (full 2):
 garbage-first heap   total 491520K, used 365386K [0x000000060c800000, 0x0000000800000000)
  region size 4096K, 22 young (90112K), 3 survivors (12288K)
 Metaspace       used 18095K, committed 18304K, reserved 1114112K
  class space    used 1674K, committed 1792K, reserved 1048576K
}
Event: 6.612 GC heap after
{Heap after GC invocations=35 (full 2):
 garbage-first heap   total 491520K, used 317031K [0x000000060c800000, 0x0000000800000000)
  region size 4096K, 3 young (12288K), 3 survivors (12288K)
 Metaspace       used 18095K, committed 18304K, reserved 1114112K
  class space    used 1674K, committed 1792K, reserved 1048576K
}
Event: 7.066 GC heap before
{Heap before GC invocations=35 (full 2):
 garbage-first heap   total 491520K, used 398951K [0x000000060c800000, 0x0000000800000000)
  region size 4096K, 23 young (94208K), 3 survivors (12288K)
 Metaspace       used 18102K, committed 18304K, reserved 1114112K
  class space    used 1674K, committed 1792K, reserved 1048576K
}
Event: 7.074 GC heap after
{Heap after GC invocations=36 (full 2):
 garbage-first heap   total 491520K, used 348767K [0x000000060c800000, 0x0000000800000000)
  region size 4096K, 3 young (12288K), 3 survivors (12288K)
 Metaspace       used 18102K, committed 18304K, reserved 1114112K
  class space    used 1674K, committed 1792K, reserved 1048576K
}
Event: 7.185 GC heap before
{Heap before GC invocations=36 (full 2):
 garbage-first heap   total 491520K, used 373343K [0x000000060c800000, 0x0000000800000000)
  region size 4096K, 10 young (40960K), 3 survivors (12288K)
 Metaspace       used 18103K, committed 18304K, reserved 1114112K
  class space    used 1674K, committed 1792K, reserved 1048576K
}
Event: 7.189 GC heap after
{Heap after GC invocations=37 (full 2):
 garbage-first heap   total 589824K, used 360847K [0x000000060c800000, 0x0000000800000000)
  region size 4096K, 3 young (12288K), 3 survivors (12288K)
 Metaspace       used 18103K, committed 18304K, reserved 1114112K
  class space    used 1674K, committed 1792K, reserved 1048576K
}
Event: 7.624 GC heap before
{Heap before GC invocations=37 (full 2):
 garbage-first heap   total 589824K, used 442767K [0x000000060c800000, 0x0000000800000000)
  region size 4096K, 23 young (94208K), 3 survivors (12288K)
 Metaspace       used 18104K, committed 18304K, reserved 1114112K
  class space    used 1674K, committed 1792K, reserved 1048576K
}
Event: 7.633 GC heap after
{Heap after GC invocations=38 (full 2):
 garbage-first heap   total 589824K, used 391376K [0x000000060c800000, 0x0000000800000000)
  region size 4096K, 4 young (16384K), 4 survivors (16384K)
 Metaspace       used 18104K, committed 18304K, reserved 1114112K
  class space    used 1674K, committed 1792K, reserved 1048576K
}
Event: 8.082 GC heap before
{Heap before GC invocations=39 (full 2):
 garbage-first heap   total 663552K, used 485584K [0x000000060c800000, 0x0000000800000000)
  region size 4096K, 26 young (106496K), 4 survivors (16384K)
 Metaspace       used 18104K, committed 18304K, reserved 1114112K
  class space    used 1674K, committed 1792K, reserved 1048576K
}
Event: 8.090 GC heap after
{Heap after GC invocations=40 (full 2):
 garbage-first heap   total 663552K, used 434995K [0x000000060c800000, 0x0000000800000000)
  region size 4096K, 4 young (16384K), 4 survivors (16384K)
 Metaspace       used 18104K, committed 18304K, reserved 1114112K
  class space    used 1674K, committed 1792K, reserved 1048576K
}
Event: 8.415 GC heap before
{Heap before GC invocations=40 (full 2):
 garbage-first heap   total 663552K, used 537395K [0x000000060c800000, 0x0000000800000000)
  region size 4096K, 28 young (114688K), 4 survivors (16384K)
 Metaspace       used 18104K, committed 18304K, reserved 1114112K
  class space    used 1674K, committed 1792K, reserved 1048576K
}
Event: 8.422 GC heap after
{Heap after GC invocations=41 (full 2):
 garbage-first heap   total 663552K, used 462293K [0x000000060c800000, 0x0000000800000000)
  region size 4096K, 4 young (16384K), 4 survivors (16384K)
 Metaspace       used 18104K, committed 18304K, reserved 1114112K
  class space    used 1674K, committed 1792K, reserved 1048576K
}
Event: 8.889 GC heap before
{Heap before GC invocations=41 (full 2):
 garbage-first heap   total 663552K, used 552405K [0x000000060c800000, 0x0000000800000000)
  region size 4096K, 27 young (110592K), 4 survivors (16384K)
 Metaspace       used 18419K, committed 18624K, reserved 1114112K
  class space    used 1706K, committed 1792K, reserved 1048576K
}
Event: 8.899 GC heap after
{Heap after GC invocations=42 (full 2):
 garbage-first heap   total 663552K, used 501222K [0x000000060c800000, 0x0000000800000000)
  region size 4096K, 4 young (16384K), 4 survivors (16384K)
 Metaspace       used 18419K, committed 18624K, reserved 1114112K
  class space    used 1706K, committed 1792K, reserved 1048576K
}

Dll operation events (7 events):
Event: 0.012 Loaded shared library C:\Users\Power User\AppData\Roaming\PrismLauncher\java\java-runtime-delta\bin\java.dll
Event: 0.018 Loaded shared library C:\Users\Power User\AppData\Roaming\PrismLauncher\java\java-runtime-delta\bin\zip.dll
Event: 0.062 Loaded shared library C:\Users\Power User\AppData\Roaming\PrismLauncher\java\java-runtime-delta\bin\jsvml.dll
Event: 0.132 Loaded shared library C:\Users\Power User\AppData\Roaming\PrismLauncher\java\java-runtime-delta\bin\jimage.dll
Event: 0.137 Loaded shared library C:\Users\Power User\AppData\Roaming\PrismLauncher\java\java-runtime-delta\bin\zip.dll
Event: 0.213 Loaded shared library C:\Users\Power User\AppData\Roaming\PrismLauncher\java\java-runtime-delta\bin\net.dll
Event: 0.216 Loaded shared library C:\Users\Power User\AppData\Roaming\PrismLauncher\java\java-runtime-delta\bin\nio.dll

Deoptimization events (20 events):
Event: 8.918 Thread 0x000001592f1e7380 Uncommon trap: trap_request=0x00000023 fr.pc=0x000001593d0fb8ac relative=0x000000000000028c
Event: 8.918 Thread 0x000001592f1e7380 Uncommon trap: reason=unloaded action=reinterpret pc=0x000001593d0fb8ac method=java.nio.file.FileTreeWalker.<init>(Ljava/util/Collection;I)V @ 47 c2
Event: 8.919 Thread 0x000001592f1e7380 DEOPT PACKING pc=0x000001593d0fb8ac sp=0x000000181d7fe290
Event: 8.919 Thread 0x000001592f1e7380 DEOPT UNPACKING pc=0x000001593c717da2 sp=0x000000181d7fe208 mode 2
Event: 8.919 Thread 0x000001592f1e7380 Uncommon trap: trap_request=0xffffff45 fr.pc=0x000001593d0604e8 relative=0x0000000000000568
Event: 8.919 Thread 0x000001592f1e7380 Uncommon trap: reason=unstable_if action=reinterpret pc=0x000001593d0604e8 method=java.nio.file.FileTreeWalker.visit(Ljava/nio/file/Path;ZZ)Ljava/nio/file/FileTreeWalker$Event; @ 84 c2
Event: 8.919 Thread 0x000001592f1e7380 DEOPT PACKING pc=0x000001593d0604e8 sp=0x000000181d7fe1c0
Event: 8.919 Thread 0x000001592f1e7380 DEOPT UNPACKING pc=0x000001593c717da2 sp=0x000000181d7fe180 mode 2
Event: 8.919 Thread 0x000001592f1e7380 Uncommon trap: trap_request=0xffffff45 fr.pc=0x000001593d0e8c70 relative=0x0000000000001eb0
Event: 8.919 Thread 0x000001592f1e7380 Uncommon trap: reason=unstable_if action=reinterpret pc=0x000001593d0e8c70 method=java.nio.file.FileTreeWalker.visit(Ljava/nio/file/Path;ZZ)Ljava/nio/file/FileTreeWalker$Event; @ 53 c2
Event: 8.919 Thread 0x000001592f1e7380 DEOPT PACKING pc=0x000001593d0e8c70 sp=0x000000181d7fe220
Event: 8.919 Thread 0x000001592f1e7380 DEOPT UNPACKING pc=0x000001593c717da2 sp=0x000000181d7fe160 mode 2
Event: 8.932 Thread 0x000001592f1e7380 Uncommon trap: trap_request=0xffffff45 fr.pc=0x000001593cfdf390 relative=0x00000000000000f0
Event: 8.932 Thread 0x000001592f1e7380 Uncommon trap: reason=unstable_if action=reinterpret pc=0x000001593cfdf390 method=java.util.concurrent.TimeUnit.toMillis(J)J @ 18 c2
Event: 8.932 Thread 0x000001592f1e7380 DEOPT PACKING pc=0x000001593cfdf390 sp=0x000000181d7fe430
Event: 8.932 Thread 0x000001592f1e7380 DEOPT UNPACKING pc=0x000001593c717da2 sp=0x000000181d7fe398 mode 2
Event: 8.951 Thread 0x000001592f1e7380 Uncommon trap: trap_request=0xffffff45 fr.pc=0x000001593cfb450c relative=0x000000000000006c
Event: 8.951 Thread 0x000001592f1e7380 Uncommon trap: reason=unstable_if action=reinterpret pc=0x000001593cfb450c method=com.sun.tools.javac.jvm.PoolReader.sizeof(I)I @ 1 c2
Event: 8.951 Thread 0x000001592f1e7380 DEOPT PACKING pc=0x000001593cfb450c sp=0x000000181d7fe130
Event: 8.951 Thread 0x000001592f1e7380 DEOPT UNPACKING pc=0x000001593c717da2 sp=0x000000181d7fe0c0 mode 2

Classes loaded (20 events):
Event: 8.877 Loading class java/util/stream/Nodes$EmptyNode$OfInt
Event: 8.878 Loading class java/util/stream/Node$OfInt
Event: 8.878 Loading class java/util/stream/Node$OfPrimitive
Event: 8.878 Loading class java/util/stream/Node$OfPrimitive done
Event: 8.878 Loading class java/util/stream/Node$OfInt done
Event: 8.878 Loading class java/util/stream/Nodes$EmptyNode$OfInt done
Event: 8.878 Loading class java/util/stream/Nodes$EmptyNode$OfLong
Event: 8.878 Loading class java/util/stream/Node$OfLong
Event: 8.878 Loading class java/util/stream/Node$OfLong done
Event: 8.878 Loading class java/util/stream/Nodes$EmptyNode$OfLong done
Event: 8.878 Loading class java/util/stream/Nodes$EmptyNode$OfDouble
Event: 8.878 Loading class java/util/stream/Node$OfDouble
Event: 8.878 Loading class java/util/stream/Node$OfDouble done
Event: 8.878 Loading class java/util/stream/Nodes$EmptyNode$OfDouble done
Event: 8.878 Loading class java/util/stream/Nodes$SpinedNodeBuilder
Event: 8.879 Loading class java/util/stream/Node$Builder
Event: 8.879 Loading class java/util/stream/Node$Builder done
Event: 8.879 Loading class java/util/stream/Nodes$SpinedNodeBuilder done
Event: 8.918 Loading class java/nio/file/FileTreeWalker$1
Event: 8.919 Loading class java/nio/file/FileTreeWalker$1 done

Classes unloaded (0 events):
No events

Classes redefined (0 events):
No events

Internal exceptions (20 events):
Event: 7.215 Thread 0x000001592f1e7380 Exception <a 'sun/nio/fs/WindowsException'{0x000000062f0cb050}> (0x000000062f0cb050) 
thrown [s\src\hotspot\share\prims\jni.cpp, line 520]
Event: 7.216 Thread 0x000001592f1e7380 Exception <a 'sun/nio/fs/WindowsException'{0x000000062f0cd190}> (0x000000062f0cd190) 
thrown [s\src\hotspot\share\prims\jni.cpp, line 520]
Event: 7.216 Thread 0x000001592f1e7380 Exception <a 'sun/nio/fs/WindowsException'{0x000000062f0cdb68}> (0x000000062f0cdb68) 
thrown [s\src\hotspot\share\prims\jni.cpp, line 520]
Event: 7.218 Thread 0x000001592f1e7380 Exception <a 'sun/nio/fs/WindowsException'{0x000000062f0cfc88}> (0x000000062f0cfc88) 
thrown [s\src\hotspot\share\prims\jni.cpp, line 520]
Event: 7.218 Thread 0x000001592f1e7380 Exception <a 'sun/nio/fs/WindowsException'{0x000000062f0d0648}> (0x000000062f0d0648) 
thrown [s\src\hotspot\share\prims\jni.cpp, line 520]
Event: 7.219 Thread 0x000001592f1e7380 Exception <a 'sun/nio/fs/WindowsException'{0x000000062f0d27a8}> (0x000000062f0d27a8) 
thrown [s\src\hotspot\share\prims\jni.cpp, line 520]
Event: 7.219 Thread 0x000001592f1e7380 Exception <a 'sun/nio/fs/WindowsException'{0x000000062f0d3180}> (0x000000062f0d3180) 
thrown [s\src\hotspot\share\prims\jni.cpp, line 520]
Event: 7.220 Thread 0x000001592f1e7380 Exception <a 'sun/nio/fs/WindowsException'{0x000000062f0d52a0}> (0x000000062f0d52a0) 
thrown [s\src\hotspot\share\prims\jni.cpp, line 520]
Event: 7.220 Thread 0x000001592f1e7380 Exception <a 'sun/nio/fs/WindowsException'{0x000000062f0d5c60}> (0x000000062f0d5c60) 
thrown [s\src\hotspot\share\prims\jni.cpp, line 520]
Event: 7.221 Thread 0x000001592f1e7380 Exception <a 'sun/nio/fs/WindowsException'{0x000000062f0d7db8}> (0x000000062f0d7db8) 
thrown [s\src\hotspot\share\prims\jni.cpp, line 520]
Event: 7.222 Thread 0x000001592f1e7380 Exception <a 'sun/nio/fs/WindowsException'{0x000000062f0d87a0}> (0x000000062f0d87a0) 
thrown [s\src\hotspot\share\prims\jni.cpp, line 520]
Event: 7.222 Thread 0x000001592f1e7380 Exception <a 'sun/nio/fs/WindowsException'{0x000000062f0da898}> (0x000000062f0da898) 
thrown [s\src\hotspot\share\prims\jni.cpp, line 520]
Event: 7.222 Thread 0x000001592f1e7380 Exception <a 'sun/nio/fs/WindowsException'{0x000000062f0db250}> (0x000000062f0db250) 
thrown [s\src\hotspot\share\prims\jni.cpp, line 520]
Event: 7.228 Thread 0x000001592f1e7380 Exception <a 'sun/nio/fs/WindowsException'{0x000000062f14a740}> (0x000000062f14a740) 
thrown [s\src\hotspot\share\prims\jni.cpp, line 520]
Event: 7.228 Thread 0x000001592f1e7380 Exception <a 'sun/nio/fs/WindowsException'{0x000000062f14b178}> (0x000000062f14b178) 
thrown [s\src\hotspot\share\prims\jni.cpp, line 520]
Event: 7.235 Thread 0x000001592f1e7380 Exception <a 'sun/nio/fs/WindowsException'{0x000000062f213df8}> (0x000000062f213df8) 
thrown [s\src\hotspot\share\prims\jni.cpp, line 520]
Event: 7.235 Thread 0x000001592f1e7380 Exception <a 'sun/nio/fs/WindowsException'{0x000000062f214828}> (0x000000062f214828) 
thrown [s\src\hotspot\share\prims\jni.cpp, line 520]
Event: 8.817 Thread 0x000001592f1e7380 Exception <a 'java/lang/NoSuchMethodError'{0x000000062f37caa8}: 'void java.lang.invoke.DirectMethodHandle$Holder.invokeStatic(java.lang.Object, java.lang.Object)'> (0x000000062f37caa8) 
thrown [s\src\hotspot\share\interpreter\linkResolver.cpp, line 773]
Event: 8.916 Thread 0x000001592f1e7380 Exception <a 'java/lang/NoSuchMethodError'{0x00000007ffef51f0}: 'int java.lang.invoke.DirectMethodHandle$Holder.invokeSpecial(java.lang.Object, java.lang.Object, java.lang.Object)'> (0x00000007ffef51f0) 
thrown [s\src\hotspot\share\interpreter\linkResolver.cpp, line 773]
Event: 8.923 Thread 0x000001592f1e7380 Exception <a 'java/lang/NoSuchMethodError'{0x00000007fff0d400}: 'java.lang.Object java.lang.invoke.DirectMethodHandle$Holder.invokeVirtual(java.lang.Object, java.lang.Object, java.lang.Object, int, int)'> (0x00000007fff0d400) 
thrown [s\src\hotspot\share\interpreter\linkResolver.cpp, line 773]

ZGC Phase Switch (0 events):
No events

VM Operations (20 events):
Event: 6.314 Executing VM operation: G1PauseCleanup done
Event: 6.604 Executing VM operation: G1CollectForAllocation (G1 Evacuation Pause)
Event: 6.612 Executing VM operation: G1CollectForAllocation (G1 Evacuation Pause) done
Event: 7.066 Executing VM operation: G1CollectForAllocation (G1 Evacuation Pause)
Event: 7.074 Executing VM operation: G1CollectForAllocation (G1 Evacuation Pause) done
Event: 7.185 Executing VM operation: G1TryInitiateConcMark (G1 Humongous Allocation)
Event: 7.189 Executing VM operation: G1TryInitiateConcMark (G1 Humongous Allocation) done
Event: 7.624 Executing VM operation: G1TryInitiateConcMark (G1 Humongous Allocation)
Event: 7.633 Executing VM operation: G1TryInitiateConcMark (G1 Humongous Allocation) done
Event: 7.669 Executing VM operation: G1PauseRemark
Event: 7.672 Executing VM operation: G1PauseRemark done
Event: 7.685 Executing VM operation: G1PauseCleanup
Event: 7.685 Executing VM operation: G1PauseCleanup done
Event: 8.082 Executing VM operation: G1CollectForAllocation (G1 Evacuation Pause)
Event: 8.090 Executing VM operation: G1CollectForAllocation (G1 Evacuation Pause) done
Event: 8.415 Executing VM operation: G1CollectForAllocation (G1 Evacuation Pause)
Event: 8.422 Executing VM operation: G1CollectForAllocation (G1 Evacuation Pause) done
Event: 8.889 Executing VM operation: G1CollectForAllocation (G1 Evacuation Pause)
Event: 8.899 Executing VM operation: G1CollectForAllocation (G1 Evacuation Pause) done
Event: 8.975 Executing VM operation: G1PauseRemark

Memory protections (0 events):
No events

Nmethod flushes (20 events):
Event: 7.671 Thread 0x00000159570167b0 flushing  nmethod 0x0000015935802110
Event: 7.671 Thread 0x00000159570167b0 flushing  nmethod 0x000001593d05d290
Event: 7.671 Thread 0x00000159570167b0 flushing  nmethod 0x000001593d063b90
Event: 7.671 Thread 0x00000159570167b0 flushing  nmethod 0x000001593d06dd90
Event: 7.671 Thread 0x00000159570167b0 flushing  nmethod 0x000001593534fe10
Event: 7.671 Thread 0x00000159570167b0 flushing  nmethod 0x0000015935355710
Event: 7.671 Thread 0x00000159570167b0 flushing  nmethod 0x0000015935435e10
Event: 7.671 Thread 0x00000159570167b0 flushing  nmethod 0x00000159357d2210
Event: 7.671 Thread 0x00000159570167b0 flushing  nmethod 0x00000159357d2710
Event: 7.671 Thread 0x00000159570167b0 flushing  nmethod 0x00000159357d4f90
Event: 7.671 Thread 0x00000159570167b0 flushing  nmethod 0x00000159357d7d90
Event: 7.671 Thread 0x00000159570167b0 flushing  nmethod 0x00000159357d9410
Event: 7.671 Thread 0x00000159570167b0 flushing  nmethod 0x00000159357d9810
Event: 7.671 Thread 0x00000159570167b0 flushing  nmethod 0x00000159357da010
Event: 7.671 Thread 0x00000159570167b0 flushing  nmethod 0x0000015935837910
Event: 7.671 Thread 0x00000159570167b0 flushing  nmethod 0x0000015935839210
Event: 7.671 Thread 0x00000159570167b0 flushing  nmethod 0x000001593583ad90
Event: 7.671 Thread 0x00000159570167b0 flushing  nmethod 0x00000159354e8d10
Event: 8.977 Thread 0x00000159570167b0 flushing  nmethod 0x00000159353d8c10
Event: 8.977 Thread 0x00000159570167b0 flushing  nmethod 0x0000015935366390

Events (20 events):
Event: 3.963 Thread 0x0000015957d8e6d0 Thread added: 0x000001595a6ed5c0
Event: 3.963 Thread 0x0000015957d8e6d0 Thread added: 0x000001595aba8070
Event: 5.002 Thread 0x000001595aba8070 Thread exited: 0x000001595aba8070
Event: 5.009 Thread 0x000001595a6ed5c0 Thread exited: 0x000001595a6ed5c0
Event: 5.292 Thread 0x000001595a6ecf20 Thread exited: 0x000001595a6ecf20
Event: 5.305 Thread 0x000001595ae47e40 Thread exited: 0x000001595ae47e40
Event: 5.350 Thread 0x0000015959656f50 Thread exited: 0x0000015959656f50
Event: 5.350 Thread 0x0000015959590560 Thread exited: 0x0000015959590560
Event: 5.351 Thread 0x000001595958f2b0 Thread exited: 0x000001595958f2b0
Event: 5.357 Thread 0x000001595958dff0 Thread exited: 0x000001595958dff0
Event: 5.357 Thread 0x00000159581ac570 Thread exited: 0x00000159581ac570
Event: 7.851 Thread 0x0000015957d8ed70 Thread exited: 0x0000015957d8ed70
Event: 7.851 Thread 0x0000015957d8e6d0 Thread exited: 0x0000015957d8e6d0
Event: 8.775 Thread 0x0000015957281c30 Thread exited: 0x0000015957281c30
Event: 8.782 Thread 0x00000159570eff80 Thread added: 0x0000015957281c30
Event: 8.782 Thread 0x00000159570eff80 Thread added: 0x000001595b40dca0
Event: 8.862 Thread 0x00000159571c54e0 Thread added: 0x000001595d247910
Event: 8.865 Thread 0x00000159570fa8a0 Thread added: 0x000001595b336020
Event: 8.883 Thread 0x000001595b336020 Thread added: 0x000001595bec7e60
Event: 8.904 Thread 0x000001595bec7e60 Thread added: 0x0000015957711970


Dynamic libraries:
0x00007ff75a3a0000 - 0x00007ff75a3a8000 	C:\Users\Power User\AppData\Roaming\PrismLauncher\java\java-runtime-delta\bin\javac.exe
0x00007ffd89320000 - 0x00007ffd89586000 	C:\WINDOWS\SYSTEM32\ntdll.dll
0x00007ffd87760000 - 0x00007ffd87829000 	C:\WINDOWS\System32\KERNEL32.DLL
0x00007ffd86b40000 - 0x00007ffd86f3a000 	C:\WINDOWS\System32\KERNELBASE.dll
0x00007ffd86f40000 - 0x00007ffd8708c000 	C:\WINDOWS\System32\ucrtbase.dll
0x00007ffd80ee0000 - 0x00007ffd80ef8000 	C:\Users\Power User\AppData\Roaming\PrismLauncher\java\java-runtime-delta\bin\jli.dll
0x00007ffd7f020000 - 0x00007ffd7f03d000 	C:\Users\Power User\AppData\Roaming\PrismLauncher\java\java-runtime-delta\bin\VCRUNTIME140.dll
0x00007ffd890b0000 - 0x00007ffd89277000 	C:\WINDOWS\System32\USER32.dll
0x00007ffd869d0000 - 0x00007ffd869f7000 	C:\WINDOWS\System32\win32u.dll
0x00007ffd87100000 - 0x00007ffd8712b000 	C:\WINDOWS\System32\GDI32.dll
0x00007ffd86670000 - 0x00007ffd8679b000 	C:\WINDOWS\System32\gdi32full.dll
0x00007ffd6bfa0000 - 0x00007ffd6c232000 	C:\WINDOWS\WinSxS\amd64_microsoft.windows.common-controls_6595b64144ccf1df_6.0.26100.8521_none_3e08b75ce33403b3\COMCTL32.dll
0x00007ffd867a0000 - 0x00007ffd86843000 	C:\WINDOWS\System32\msvcp_win.dll
0x00007ffd879a0000 - 0x00007ffd87a49000 	C:\WINDOWS\System32\msvcrt.dll
0x00007ffd89070000 - 0x00007ffd890a2000 	C:\WINDOWS\System32\IMM32.DLL
0x00007ffd80ed0000 - 0x00007ffd80edc000 	C:\Users\Power User\AppData\Roaming\PrismLauncher\java\java-runtime-delta\bin\vcruntime140_1.dll
0x00007ffd6a190000 - 0x00007ffd6a21d000 	C:\Users\Power User\AppData\Roaming\PrismLauncher\java\java-runtime-delta\bin\msvcp140.dll
0x00007ffcb3cb0000 - 0x00007ffcb4a48000 	C:\Users\Power User\AppData\Roaming\PrismLauncher\java\java-runtime-delta\bin\server\jvm.dll
0x00007ffd88710000 - 0x00007ffd887c6000 	C:\WINDOWS\System32\ADVAPI32.dll
0x00007ffd88890000 - 0x00007ffd8893a000 	C:\WINDOWS\System32\sechost.dll
0x00007ffd87350000 - 0x00007ffd87468000 	C:\WINDOWS\System32\RPCRT4.dll
0x00007ffd87130000 - 0x00007ffd871b0000 	C:\WINDOWS\System32\WS2_32.dll
0x00007ffd86410000 - 0x00007ffd8646e000 	C:\WINDOWS\SYSTEM32\POWRPROF.dll
0x00007ffd7f2e0000 - 0x00007ffd7f2eb000 	C:\WINDOWS\SYSTEM32\VERSION.dll
0x00007ffd78400000 - 0x00007ffd78436000 	C:\WINDOWS\SYSTEM32\WINMM.dll
0x00007ffd863f0000 - 0x00007ffd86404000 	C:\WINDOWS\SYSTEM32\UMPDC.dll
0x00007ffd85300000 - 0x00007ffd8531b000 	C:\WINDOWS\SYSTEM32\kernel.appcore.dll
0x00007ffd782f0000 - 0x00007ffd782fa000 	C:\Users\Power User\AppData\Roaming\PrismLauncher\java\java-runtime-delta\bin\jimage.dll
0x00007ffd83ca0000 - 0x00007ffd83ee2000 	C:\WINDOWS\SYSTEM32\DBGHELP.DLL
0x00007ffd87a50000 - 0x00007ffd87dd3000 	C:\WINDOWS\System32\combase.dll
0x00007ffd88f90000 - 0x00007ffd89069000 	C:\WINDOWS\System32\OLEAUT32.dll
0x00007ffd5aa70000 - 0x00007ffd5aaab000 	C:\WINDOWS\SYSTEM32\dbgcore.DLL
0x00007ffd86a00000 - 0x00007ffd86aa8000 	C:\WINDOWS\System32\bcryptPrimitives.dll
0x00007ffd782d0000 - 0x00007ffd782f0000 	C:\Users\Power User\AppData\Roaming\PrismLauncher\java\java-runtime-delta\bin\java.dll
0x00007ffd72d80000 - 0x00007ffd72d98000 	C:\Users\Power User\AppData\Roaming\PrismLauncher\java\java-runtime-delta\bin\zip.dll
0x00007ffd87de0000 - 0x00007ffd88564000 	C:\WINDOWS\System32\SHELL32.dll
0x00007ffd84130000 - 0x00007ffd849b0000 	C:\WINDOWS\SYSTEM32\windows.storage.dll
0x00007ffd88a00000 - 0x00007ffd88af6000 	C:\WINDOWS\System32\SHCORE.dll
0x00007ffd87470000 - 0x00007ffd874d7000 	C:\WINDOWS\System32\shlwapi.dll
0x00007ffd864d0000 - 0x00007ffd864f9000 	C:\WINDOWS\SYSTEM32\profapi.dll
0x00007ffd53e10000 - 0x00007ffd53ee6000 	C:\Users\Power User\AppData\Roaming\PrismLauncher\java\java-runtime-delta\bin\jsvml.dll
0x00007ffd782c0000 - 0x00007ffd782d0000 	C:\Users\Power User\AppData\Roaming\PrismLauncher\java\java-runtime-delta\bin\net.dll
0x00007ffd7f940000 - 0x00007ffd7fa69000 	C:\WINDOWS\SYSTEM32\WINHTTP.dll
0x00007ffd85850000 - 0x00007ffd858bc000 	C:\WINDOWS\system32\mswsock.dll
0x00007ffd726a0000 - 0x00007ffd726b6000 	C:\Users\Power User\AppData\Roaming\PrismLauncher\java\java-runtime-delta\bin\nio.dll

dbghelp: loaded successfully - version: 4.0.5 - missing functions: none
symbol engine: initialized successfully - sym options: 0x614 - pdb path: .;C:\Users\Power User\AppData\Roaming\PrismLauncher\java\java-runtime-delta\bin;C:\WINDOWS\SYSTEM32;C:\WINDOWS\WinSxS\amd64_microsoft.windows.common-controls_6595b64144ccf1df_6.0.26100.8521_none_3e08b75ce33403b3;C:\Users\Power User\AppData\Roaming\PrismLauncher\java\java-runtime-delta\bin\server

VM Arguments:
jvm_args: -Dapplication.home=C:\Users\Power User\AppData\Roaming\PrismLauncher\java\java-runtime-delta --add-modules=ALL-DEFAULT -Xms8m -Djdk.module.main=jdk.compiler 
java_command: jdk.compiler/com.sun.tools.javac.Main @C:\baritone-minefix\build\javac_args.txt
java_class_path (initial): <not set>
Launcher Type: SUN_STANDARD

[Global flags]
     intx CICompilerCount                          = 15                                        {product} {ergonomic}
     uint ConcGCThreads                            = 6                                         {product} {ergonomic}
     uint G1ConcRefinementThreads                  = 23                                        {product} {ergonomic}
   size_t G1HeapRegionSize                         = 4194304                                   {product} {ergonomic}
    uintx GCDrainStackTargetSize                   = 64                                        {product} {ergonomic}
   size_t InitialHeapSize                          = 8388608                                   {product} {command line}
   size_t MarkStackSize                            = 4194304                                   {product} {ergonomic}
   size_t MaxHeapSize                              = 8380219392                                {product} {ergonomic}
   size_t MaxNewSize                               = 5024776192                                {product} {ergonomic}
   size_t MinHeapDeltaBytes                        = 4194304                                   {product} {ergonomic}
   size_t MinHeapSize                              = 8388608                                   {product} {command line}
    uintx NonNMethodCodeHeapSize                   = 8192380                                {pd product} {ergonomic}
    uintx NonProfiledCodeHeapSize                  = 121732930                              {pd product} {ergonomic}
    uintx ProfiledCodeHeapSize                     = 121732930                              {pd product} {ergonomic}
    uintx ReservedCodeCacheSize                    = 251658240                              {pd product} {ergonomic}
     bool SegmentedCodeCache                       = true                                      {product} {ergonomic}
   size_t SoftMaxHeapSize                          = 8380219392                             {manageable} {ergonomic}
     bool UseCompressedOops                        = true                           {product lp64_product} {ergonomic}
     bool UseG1GC                                  = true                                      {product} {ergonomic}
     bool UseLargePagesIndividualAllocation        = false                                  {pd product} {ergonomic}

Logging:
Log output configuration:
 #0: stdout all=warning uptime,level,tags foldmultilines=false
 #1: stderr all=off uptime,level,tags foldmultilines=false

Environment Variables:
PATH=C:\Users\Power User\AppData\Local\Programs\Microsoft VS Code;C:\Program Files\Tesseract-OCR;C:\Program Files\Common Files\Oracle\Java\javapath;C:\Program Files\Java\jdk-18.0.2.1;C:\Program Files\Java\jdk-18.0.2.1\bin;C:\Program Files\OpenSSL-Win64\bin;C:\tools\PSTools\PsExec;C:\msys64\ucrt64\bin;C:\tools\neovim\nvim-win64\bin;C:\Program Files (x86)\Common Files\Oracle\Java\javapath;C:\Windows\system32;C:\Windows;C:\Windows\System32\Wbem;C:\Windows\System32\WindowsPowerShell\v1.0\;C:\Windows\System32\OpenSSH\;C:\Program Files (x86)\NVIDIA Corporation\PhysX\Common;C:\Program Files\Git\cmd;C:\Program Files\Go\bin;C:\Program Files\dotnet\;C:\Program Files\GitHub CLI\;C:\Program Files\PuTTY\;C:\ProgramData\chocolatey\bin;C:\Program Files (x86)\dotnet\;c:\Users\Power User\AppData\Local\Programs\cursor\resources\app\bin;C:\WINDOWS\system32;C:\WINDOWS;C:\WINDOWS\System32\Wbem;C:\WINDOWS\System32\WindowsPowerShell\v1.0\;C:\WINDOWS\System32\OpenSSH\;C:\Program Files\NVIDIA Corporation\NVIDIA App\NvDLISR;C:\ProgramData\chocolatey\lib\maven\apache-maven-3.9.10\bin;C:\Pro;C:\Users\Power User\AppData\Local\Programs\Python\Python312\Scripts\;C:\Users\Power User\AppData\Local\Programs\Python\Python312\;C:\Users\Power User\AppData\Local\Programs\Python\Python39\Scripts\;C:\Users\Power User\AppData\Local\Programs\Python\Python39\;C:\Users\Power User\AppData\Local\Microsoft\WindowsApps;C:\Program Files\JetBrains\PyCharm Community Edition 2023.1\bin;;C:\Program Files\JetBrains\IntelliJ IDEA Community Edition 2023.1.4\bin;;C:\Users\Power User\AppData\Local\GitHubDesktop\bin;C:\ProgramData\Power User\GitHubDesktop\bin;C:\Users\Power User\go\bin;C:\Users\Power User\.pyenv\pyenv-win\bin;C:\Users\Power User\.pyenv\pyenv-win\shims;C:\Users\Power User\AppData\Local\Google\Cloud SDK\google-cloud-sdk\bin;C:\Users\Power User\.dotnet\tools;C:\tools\neovim\nvim-win64\bin;C:\Users\Power User\AppData\Local\Programs\Microsoft VS Code\bin;C:\Users\Power User\.bun\bin;C:\Users\Power User\AppData\Local\nvm;C:\nvm4w\nodejs;C:\Users\Power User\AppData\Roaming\npm;C:\Users\Power User\AppData\Local\Programs\Windsurf\bin;C:\Users\Power User\AppData\Local\PowerToys\DSCModules\;C:\Users\Power User\AppData\Local\Programs\cursor\resources\app\bin;C:\Gradle\gradle-8.8\bin
USERNAME=Power User
OS=Windows_NT
PROCESSOR_IDENTIFIER=AMD64 Family 25 Model 97 Stepping 2, AuthenticAMD
TMP=C:\Users\POWERU~1\AppData\Local\Temp
TEMP=C:\Users\POWERU~1\AppData\Local\Temp




Periodic native trim disabled

---------------  S Y S T E M  ---------------

OS:
 Windows 11 , 64 bit Build 26100 (10.0.26100.8521)
OS uptime: 0 days 11:30 hours
Hyper-V role detected

CPU: total 32 (initial active 32) (32 cores per cpu, 2 threads per core) family 25 model 97 stepping 2 microcode 0xa601206, cx8, cmov, fxsr, ht, mmx, 3dnowpref, sse, sse2, sse3, ssse3, sse4a, sse4.1, sse4.2, popcnt, lzcnt, tsc, tscinvbit, avx, avx2, aes, erms, clmul, bmi1, bmi2, adx, avx512f, avx512dq, avx512cd, avx512bw, avx512vl, sha, fma, vzeroupper, avx512_vpopcntdq, avx512_vpclmulqdq, avx512_vaes, avx512_vnni, clflush, clflushopt, avx512_vbmi2, avx512_vbmi, hv, rdtscp, rdpid, fsrm, gfni, avx512_bitalg, f16c, cet_ss, avx512_ifma
Processor Information for the first 32 processors :
  Max Mhz: 2501, Current Mhz: 2501, Mhz Limit: 2501

Memory: 4k page, system-wide physical 31962M (2371M free)
TotalPageFile size 54526M (AvailPageFile size 49M)
current process WorkingSet (physical memory assigned to process): 770M, peak: 770M
current process commit charge ("private bytes"): 876M, peak: 1048M

vm_info: OpenJDK 64-Bit Server VM (21.0.7+6-LTS) for windows-amd64 JRE (21.0.7+6-LTS), built on 2025-04-09T22:17:25Z by "MicrosoftCorporation" with unknown MS VC++:1939

END.
